[ 2015-03-24T09:01:09+08:00 ] 192.168.51.228 /Home/Cart/addToCart
INFO: [ app_begin ] --START--
INFO: Run Behavior\ReadHtmlCacheBehavior [ RunTime:0.000000s ]
INFO: [ app_begin ] --END-- [ RunTime:0.000000s ]
SQL: DESCRIBE fm_navigation [ RunTime:0.000000s ]
SQL: SELECT * FROM `fm_navigation` WHERE ( nav_type=1 ) ORDER BY nav_rank ASC,nav_id ASC  [ RunTime:0.000000s ]

[ 2015-03-24T10:18:10+08:00 ] 192.168.51.228 /Home/Cart/ajaxUpdateGoods
INFO: [ app_begin ] --START--
INFO: Run Behavior\ReadHtmlCacheBehavior [ RunTime:0.000000s ]
INFO: [ app_begin ] --END-- [ RunTime:0.000000s ]
SQL: DESCRIBE fm_navigation [ RunTime:0.000000s ]
SQL: SELECT * FROM `fm_navigation` WHERE ( nav_type=1 ) ORDER BY nav_rank ASC,nav_id ASC  [ RunTime:0.000000s ]
ERR: 参数错误或者未定义:size

[ 2015-03-24T10:19:39+08:00 ] 192.168.51.228 /Home/Cart/ajaxUpdateGoods.html
INFO: [ app_begin ] --START--
INFO: Run Behavior\ReadHtmlCacheBehavior [ RunTime:0.000000s ]
INFO: [ app_begin ] --END-- [ RunTime:0.000000s ]
SQL: DESCRIBE fm_navigation [ RunTime:0.015600s ]
SQL: SELECT * FROM `fm_navigation` WHERE ( nav_type=1 ) ORDER BY nav_rank ASC,nav_id ASC  [ RunTime:0.000000s ]
ERR: 参数错误或者未定义:size

[ 2015-03-24T10:30:20+08:00 ] 192.168.51.228 /Home/Cart/ajaxUpdateGoods
INFO: [ app_begin ] --START--
INFO: Run Behavior\ReadHtmlCacheBehavior [ RunTime:0.000000s ]
INFO: [ app_begin ] --END-- [ RunTime:0.000000s ]
SQL: DESCRIBE fm_navigation [ RunTime:0.000000s ]
SQL: SELECT * FROM `fm_navigation` WHERE ( nav_type=1 ) ORDER BY nav_rank ASC,nav_id ASC  [ RunTime:0.000000s ]
ERR: 参数错误或者未定义:size

[ 2015-03-24T10:30:51+08:00 ] 192.168.51.228 /Home/Cart/ajaxUpdateGoods
ERR: 参数错误或者未定义:gid

[ 2015-03-24T10:37:08+08:00 ] 192.168.51.228 /Home/Cart/ajaxDelGoods
INFO: [ app_begin ] --START--
INFO: Run Behavior\ReadHtmlCacheBehavior [ RunTime:0.000000s ]
INFO: [ app_begin ] --END-- [ RunTime:0.000000s ]
SQL: DESCRIBE fm_navigation [ RunTime:0.015600s ]
SQL: SELECT * FROM `fm_navigation` WHERE ( nav_type=1 ) ORDER BY nav_rank ASC,nav_id ASC  [ RunTime:0.000000s ]
SQL: DESCRIBE fm_cart [ RunTime:0.015600s ]
NOTIC: [8] Undefined variable: isOk D:\wamp\www\web\FanMi\Home\Controller\CartController.class.php 第 104 行.

[ 2015-03-24T10:42:22+08:00 ] 192.168.51.228 /Home/Cart/addToCart
INFO: [ app_begin ] --START--
INFO: Run Behavior\ReadHtmlCacheBehavior [ RunTime:0.000000s ]
INFO: [ app_begin ] --END-- [ RunTime:0.000000s ]
SQL: DESCRIBE fm_navigation [ RunTime:0.000000s ]
SQL: SELECT * FROM `fm_navigation` WHERE ( nav_type=1 ) ORDER BY nav_rank ASC,nav_id ASC  [ RunTime:0.000000s ]

[ 2015-03-24T10:43:04+08:00 ] 192.168.51.228 /Home/Cart/ajaxUpdateGoods
INFO: [ app_begin ] --START--
INFO: Run Behavior\ReadHtmlCacheBehavior [ RunTime:0.000000s ]
INFO: [ app_begin ] --END-- [ RunTime:0.000000s ]
SQL: DESCRIBE fm_navigation [ RunTime:0.015600s ]
SQL: SELECT * FROM `fm_navigation` WHERE ( nav_type=1 ) ORDER BY nav_rank ASC,nav_id ASC  [ RunTime:0.000000s ]
SQL: DESCRIBE fm_cart [ RunTime:0.000000s ]
NOTIC: [8] Undefined variable: isOk D:\wamp\www\web\FanMi\Home\Controller\CartController.class.php 第 128 行.

[ 2015-03-24T10:43:53+08:00 ] 192.168.51.228 /Home/Cart/addToCart
INFO: [ app_begin ] --START--
INFO: Run Behavior\ReadHtmlCacheBehavior [ RunTime:0.000000s ]
INFO: [ app_begin ] --END-- [ RunTime:0.000000s ]
SQL: DESCRIBE fm_navigation [ RunTime:0.000000s ]
SQL: SELECT * FROM `fm_navigation` WHERE ( nav_type=1 ) ORDER BY nav_rank ASC,nav_id ASC  [ RunTime:0.015600s ]

[ 2015-03-24T10:44:03+08:00 ] 192.168.51.228 /Home/Cart/ajaxUpdateGoods
INFO: [ app_begin ] --START--
INFO: Run Behavior\ReadHtmlCacheBehavior [ RunTime:0.000000s ]
INFO: [ app_begin ] --END-- [ RunTime:0.000000s ]
SQL: DESCRIBE fm_navigation [ RunTime:0.000000s ]
SQL: SELECT * FROM `fm_navigation` WHERE ( nav_type=1 ) ORDER BY nav_rank ASC,nav_id ASC  [ RunTime:0.000000s ]
SQL: DESCRIBE fm_cart [ RunTime:0.015600s ]
NOTIC: [8] Undefined variable: isOk D:\wamp\www\web\FanMi\Home\Controller\CartController.class.php 第 128 行.

[ 2015-03-24T10:44:41+08:00 ] 192.168.51.228 /Home/Cart/addToCart
INFO: [ app_begin ] --START--
INFO: Run Behavior\ReadHtmlCacheBehavior [ RunTime:0.000000s ]
INFO: [ app_begin ] --END-- [ RunTime:0.000000s ]
SQL: DESCRIBE fm_navigation [ RunTime:0.000000s ]
SQL: SELECT * FROM `fm_navigation` WHERE ( nav_type=1 ) ORDER BY nav_rank ASC,nav_id ASC  [ RunTime:0.000000s ]

[ 2015-03-24T10:44:49+08:00 ] 192.168.51.228 /Home/Cart/ajaxUpdateGoods
INFO: [ app_begin ] --START--
INFO: Run Behavior\ReadHtmlCacheBehavior [ RunTime:0.015600s ]
INFO: [ app_begin ] --END-- [ RunTime:0.015600s ]
SQL: DESCRIBE fm_navigation [ RunTime:0.000000s ]
SQL: SELECT * FROM `fm_navigation` WHERE ( nav_type=1 ) ORDER BY nav_rank ASC,nav_id ASC  [ RunTime:0.000000s ]
SQL: DESCRIBE fm_cart [ RunTime:0.000000s ]
NOTIC: [8] Undefined variable: isOk D:\wamp\www\web\FanMi\Home\Controller\CartController.class.php 第 128 行.

[ 2015-03-24T10:48:22+08:00 ] 192.168.51.228 /Home/Cart/ajaxUpdateGoods
INFO: [ app_begin ] --START--
INFO: Run Behavior\ReadHtmlCacheBehavior [ RunTime:0.000000s ]
INFO: [ app_begin ] --END-- [ RunTime:0.000000s ]
SQL: DESCRIBE fm_navigation [ RunTime:0.000000s ]
SQL: SELECT * FROM `fm_navigation` WHERE ( nav_type=1 ) ORDER BY nav_rank ASC,nav_id ASC  [ RunTime:0.000000s ]
SQL: DESCRIBE fm_cart [ RunTime:0.000000s ]
NOTIC: [8] Undefined variable: isOk D:\wamp\www\web\FanMi\Home\Controller\CartController.class.php 第 128 行.

[ 2015-03-24T10:48:27+08:00 ] 192.168.51.228 /Home/Cart/ajaxUpdateGoods
INFO: [ app_begin ] --START--
INFO: Run Behavior\ReadHtmlCacheBehavior [ RunTime:0.000000s ]
INFO: [ app_begin ] --END-- [ RunTime:0.000000s ]
SQL: DESCRIBE fm_navigation [ RunTime:0.000000s ]
SQL: SELECT * FROM `fm_navigation` WHERE ( nav_type=1 ) ORDER BY nav_rank ASC,nav_id ASC  [ RunTime:0.000000s ]
SQL: DESCRIBE fm_cart [ RunTime:0.000000s ]
NOTIC: [8] Undefined variable: isOk D:\wamp\www\web\FanMi\Home\Controller\CartController.class.php 第 128 行.

[ 2015-03-24T10:49:12+08:00 ] 192.168.51.228 /Home/Cart/ajaxUpdateGoods
INFO: [ app_begin ] --START--
INFO: Run Behavior\ReadHtmlCacheBehavior [ RunTime:0.000000s ]
INFO: [ app_begin ] --END-- [ RunTime:0.000000s ]
SQL: DESCRIBE fm_navigation [ RunTime:0.000000s ]
SQL: SELECT * FROM `fm_navigation` WHERE ( nav_type=1 ) ORDER BY nav_rank ASC,nav_id ASC  [ RunTime:0.000000s ]
SQL: DESCRIBE fm_cart [ RunTime:0.000000s ]
NOTIC: [8] Undefined variable: isOk D:\wamp\www\web\FanMi\Home\Controller\CartController.class.php 第 128 行.

[ 2015-03-24T10:49:16+08:00 ] 192.168.51.228 /Home/Cart/ajaxUpdateGoods
INFO: [ app_begin ] --START--
INFO: Run Behavior\ReadHtmlCacheBehavior [ RunTime:0.000000s ]
INFO: [ app_begin ] --END-- [ RunTime:0.000000s ]
SQL: DESCRIBE fm_navigation [ RunTime:0.000000s ]
SQL: SELECT * FROM `fm_navigation` WHERE ( nav_type=1 ) ORDER BY nav_rank ASC,nav_id ASC  [ RunTime:0.000000s ]
SQL: DESCRIBE fm_cart [ RunTime:0.000000s ]
NOTIC: [8] Undefined variable: isOk D:\wamp\www\web\FanMi\Home\Controller\CartController.class.php 第 128 行.

[ 2015-03-24T10:49:25+08:00 ] 192.168.51.228 /Home/Cart/ajaxUpdateGoods
INFO: [ app_begin ] --START--
INFO: Run Behavior\ReadHtmlCacheBehavior [ RunTime:0.000000s ]
INFO: [ app_begin ] --END-- [ RunTime:0.000000s ]
SQL: DESCRIBE fm_navigation [ RunTime:0.000000s ]
SQL: SELECT * FROM `fm_navigation` WHERE ( nav_type=1 ) ORDER BY nav_rank ASC,nav_id ASC  [ RunTime:0.000000s ]
SQL: DESCRIBE fm_cart [ RunTime:0.000000s ]
NOTIC: [8] Undefined variable: isOk D:\wamp\www\web\FanMi\Home\Controller\CartController.class.php 第 128 行.

[ 2015-03-24T10:49:27+08:00 ] 192.168.51.228 /Home/Cart/ajaxUpdateGoods
INFO: [ app_begin ] --START--
INFO: Run Behavior\ReadHtmlCacheBehavior [ RunTime:0.000000s ]
INFO: [ app_begin ] --END-- [ RunTime:0.000000s ]
SQL: DESCRIBE fm_navigation [ RunTime:0.000000s ]
SQL: SELECT * FROM `fm_navigation` WHERE ( nav_type=1 ) ORDER BY nav_rank ASC,nav_id ASC  [ RunTime:0.000000s ]
SQL: DESCRIBE fm_cart [ RunTime:0.000000s ]
NOTIC: [8] Undefined variable: isOk D:\wamp\www\web\FanMi\Home\Controller\CartController.class.php 第 128 行.

[ 2015-03-24T10:50:17+08:00 ] 192.168.51.228 /Home/Cart/ajaxUpdateGoods
INFO: [ app_begin ] --START--
INFO: Run Behavior\ReadHtmlCacheBehavior [ RunTime:0.000000s ]
INFO: [ app_begin ] --END-- [ RunTime:0.000000s ]
SQL: DESCRIBE fm_navigation [ RunTime:0.000000s ]
SQL: SELECT * FROM `fm_navigation` WHERE ( nav_type=1 ) ORDER BY nav_rank ASC,nav_id ASC  [ RunTime:0.000000s ]
SQL: DESCRIBE fm_cart [ RunTime:0.000000s ]
NOTIC: [8] Undefined variable: isOk D:\wamp\www\web\FanMi\Home\Controller\CartController.class.php 第 128 行.

[ 2015-03-24T10:50:19+08:00 ] 192.168.51.228 /Home/Cart/ajaxUpdateGoods
INFO: [ app_begin ] --START--
INFO: Run Behavior\ReadHtmlCacheBehavior [ RunTime:0.000000s ]
INFO: [ app_begin ] --END-- [ RunTime:0.000000s ]
SQL: DESCRIBE fm_navigation [ RunTime:0.000000s ]
SQL: SELECT * FROM `fm_navigation` WHERE ( nav_type=1 ) ORDER BY nav_rank ASC,nav_id ASC  [ RunTime:0.000000s ]
SQL: DESCRIBE fm_cart [ RunTime:0.000000s ]
NOTIC: [8] Undefined variable: isOk D:\wamp\www\web\FanMi\Home\Controller\CartController.class.php 第 128 行.

[ 2015-03-24T10:50:21+08:00 ] 192.168.51.228 /Home/Cart/ajaxUpdateGoods
INFO: [ app_begin ] --START--
INFO: Run Behavior\ReadHtmlCacheBehavior [ RunTime:0.000000s ]
INFO: [ app_begin ] --END-- [ RunTime:0.000000s ]
SQL: DESCRIBE fm_navigation [ RunTime:0.000000s ]
SQL: SELECT * FROM `fm_navigation` WHERE ( nav_type=1 ) ORDER BY nav_rank ASC,nav_id ASC  [ RunTime:0.000000s ]
SQL: DESCRIBE fm_cart [ RunTime:0.000000s ]
NOTIC: [8] Undefined variable: isOk D:\wamp\www\web\FanMi\Home\Controller\CartController.class.php 第 128 行.

[ 2015-03-24T10:50:23+08:00 ] 192.168.51.228 /Home/Cart/ajaxUpdateGoods
INFO: [ app_begin ] --START--
INFO: Run Behavior\ReadHtmlCacheBehavior [ RunTime:0.000000s ]
INFO: [ app_begin ] --END-- [ RunTime:0.000000s ]
SQL: DESCRIBE fm_navigation [ RunTime:0.000000s ]
SQL: SELECT * FROM `fm_navigation` WHERE ( nav_type=1 ) ORDER BY nav_rank ASC,nav_id ASC  [ RunTime:0.000000s ]
SQL: DESCRIBE fm_cart [ RunTime:0.000000s ]
NOTIC: [8] Undefined variable: isOk D:\wamp\www\web\FanMi\Home\Controller\CartController.class.php 第 128 行.

[ 2015-03-24T10:50:24+08:00 ] 192.168.51.228 /Home/Cart/ajaxUpdateGoods
INFO: [ app_begin ] --START--
INFO: Run Behavior\ReadHtmlCacheBehavior [ RunTime:0.000000s ]
INFO: [ app_begin ] --END-- [ RunTime:0.000000s ]
SQL: DESCRIBE fm_navigation [ RunTime:0.000000s ]
SQL: SELECT * FROM `fm_navigation` WHERE ( nav_type=1 ) ORDER BY nav_rank ASC,nav_id ASC  [ RunTime:0.000000s ]
SQL: DESCRIBE fm_cart [ RunTime:0.015600s ]
NOTIC: [8] Undefined variable: isOk D:\wamp\www\web\FanMi\Home\Controller\CartController.class.php 第 128 行.

[ 2015-03-24T10:50:33+08:00 ] 192.168.51.228 /Home/Cart/ajaxUpdateGoods
INFO: [ app_begin ] --START--
INFO: Run Behavior\ReadHtmlCacheBehavior [ RunTime:0.000000s ]
INFO: [ app_begin ] --END-- [ RunTime:0.000000s ]
SQL: DESCRIBE fm_navigation [ RunTime:0.000000s ]
SQL: SELECT * FROM `fm_navigation` WHERE ( nav_type=1 ) ORDER BY nav_rank ASC,nav_id ASC  [ RunTime:0.000000s ]
SQL: DESCRIBE fm_cart [ RunTime:0.015600s ]
NOTIC: [8] Undefined variable: isOk D:\wamp\www\web\FanMi\Home\Controller\CartController.class.php 第 128 行.

[ 2015-03-24T10:50:35+08:00 ] 192.168.51.228 /Home/Cart/ajaxUpdateGoods
INFO: [ app_begin ] --START--
INFO: Run Behavior\ReadHtmlCacheBehavior [ RunTime:0.000000s ]
INFO: [ app_begin ] --END-- [ RunTime:0.000000s ]
SQL: DESCRIBE fm_navigation [ RunTime:0.000000s ]
SQL: SELECT * FROM `fm_navigation` WHERE ( nav_type=1 ) ORDER BY nav_rank ASC,nav_id ASC  [ RunTime:0.000000s ]
SQL: DESCRIBE fm_cart [ RunTime:0.015600s ]
NOTIC: [8] Undefined variable: isOk D:\wamp\www\web\FanMi\Home\Controller\CartController.class.php 第 128 行.

[ 2015-03-24T10:51:17+08:00 ] 192.168.51.228 /Home/Cart/ajaxDelGoods
INFO: [ app_begin ] --START--
INFO: Run Behavior\ReadHtmlCacheBehavior [ RunTime:0.000000s ]
INFO: [ app_begin ] --END-- [ RunTime:0.000000s ]
SQL: DESCRIBE fm_navigation [ RunTime:0.000000s ]
SQL: SELECT * FROM `fm_navigation` WHERE ( nav_type=1 ) ORDER BY nav_rank ASC,nav_id ASC  [ RunTime:0.000000s ]
SQL: DESCRIBE fm_cart [ RunTime:0.000000s ]
NOTIC: [8] Undefined variable: isOk D:\wamp\www\web\FanMi\Home\Controller\CartController.class.php 第 104 行.

[ 2015-03-24T10:51:30+08:00 ] 192.168.51.228 /Home/Cart/addToCart
INFO: [ app_begin ] --START--
INFO: Run Behavior\ReadHtmlCacheBehavior [ RunTime:0.015600s ]
INFO: [ app_begin ] --END-- [ RunTime:0.015600s ]
SQL: DESCRIBE fm_navigation [ RunTime:0.015600s ]
SQL: SELECT * FROM `fm_navigation` WHERE ( nav_type=1 ) ORDER BY nav_rank ASC,nav_id ASC  [ RunTime:0.000000s ]

[ 2015-03-24T10:51:37+08:00 ] 192.168.51.228 /Home/Cart/addToCart
INFO: [ app_begin ] --START--
INFO: Run Behavior\ReadHtmlCacheBehavior [ RunTime:0.000000s ]
INFO: [ app_begin ] --END-- [ RunTime:0.000000s ]
SQL: DESCRIBE fm_navigation [ RunTime:0.015601s ]
SQL: SELECT * FROM `fm_navigation` WHERE ( nav_type=1 ) ORDER BY nav_rank ASC,nav_id ASC  [ RunTime:0.000000s ]

[ 2015-03-24T10:51:44+08:00 ] 192.168.51.228 /Home/Cart/ajaxUpdateGoods
INFO: [ app_begin ] --START--
INFO: Run Behavior\ReadHtmlCacheBehavior [ RunTime:0.000000s ]
INFO: [ app_begin ] --END-- [ RunTime:0.000000s ]
SQL: DESCRIBE fm_navigation [ RunTime:0.000000s ]
SQL: SELECT * FROM `fm_navigation` WHERE ( nav_type=1 ) ORDER BY nav_rank ASC,nav_id ASC  [ RunTime:0.000000s ]
SQL: DESCRIBE fm_cart [ RunTime:0.000000s ]
NOTIC: [8] Undefined variable: isOk D:\wamp\www\web\FanMi\Home\Controller\CartController.class.php 第 128 行.

[ 2015-03-24T10:51:58+08:00 ] 192.168.51.228 /Home/Cart/ajaxUpdateGoods
INFO: [ app_begin ] --START--
INFO: Run Behavior\ReadHtmlCacheBehavior [ RunTime:0.015600s ]
INFO: [ app_begin ] --END-- [ RunTime:0.015600s ]
SQL: DESCRIBE fm_navigation [ RunTime:0.000000s ]
SQL: SELECT * FROM `fm_navigation` WHERE ( nav_type=1 ) ORDER BY nav_rank ASC,nav_id ASC  [ RunTime:0.000000s ]
SQL: DESCRIBE fm_cart [ RunTime:0.015600s ]
NOTIC: [8] Undefined variable: isOk D:\wamp\www\web\FanMi\Home\Controller\CartController.class.php 第 128 行.

[ 2015-03-24T10:52:00+08:00 ] 192.168.51.228 /Home/Cart/ajaxUpdateGoods
INFO: [ app_begin ] --START--
INFO: Run Behavior\ReadHtmlCacheBehavior [ RunTime:0.000000s ]
INFO: [ app_begin ] --END-- [ RunTime:0.000000s ]
SQL: DESCRIBE fm_navigation [ RunTime:0.000000s ]
SQL: SELECT * FROM `fm_navigation` WHERE ( nav_type=1 ) ORDER BY nav_rank ASC,nav_id ASC  [ RunTime:0.000000s ]
SQL: DESCRIBE fm_cart [ RunTime:0.000000s ]
NOTIC: [8] Undefined variable: isOk D:\wamp\www\web\FanMi\Home\Controller\CartController.class.php 第 128 行.

[ 2015-03-24T10:53:25+08:00 ] 192.168.51.228 /Home/Cart/ajaxUpdateGoods
INFO: [ app_begin ] --START--
INFO: Run Behavior\ReadHtmlCacheBehavior [ RunTime:0.000000s ]
INFO: [ app_begin ] --END-- [ RunTime:0.000000s ]
SQL: DESCRIBE fm_navigation [ RunTime:0.000000s ]
SQL: SELECT * FROM `fm_navigation` WHERE ( nav_type=1 ) ORDER BY nav_rank ASC,nav_id ASC  [ RunTime:0.000000s ]
SQL: DESCRIBE fm_cart [ RunTime:0.000000s ]
NOTIC: [8] Undefined variable: isOk D:\wamp\www\web\FanMi\Home\Controller\CartController.class.php 第 128 行.

[ 2015-03-24T10:53:28+08:00 ] 192.168.51.228 /Home/Cart/ajaxUpdateGoods
INFO: [ app_begin ] --START--
INFO: Run Behavior\ReadHtmlCacheBehavior [ RunTime:0.000000s ]
INFO: [ app_begin ] --END-- [ RunTime:0.000000s ]
SQL: DESCRIBE fm_navigation [ RunTime:0.000000s ]
SQL: SELECT * FROM `fm_navigation` WHERE ( nav_type=1 ) ORDER BY nav_rank ASC,nav_id ASC  [ RunTime:0.000000s ]
SQL: DESCRIBE fm_cart [ RunTime:0.000000s ]
NOTIC: [8] Undefined variable: isOk D:\wamp\www\web\FanMi\Home\Controller\CartController.class.php 第 128 行.

[ 2015-03-24T10:53:30+08:00 ] 192.168.51.228 /Home/Cart/ajaxUpdateGoods
INFO: [ app_begin ] --START--
INFO: Run Behavior\ReadHtmlCacheBehavior [ RunTime:0.000000s ]
INFO: [ app_begin ] --END-- [ RunTime:0.000000s ]
SQL: DESCRIBE fm_navigation [ RunTime:0.000000s ]
SQL: SELECT * FROM `fm_navigation` WHERE ( nav_type=1 ) ORDER BY nav_rank ASC,nav_id ASC  [ RunTime:0.000000s ]
SQL: DESCRIBE fm_cart [ RunTime:0.000000s ]
NOTIC: [8] Undefined variable: isOk D:\wamp\www\web\FanMi\Home\Controller\CartController.class.php 第 128 行.

[ 2015-03-24T10:53:31+08:00 ] 192.168.51.228 /Home/Cart/ajaxUpdateGoods
INFO: [ app_begin ] --START--
INFO: Run Behavior\ReadHtmlCacheBehavior [ RunTime:0.000000s ]
INFO: [ app_begin ] --END-- [ RunTime:0.000000s ]
SQL: DESCRIBE fm_navigation [ RunTime:0.015600s ]
SQL: SELECT * FROM `fm_navigation` WHERE ( nav_type=1 ) ORDER BY nav_rank ASC,nav_id ASC  [ RunTime:0.000000s ]
SQL: DESCRIBE fm_cart [ RunTime:0.015600s ]
NOTIC: [8] Undefined variable: isOk D:\wamp\www\web\FanMi\Home\Controller\CartController.class.php 第 128 行.

[ 2015-03-24T10:53:32+08:00 ] 192.168.51.228 /Home/Cart/ajaxUpdateGoods
INFO: [ app_begin ] --START--
INFO: Run Behavior\ReadHtmlCacheBehavior [ RunTime:0.000000s ]
INFO: [ app_begin ] --END-- [ RunTime:0.000000s ]
SQL: DESCRIBE fm_navigation [ RunTime:0.000000s ]
SQL: SELECT * FROM `fm_navigation` WHERE ( nav_type=1 ) ORDER BY nav_rank ASC,nav_id ASC  [ RunTime:0.000000s ]
SQL: DESCRIBE fm_cart [ RunTime:0.000000s ]
NOTIC: [8] Undefined variable: isOk D:\wamp\www\web\FanMi\Home\Controller\CartController.class.php 第 128 行.

[ 2015-03-24T10:53:32+08:00 ] 192.168.51.228 /Home/Cart/ajaxUpdateGoods
INFO: [ app_begin ] --START--
INFO: Run Behavior\ReadHtmlCacheBehavior [ RunTime:0.000000s ]
INFO: [ app_begin ] --END-- [ RunTime:0.000000s ]
SQL: DESCRIBE fm_navigation [ RunTime:0.000000s ]
SQL: SELECT * FROM `fm_navigation` WHERE ( nav_type=1 ) ORDER BY nav_rank ASC,nav_id ASC  [ RunTime:0.000000s ]
SQL: DESCRIBE fm_cart [ RunTime:0.000000s ]
NOTIC: [8] Undefined variable: isOk D:\wamp\www\web\FanMi\Home\Controller\CartController.class.php 第 128 行.

[ 2015-03-24T10:53:32+08:00 ] 192.168.51.228 /Home/Cart/ajaxUpdateGoods
INFO: [ app_begin ] --START--
INFO: Run Behavior\ReadHtmlCacheBehavior [ RunTime:0.015600s ]
INFO: [ app_begin ] --END-- [ RunTime:0.015600s ]
SQL: DESCRIBE fm_navigation [ RunTime:0.000000s ]
SQL: SELECT * FROM `fm_navigation` WHERE ( nav_type=1 ) ORDER BY nav_rank ASC,nav_id ASC  [ RunTime:0.000000s ]
SQL: DESCRIBE fm_cart [ RunTime:0.015600s ]
NOTIC: [8] Undefined variable: isOk D:\wamp\www\web\FanMi\Home\Controller\CartController.class.php 第 128 行.

[ 2015-03-24T10:53:34+08:00 ] 192.168.51.228 /Home/Cart/ajaxUpdateGoods
INFO: [ app_begin ] --START--
INFO: Run Behavior\ReadHtmlCacheBehavior [ RunTime:0.000000s ]
INFO: [ app_begin ] --END-- [ RunTime:0.000000s ]
SQL: DESCRIBE fm_navigation [ RunTime:0.015600s ]
SQL: SELECT * FROM `fm_navigation` WHERE ( nav_type=1 ) ORDER BY nav_rank ASC,nav_id ASC  [ RunTime:0.000000s ]
SQL: DESCRIBE fm_cart [ RunTime:0.015600s ]
NOTIC: [8] Undefined variable: isOk D:\wamp\www\web\FanMi\Home\Controller\CartController.class.php 第 128 行.

[ 2015-03-24T10:53:35+08:00 ] 192.168.51.228 /Home/Cart/ajaxUpdateGoods
INFO: [ app_begin ] --START--
INFO: Run Behavior\ReadHtmlCacheBehavior [ RunTime:0.000000s ]
INFO: [ app_begin ] --END-- [ RunTime:0.000000s ]
SQL: DESCRIBE fm_navigation [ RunTime:0.000000s ]
SQL: SELECT * FROM `fm_navigation` WHERE ( nav_type=1 ) ORDER BY nav_rank ASC,nav_id ASC  [ RunTime:0.000000s ]
SQL: DESCRIBE fm_cart [ RunTime:0.015600s ]
NOTIC: [8] Undefined variable: isOk D:\wamp\www\web\FanMi\Home\Controller\CartController.class.php 第 128 行.

[ 2015-03-24T10:53:38+08:00 ] 192.168.51.228 /Home/Cart/ajaxUpdateGoods
INFO: [ app_begin ] --START--
INFO: Run Behavior\ReadHtmlCacheBehavior [ RunTime:0.000000s ]
INFO: [ app_begin ] --END-- [ RunTime:0.000000s ]
SQL: DESCRIBE fm_navigation [ RunTime:0.000000s ]
SQL: SELECT * FROM `fm_navigation` WHERE ( nav_type=1 ) ORDER BY nav_rank ASC,nav_id ASC  [ RunTime:0.000000s ]
SQL: DESCRIBE fm_cart [ RunTime:0.000000s ]
NOTIC: [8] Undefined variable: isOk D:\wamp\www\web\FanMi\Home\Controller\CartController.class.php 第 128 行.

[ 2015-03-24T10:53:42+08:00 ] 192.168.51.228 /Home/Cart/ajaxUpdateGoods
INFO: [ app_begin ] --START--
INFO: Run Behavior\ReadHtmlCacheBehavior [ RunTime:0.015600s ]
INFO: [ app_begin ] --END-- [ RunTime:0.015600s ]
SQL: DESCRIBE fm_navigation [ RunTime:0.000000s ]
SQL: SELECT * FROM `fm_navigation` WHERE ( nav_type=1 ) ORDER BY nav_rank ASC,nav_id ASC  [ RunTime:0.000000s ]
SQL: DESCRIBE fm_cart [ RunTime:0.015600s ]
NOTIC: [8] Undefined variable: isOk D:\wamp\www\web\FanMi\Home\Controller\CartController.class.php 第 128 行.

[ 2015-03-24T10:53:43+08:00 ] 192.168.51.228 /Home/Cart/ajaxUpdateGoods
INFO: [ app_begin ] --START--
INFO: Run Behavior\ReadHtmlCacheBehavior [ RunTime:0.000000s ]
INFO: [ app_begin ] --END-- [ RunTime:0.000000s ]
SQL: DESCRIBE fm_navigation [ RunTime:0.015600s ]
SQL: SELECT * FROM `fm_navigation` WHERE ( nav_type=1 ) ORDER BY nav_rank ASC,nav_id ASC  [ RunTime:0.000000s ]
SQL: DESCRIBE fm_cart [ RunTime:0.015600s ]
NOTIC: [8] Undefined variable: isOk D:\wamp\www\web\FanMi\Home\Controller\CartController.class.php 第 128 行.

[ 2015-03-24T10:53:45+08:00 ] 192.168.51.228 /Home/Cart/ajaxUpdateGoods
INFO: [ app_begin ] --START--
INFO: Run Behavior\ReadHtmlCacheBehavior [ RunTime:0.000000s ]
INFO: [ app_begin ] --END-- [ RunTime:0.000000s ]
SQL: DESCRIBE fm_navigation [ RunTime:0.015600s ]
SQL: SELECT * FROM `fm_navigation` WHERE ( nav_type=1 ) ORDER BY nav_rank ASC,nav_id ASC  [ RunTime:0.000000s ]
SQL: DESCRIBE fm_cart [ RunTime:0.000000s ]
NOTIC: [8] Undefined variable: isOk D:\wamp\www\web\FanMi\Home\Controller\CartController.class.php 第 128 行.

[ 2015-03-24T10:58:29+08:00 ] 192.168.51.228 /Home/Cart/ajaxUpdateGoods
INFO: [ app_begin ] --START--
INFO: Run Behavior\ReadHtmlCacheBehavior [ RunTime:0.000000s ]
INFO: [ app_begin ] --END-- [ RunTime:0.000000s ]
SQL: DESCRIBE fm_navigation [ RunTime:0.000000s ]
SQL: SELECT * FROM `fm_navigation` WHERE ( nav_type=1 ) ORDER BY nav_rank ASC,nav_id ASC  [ RunTime:0.000000s ]
SQL: DESCRIBE fm_cart [ RunTime:0.000000s ]
NOTIC: [8] Undefined variable: isOk D:\wamp\www\web\FanMi\Home\Controller\CartController.class.php 第 138 行.

[ 2015-03-24T10:58:30+08:00 ] 192.168.51.228 /Home/Cart/ajaxUpdateGoods
INFO: [ app_begin ] --START--
INFO: Run Behavior\ReadHtmlCacheBehavior [ RunTime:0.000000s ]
INFO: [ app_begin ] --END-- [ RunTime:0.000000s ]
SQL: DESCRIBE fm_navigation [ RunTime:0.000000s ]
SQL: SELECT * FROM `fm_navigation` WHERE ( nav_type=1 ) ORDER BY nav_rank ASC,nav_id ASC  [ RunTime:0.000000s ]
SQL: DESCRIBE fm_cart [ RunTime:0.015600s ]
NOTIC: [8] Undefined variable: isOk D:\wamp\www\web\FanMi\Home\Controller\CartController.class.php 第 138 行.

[ 2015-03-24T10:58:41+08:00 ] 192.168.51.228 /Home/Cart/ajaxUpdateGoods
INFO: [ app_begin ] --START--
INFO: Run Behavior\ReadHtmlCacheBehavior [ RunTime:0.000000s ]
INFO: [ app_begin ] --END-- [ RunTime:0.000000s ]
SQL: DESCRIBE fm_navigation [ RunTime:0.000000s ]
SQL: SELECT * FROM `fm_navigation` WHERE ( nav_type=1 ) ORDER BY nav_rank ASC,nav_id ASC  [ RunTime:0.000000s ]
SQL: DESCRIBE fm_cart [ RunTime:0.000000s ]
NOTIC: [8] Undefined variable: isOk D:\wamp\www\web\FanMi\Home\Controller\CartController.class.php 第 138 行.

[ 2015-03-24T10:58:43+08:00 ] 192.168.51.228 /Home/Cart/ajaxUpdateGoods
INFO: [ app_begin ] --START--
INFO: Run Behavior\ReadHtmlCacheBehavior [ RunTime:0.000000s ]
INFO: [ app_begin ] --END-- [ RunTime:0.000000s ]
SQL: DESCRIBE fm_navigation [ RunTime:0.015600s ]
SQL: SELECT * FROM `fm_navigation` WHERE ( nav_type=1 ) ORDER BY nav_rank ASC,nav_id ASC  [ RunTime:0.000000s ]
SQL: DESCRIBE fm_cart [ RunTime:0.000000s ]
NOTIC: [8] Undefined variable: isOk D:\wamp\www\web\FanMi\Home\Controller\CartController.class.php 第 138 行.

[ 2015-03-24T10:59:07+08:00 ] 192.168.51.228 /Home/Cart/ajaxDelGoods
INFO: [ app_begin ] --START--
INFO: Run Behavior\ReadHtmlCacheBehavior [ RunTime:0.015600s ]
INFO: [ app_begin ] --END-- [ RunTime:0.015600s ]
SQL: DESCRIBE fm_navigation [ RunTime:0.000000s ]
SQL: SELECT * FROM `fm_navigation` WHERE ( nav_type=1 ) ORDER BY nav_rank ASC,nav_id ASC  [ RunTime:0.000000s ]
SQL: DESCRIBE fm_cart [ RunTime:0.015600s ]
NOTIC: [8] Undefined variable: isOk D:\wamp\www\web\FanMi\Home\Controller\CartController.class.php 第 114 行.

[ 2015-03-24T11:00:59+08:00 ] 192.168.51.228 /Home/Cart/addToCart
INFO: [ app_begin ] --START--
INFO: Run Behavior\ReadHtmlCacheBehavior [ RunTime:0.000000s ]
INFO: [ app_begin ] --END-- [ RunTime:0.000000s ]
SQL: DESCRIBE fm_navigation [ RunTime:0.000000s ]
SQL: SELECT * FROM `fm_navigation` WHERE ( nav_type=1 ) ORDER BY nav_rank ASC,nav_id ASC  [ RunTime:0.000000s ]

[ 2015-03-24T11:01:11+08:00 ] 192.168.51.228 /Home/Cart/addToCart
INFO: [ app_begin ] --START--
INFO: Run Behavior\ReadHtmlCacheBehavior [ RunTime:0.000000s ]
INFO: [ app_begin ] --END-- [ RunTime:0.015600s ]
SQL: DESCRIBE fm_navigation [ RunTime:0.000000s ]
SQL: SELECT * FROM `fm_navigation` WHERE ( nav_type=1 ) ORDER BY nav_rank ASC,nav_id ASC  [ RunTime:0.000000s ]

[ 2015-03-24T11:01:29+08:00 ] 192.168.51.228 /Home/Cart/ajaxDelGoods
INFO: [ app_begin ] --START--
INFO: Run Behavior\ReadHtmlCacheBehavior [ RunTime:0.000000s ]
INFO: [ app_begin ] --END-- [ RunTime:0.000000s ]
SQL: DESCRIBE fm_navigation [ RunTime:0.000000s ]
SQL: SELECT * FROM `fm_navigation` WHERE ( nav_type=1 ) ORDER BY nav_rank ASC,nav_id ASC  [ RunTime:0.000000s ]
SQL: DESCRIBE fm_cart [ RunTime:0.015600s ]
NOTIC: [8] Undefined variable: isOk D:\wamp\www\web\FanMi\Home\Controller\CartController.class.php 第 114 行.

[ 2015-03-24T11:03:08+08:00 ] 192.168.51.228 /Home/Cart/ajaxUpdateGoods
INFO: [ app_begin ] --START--
INFO: Run Behavior\ReadHtmlCacheBehavior [ RunTime:0.000000s ]
INFO: [ app_begin ] --END-- [ RunTime:0.000000s ]
SQL: DESCRIBE fm_navigation [ RunTime:0.000000s ]
SQL: SELECT * FROM `fm_navigation` WHERE ( nav_type=1 ) ORDER BY nav_rank ASC,nav_id ASC  [ RunTime:0.000000s ]
SQL: DESCRIBE fm_cart [ RunTime:0.000000s ]
SQL: UPDATE `fm_cart` SET `amount`=2 WHERE ( member_id=17 AND goods_id=32 AND goods_size="L" ) [ RunTime:0.000000s ]
NOTIC: [8] Undefined variable: isOk D:\wamp\www\web\FanMi\Home\Controller\CartController.class.php 第 138 行.

[ 2015-03-24T11:03:28+08:00 ] 192.168.51.228 /Home/Cart/ajaxUpdateGoods
INFO: [ app_begin ] --START--
INFO: Run Behavior\ReadHtmlCacheBehavior [ RunTime:0.000000s ]
INFO: [ app_begin ] --END-- [ RunTime:0.000000s ]
SQL: DESCRIBE fm_navigation [ RunTime:0.000000s ]
SQL: SELECT * FROM `fm_navigation` WHERE ( nav_type=1 ) ORDER BY nav_rank ASC,nav_id ASC  [ RunTime:0.000000s ]
SQL: DESCRIBE fm_cart [ RunTime:0.000000s ]
SQL: UPDATE `fm_cart` SET `amount`=3 WHERE ( member_id=17 AND goods_id=32 AND goods_size="L" ) [ RunTime:0.000000s ]
NOTIC: [8] Undefined variable: isOk D:\wamp\www\web\FanMi\Home\Controller\CartController.class.php 第 138 行.

[ 2015-03-24T11:03:39+08:00 ] 192.168.51.228 /Home/Cart/ajaxDelGoods
INFO: [ app_begin ] --START--
INFO: Run Behavior\ReadHtmlCacheBehavior [ RunTime:0.000000s ]
INFO: [ app_begin ] --END-- [ RunTime:0.000000s ]
SQL: DESCRIBE fm_navigation [ RunTime:0.015600s ]
SQL: SELECT * FROM `fm_navigation` WHERE ( nav_type=1 ) ORDER BY nav_rank ASC,nav_id ASC  [ RunTime:0.000000s ]
SQL: DESCRIBE fm_cart [ RunTime:0.000000s ]
SQL: DELETE FROM `fm_cart` WHERE ( member_id=17 AND goods_id=32 AND goods_size="L" ) [ RunTime:0.015600s ]
NOTIC: [8] Undefined variable: isOk D:\wamp\www\web\FanMi\Home\Controller\CartController.class.php 第 114 行.

[ 2015-03-24T11:03:47+08:00 ] 192.168.51.228 /Home/Cart/addToCart
INFO: [ app_begin ] --START--
INFO: Run Behavior\ReadHtmlCacheBehavior [ RunTime:0.000000s ]
INFO: [ app_begin ] --END-- [ RunTime:0.000000s ]
SQL: DESCRIBE fm_navigation [ RunTime:0.000000s ]
SQL: SELECT * FROM `fm_navigation` WHERE ( nav_type=1 ) ORDER BY nav_rank ASC,nav_id ASC  [ RunTime:0.000000s ]
SQL: DESCRIBE fm_cart [ RunTime:0.015600s ]
SQL: SELECT * FROM `fm_cart` WHERE ( member_id='17' AND goods_id=32 AND goods_size='L' AND userweight=140 AND userheight=1.2 )  [ RunTime:0.000000s ]
SQL: INSERT INTO `fm_cart` (`goods_id`,`userheight`,`userweight`,`goods_size`,`amount`,`member_id`) VALUES (32,1,140,'L',1,17) [ RunTime:0.000000s ]

[ 2015-03-24T11:05:00+08:00 ] 192.168.51.228 /Home/Cart/ajaxUpdateGoods
INFO: [ app_begin ] --START--
INFO: Run Behavior\ReadHtmlCacheBehavior [ RunTime:0.000000s ]
INFO: [ app_begin ] --END-- [ RunTime:0.000000s ]
SQL: DESCRIBE fm_navigation [ RunTime:0.000000s ]
SQL: SELECT * FROM `fm_navigation` WHERE ( nav_type=1 ) ORDER BY nav_rank ASC,nav_id ASC  [ RunTime:0.015600s ]
SQL: DESCRIBE fm_cart [ RunTime:0.000000s ]
SQL: UPDATE `fm_cart` SET `amount`=2 WHERE ( member_id=17 AND goods_id=32 AND goods_size="L" ) [ RunTime:0.000000s ]
NOTIC: [8] Undefined variable: isOk D:\wamp\www\web\FanMi\Home\Controller\CartController.class.php 第 137 行.

[ 2015-03-24T11:05:18+08:00 ] 192.168.51.228 /Home/Cart/addToCart
INFO: [ app_begin ] --START--
INFO: Run Behavior\ReadHtmlCacheBehavior [ RunTime:0.000000s ]
INFO: [ app_begin ] --END-- [ RunTime:0.000000s ]
SQL: DESCRIBE fm_navigation [ RunTime:0.000000s ]
SQL: SELECT * FROM `fm_navigation` WHERE ( nav_type=1 ) ORDER BY nav_rank ASC,nav_id ASC  [ RunTime:0.000000s ]
SQL: DESCRIBE fm_cart [ RunTime:0.000000s ]
SQL: SELECT * FROM `fm_cart` WHERE ( member_id='17' AND goods_id=32 AND goods_size='XL' AND userweight=70 AND userheight=1.4 )  [ RunTime:0.000000s ]
SQL: INSERT INTO `fm_cart` (`goods_id`,`userheight`,`userweight`,`goods_size`,`amount`,`member_id`) VALUES (32,1,70,'XL',2,17) [ RunTime:0.000000s ]

[ 2015-03-24T11:21:17+08:00 ] 192.168.51.228 /Home/Cart/addToCart
INFO: [ app_begin ] --START--
INFO: Run Behavior\ReadHtmlCacheBehavior [ RunTime:0.000000s ]
INFO: [ app_begin ] --END-- [ RunTime:0.000000s ]
SQL: DESCRIBE fm_navigation [ RunTime:0.000000s ]
SQL: SELECT * FROM `fm_navigation` WHERE ( nav_type=1 ) ORDER BY nav_rank ASC,nav_id ASC  [ RunTime:0.000000s ]
SQL: DESCRIBE fm_cart [ RunTime:0.015600s ]
SQL: SELECT * FROM `fm_cart` WHERE ( member_id='17' AND goods_id=32 AND goods_size='S' AND userweight=70 AND userheight=1.4 )  [ RunTime:0.000000s ]
SQL: INSERT INTO `fm_cart` (`goods_id`,`userheight`,`userweight`,`goods_size`,`amount`,`member_id`) VALUES (32,1,70,'S',1,17) [ RunTime:0.000000s ]

[ 2015-03-24T11:21:34+08:00 ] 192.168.51.228 /Home/Cart/ajaxDelGoods
INFO: [ app_begin ] --START--
INFO: Run Behavior\ReadHtmlCacheBehavior [ RunTime:0.000000s ]
INFO: [ app_begin ] --END-- [ RunTime:0.000000s ]
SQL: DESCRIBE fm_navigation [ RunTime:0.015600s ]
SQL: SELECT * FROM `fm_navigation` WHERE ( nav_type=1 ) ORDER BY nav_rank ASC,nav_id ASC  [ RunTime:0.000000s ]
SQL: DESCRIBE fm_cart [ RunTime:0.015600s ]
SQL: DELETE FROM `fm_cart` WHERE ( member_id=17 AND goods_id=32 AND goods_size="S" ) [ RunTime:0.000000s ]
NOTIC: [8] Undefined variable: isOk D:\wamp\www\web\FanMi\Home\Controller\CartController.class.php 第 113 行.

[ 2015-03-24T11:34:41+08:00 ] 192.168.51.228 /Home/Cart/ajaxDelGoods
INFO: [ app_begin ] --START--
INFO: Run Behavior\ReadHtmlCacheBehavior [ RunTime:0.000000s ]
INFO: [ app_begin ] --END-- [ RunTime:0.000000s ]
SQL: DESCRIBE fm_navigation [ RunTime:0.000000s ]
SQL: SELECT * FROM `fm_navigation` WHERE ( nav_type=1 ) ORDER BY nav_rank ASC,nav_id ASC  [ RunTime:0.000000s ]
SQL: DESCRIBE fm_cart [ RunTime:0.000000s ]
SQL: DELETE FROM `fm_cart` WHERE ( member_id=17 AND goods_id=32 AND goods_size="L" ) [ RunTime:0.000000s ]
NOTIC: [8] Undefined variable: isOk D:\wamp\www\web\FanMi\Home\Controller\CartController.class.php 第 113 行.

[ 2015-03-24T11:34:43+08:00 ] 192.168.51.228 /Home/Cart/ajaxDelGoods
INFO: [ app_begin ] --START--
INFO: Run Behavior\ReadHtmlCacheBehavior [ RunTime:0.000000s ]
INFO: [ app_begin ] --END-- [ RunTime:0.000000s ]
SQL: DESCRIBE fm_navigation [ RunTime:0.000000s ]
SQL: SELECT * FROM `fm_navigation` WHERE ( nav_type=1 ) ORDER BY nav_rank ASC,nav_id ASC  [ RunTime:0.000000s ]
SQL: DESCRIBE fm_cart [ RunTime:0.000000s ]
SQL: DELETE FROM `fm_cart` WHERE ( member_id=17 AND goods_id=32 AND goods_size="XL" ) [ RunTime:0.000000s ]
NOTIC: [8] Undefined variable: isOk D:\wamp\www\web\FanMi\Home\Controller\CartController.class.php 第 113 行.

[ 2015-03-24T11:35:02+08:00 ] 192.168.51.228 /Home/Cart/addToCart
INFO: [ app_begin ] --START--
INFO: Run Behavior\ReadHtmlCacheBehavior [ RunTime:0.015600s ]
INFO: [ app_begin ] --END-- [ RunTime:0.015600s ]
SQL: DESCRIBE fm_navigation [ RunTime:0.000000s ]
SQL: SELECT * FROM `fm_navigation` WHERE ( nav_type=1 ) ORDER BY nav_rank ASC,nav_id ASC  [ RunTime:0.000000s ]

[ 2015-03-24T11:35:09+08:00 ] 192.168.51.228 /Home/Cart/addToCart
INFO: [ app_begin ] --START--
INFO: Run Behavior\ReadHtmlCacheBehavior [ RunTime:0.000000s ]
INFO: [ app_begin ] --END-- [ RunTime:0.000000s ]
SQL: DESCRIBE fm_navigation [ RunTime:0.000000s ]
SQL: SELECT * FROM `fm_navigation` WHERE ( nav_type=1 ) ORDER BY nav_rank ASC,nav_id ASC  [ RunTime:0.000000s ]

[ 2015-03-24T12:38:24+08:00 ] 192.168.51.228 /Home/Cart/ajaxDelGoods
INFO: [ app_begin ] --START--
INFO: Run Behavior\ReadHtmlCacheBehavior [ RunTime:0.000000s ]
INFO: [ app_begin ] --END-- [ RunTime:0.000000s ]
SQL: DESCRIBE fm_navigation [ RunTime:0.000000s ]
SQL: SELECT * FROM `fm_navigation` WHERE ( nav_type=1 ) ORDER BY nav_rank ASC,nav_id ASC  [ RunTime:0.000000s ]
SQL: DESCRIBE fm_cart [ RunTime:0.000000s ]
NOTIC: [8] Undefined variable: isOk D:\wamp\www\web\FanMi\Home\Controller\CartController.class.php 第 113 行.

[ 2015-03-24T12:38:27+08:00 ] 192.168.51.228 /Home/Cart/ajaxDelGoods
INFO: [ app_begin ] --START--
INFO: Run Behavior\ReadHtmlCacheBehavior [ RunTime:0.000000s ]
INFO: [ app_begin ] --END-- [ RunTime:0.015600s ]
SQL: DESCRIBE fm_navigation [ RunTime:0.015600s ]
SQL: SELECT * FROM `fm_navigation` WHERE ( nav_type=1 ) ORDER BY nav_rank ASC,nav_id ASC  [ RunTime:0.000000s ]
SQL: DESCRIBE fm_cart [ RunTime:0.015600s ]
NOTIC: [8] Undefined variable: isOk D:\wamp\www\web\FanMi\Home\Controller\CartController.class.php 第 113 行.

[ 2015-03-24T12:44:18+08:00 ] 192.168.51.228 /Home/Cart/addToCart
INFO: [ app_begin ] --START--
INFO: Run Behavior\ReadHtmlCacheBehavior [ RunTime:0.000000s ]
INFO: [ app_begin ] --END-- [ RunTime:0.000000s ]
SQL: DESCRIBE fm_navigation [ RunTime:0.000000s ]
SQL: SELECT * FROM `fm_navigation` WHERE ( nav_type=1 ) ORDER BY nav_rank ASC,nav_id ASC  [ RunTime:0.000000s ]
SQL: DESCRIBE fm_cart [ RunTime:0.000000s ]
SQL: SELECT * FROM `fm_cart` WHERE ( member_id='17' AND goods_id=32 AND goods_size='S' AND userweight=70 AND userheight=1.2 )  [ RunTime:0.000000s ]
SQL: INSERT INTO `fm_cart` (`goods_id`,`userheight`,`userweight`,`goods_size`,`amount`,`member_id`) VALUES (32,1,70,'S',1,17) [ RunTime:0.000000s ]

[ 2015-03-24T12:45:47+08:00 ] 192.168.51.228 /Home/Cart/ajaxDelGoods
INFO: [ app_begin ] --START--
INFO: Run Behavior\ReadHtmlCacheBehavior [ RunTime:0.000000s ]
INFO: [ app_begin ] --END-- [ RunTime:0.015600s ]
SQL: DESCRIBE fm_navigation [ RunTime:0.015600s ]
SQL: SELECT * FROM `fm_navigation` WHERE ( nav_type=1 ) ORDER BY nav_rank ASC,nav_id ASC  [ RunTime:0.000000s ]
SQL: DESCRIBE fm_cart [ RunTime:0.000000s ]
SQL: DELETE FROM `fm_cart` WHERE ( member_id=17 AND goods_id=32 AND goods_size="S" ) [ RunTime:0.000000s ]
NOTIC: [8] Undefined variable: isOk D:\wamp\www\web\FanMi\Home\Controller\CartController.class.php 第 113 行.

[ 2015-03-24T12:46:00+08:00 ] 192.168.51.228 /Home/Cart/addToCart
INFO: [ app_begin ] --START--
INFO: Run Behavior\ReadHtmlCacheBehavior [ RunTime:0.000000s ]
INFO: [ app_begin ] --END-- [ RunTime:0.000000s ]
SQL: DESCRIBE fm_navigation [ RunTime:0.000000s ]
SQL: SELECT * FROM `fm_navigation` WHERE ( nav_type=1 ) ORDER BY nav_rank ASC,nav_id ASC  [ RunTime:0.000000s ]
SQL: DESCRIBE fm_cart [ RunTime:0.000000s ]
SQL: SELECT * FROM `fm_cart` WHERE ( member_id='17' AND goods_id=32 AND goods_size='S' AND userweight=70 AND userheight=1.2 )  [ RunTime:0.000000s ]
SQL: INSERT INTO `fm_cart` (`goods_id`,`userheight`,`userweight`,`goods_size`,`amount`,`member_id`) VALUES (32,1,70,'S',1,17) [ RunTime:0.000000s ]

[ 2015-03-24T12:47:09+08:00 ] 192.168.51.228 /Home/Cart/ajaxDelGoods
INFO: [ app_begin ] --START--
INFO: Run Behavior\ReadHtmlCacheBehavior [ RunTime:0.000000s ]
INFO: [ app_begin ] --END-- [ RunTime:0.000000s ]
SQL: DESCRIBE fm_navigation [ RunTime:0.015600s ]
SQL: SELECT * FROM `fm_navigation` WHERE ( nav_type=1 ) ORDER BY nav_rank ASC,nav_id ASC  [ RunTime:0.000000s ]
SQL: DESCRIBE fm_cart [ RunTime:0.015600s ]
SQL: DELETE FROM `fm_cart` WHERE ( member_id=17 AND goods_id=32 AND goods_size="S" ) [ RunTime:0.000000s ]
NOTIC: [8] Undefined variable: isOk D:\wamp\www\web\FanMi\Home\Controller\CartController.class.php 第 113 行.

[ 2015-03-24T13:18:10+08:00 ] 192.168.51.228 /Home/Cart/addToCart
INFO: [ app_begin ] --START--
INFO: Run Behavior\ReadHtmlCacheBehavior [ RunTime:0.000000s ]
INFO: [ app_begin ] --END-- [ RunTime:0.000000s ]
SQL: DESCRIBE fm_navigation [ RunTime:0.000000s ]
SQL: SELECT * FROM `fm_navigation` WHERE ( nav_type=1 ) ORDER BY nav_rank ASC,nav_id ASC  [ RunTime:0.000000s ]
SQL: DESCRIBE fm_cart [ RunTime:0.000000s ]
SQL: SELECT * FROM `fm_cart` WHERE ( member_id='17' AND goods_id=32 AND goods_size='S' AND userweight=70 AND userheight=1.2 )  [ RunTime:0.000000s ]
SQL: INSERT INTO `fm_cart` (`goods_id`,`userheight`,`userweight`,`goods_size`,`amount`,`member_id`) VALUES (32,1,70,'S',1,17) [ RunTime:0.000000s ]

[ 2015-03-24T13:18:19+08:00 ] 192.168.51.228 /Home/Cart/ajaxDelGoods
INFO: [ app_begin ] --START--
INFO: Run Behavior\ReadHtmlCacheBehavior [ RunTime:0.000000s ]
INFO: [ app_begin ] --END-- [ RunTime:0.000000s ]
SQL: DESCRIBE fm_navigation [ RunTime:0.000000s ]
SQL: SELECT * FROM `fm_navigation` WHERE ( nav_type=1 ) ORDER BY nav_rank ASC,nav_id ASC  [ RunTime:0.000000s ]
SQL: DESCRIBE fm_cart [ RunTime:0.000000s ]
SQL: DELETE FROM `fm_cart` WHERE ( member_id=17 AND goods_id=32 AND goods_size="S" ) [ RunTime:0.000000s ]
NOTIC: [8] Undefined variable: isOk D:\wamp\www\web\FanMi\Home\Controller\CartController.class.php 第 113 行.

[ 2015-03-24T13:18:45+08:00 ] 192.168.51.228 /Home/Cart/addToCart
INFO: [ app_begin ] --START--
INFO: Run Behavior\ReadHtmlCacheBehavior [ RunTime:0.000000s ]
INFO: [ app_begin ] --END-- [ RunTime:0.000000s ]
SQL: DESCRIBE fm_navigation [ RunTime:0.015600s ]
SQL: SELECT * FROM `fm_navigation` WHERE ( nav_type=1 ) ORDER BY nav_rank ASC,nav_id ASC  [ RunTime:0.000000s ]
SQL: DESCRIBE fm_cart [ RunTime:0.015600s ]
SQL: SELECT * FROM `fm_cart` WHERE ( member_id='17' AND goods_id=32 AND goods_size='S' AND userweight=70 AND userheight=1.2 )  [ RunTime:0.000000s ]
SQL: INSERT INTO `fm_cart` (`goods_id`,`userheight`,`userweight`,`goods_size`,`amount`,`member_id`) VALUES (32,1,70,'S',1,17) [ RunTime:0.000000s ]

[ 2015-03-24T13:21:04+08:00 ] 192.168.51.228 /Home/Cart/ajaxDelGoods
INFO: [ app_begin ] --START--
INFO: Run Behavior\ReadHtmlCacheBehavior [ RunTime:0.000000s ]
INFO: [ app_begin ] --END-- [ RunTime:0.000000s ]
SQL: DESCRIBE fm_navigation [ RunTime:0.000000s ]
SQL: SELECT * FROM `fm_navigation` WHERE ( nav_type=1 ) ORDER BY nav_rank ASC,nav_id ASC  [ RunTime:0.000000s ]
SQL: DESCRIBE fm_cart [ RunTime:0.000000s ]
SQL: DELETE FROM `fm_cart` WHERE ( member_id=17 AND goods_id=32 AND goods_size="S" ) [ RunTime:0.000000s ]
NOTIC: [8] Undefined variable: isOk D:\wamp\www\web\FanMi\Home\Controller\CartController.class.php 第 113 行.

[ 2015-03-24T13:23:46+08:00 ] 192.168.51.228 /Home/Cart/addToCart
INFO: [ app_begin ] --START--
INFO: Run Behavior\ReadHtmlCacheBehavior [ RunTime:0.000000s ]
INFO: [ app_begin ] --END-- [ RunTime:0.015600s ]
SQL: DESCRIBE fm_navigation [ RunTime:0.015600s ]
SQL: SELECT * FROM `fm_navigation` WHERE ( nav_type=1 ) ORDER BY nav_rank ASC,nav_id ASC  [ RunTime:0.000000s ]
SQL: DESCRIBE fm_cart [ RunTime:0.015601s ]
SQL: SELECT * FROM `fm_cart` WHERE ( member_id='17' AND goods_id=32 AND goods_size='S' AND userweight=65 AND userheight=1.3 )  [ RunTime:0.000000s ]
SQL: INSERT INTO `fm_cart` (`goods_id`,`userheight`,`userweight`,`goods_size`,`amount`,`member_id`) VALUES (32,1,65,'S',1,17) [ RunTime:0.000000s ]

[ 2015-03-24T13:23:50+08:00 ] 192.168.51.228 /Home/Cart/addToCart
INFO: [ app_begin ] --START--
INFO: Run Behavior\ReadHtmlCacheBehavior [ RunTime:0.000000s ]
INFO: [ app_begin ] --END-- [ RunTime:0.000000s ]
SQL: DESCRIBE fm_navigation [ RunTime:0.000000s ]
SQL: SELECT * FROM `fm_navigation` WHERE ( nav_type=1 ) ORDER BY nav_rank ASC,nav_id ASC  [ RunTime:0.000000s ]
SQL: DESCRIBE fm_cart [ RunTime:0.000000s ]
SQL: SELECT * FROM `fm_cart` WHERE ( member_id='17' AND goods_id=32 AND goods_size='XL' AND userweight=85 AND userheight=1.3 )  [ RunTime:0.000000s ]
SQL: INSERT INTO `fm_cart` (`goods_id`,`userheight`,`userweight`,`goods_size`,`amount`,`member_id`) VALUES (32,1,85,'XL',1,17) [ RunTime:0.000000s ]

[ 2015-03-24T13:23:58+08:00 ] 192.168.51.228 /Home/Cart/ajaxDelGoods
INFO: [ app_begin ] --START--
INFO: Run Behavior\ReadHtmlCacheBehavior [ RunTime:0.000000s ]
INFO: [ app_begin ] --END-- [ RunTime:0.000000s ]
SQL: DESCRIBE fm_navigation [ RunTime:0.015600s ]
SQL: SELECT * FROM `fm_navigation` WHERE ( nav_type=1 ) ORDER BY nav_rank ASC,nav_id ASC  [ RunTime:0.000000s ]
SQL: DESCRIBE fm_cart [ RunTime:0.015600s ]
SQL: DELETE FROM `fm_cart` WHERE ( member_id=17 AND goods_id=32 AND goods_size="XL" ) [ RunTime:0.000000s ]
NOTIC: [8] Undefined variable: isOk D:\wamp\www\web\FanMi\Home\Controller\CartController.class.php 第 113 行.

[ 2015-03-24T13:24:02+08:00 ] 192.168.51.228 /Home/Cart/ajaxDelGoods
INFO: [ app_begin ] --START--
INFO: Run Behavior\ReadHtmlCacheBehavior [ RunTime:0.000000s ]
INFO: [ app_begin ] --END-- [ RunTime:0.000000s ]
SQL: DESCRIBE fm_navigation [ RunTime:0.000000s ]
SQL: SELECT * FROM `fm_navigation` WHERE ( nav_type=1 ) ORDER BY nav_rank ASC,nav_id ASC  [ RunTime:0.000000s ]
SQL: DESCRIBE fm_cart [ RunTime:0.000000s ]
SQL: DELETE FROM `fm_cart` WHERE ( member_id=17 AND goods_id=32 AND goods_size="S" ) [ RunTime:0.000000s ]
NOTIC: [8] Undefined variable: isOk D:\wamp\www\web\FanMi\Home\Controller\CartController.class.php 第 113 行.

[ 2015-03-24T13:24:14+08:00 ] 192.168.51.228 /Home/Cart/addToCart
INFO: [ app_begin ] --START--
INFO: Run Behavior\ReadHtmlCacheBehavior [ RunTime:0.000000s ]
INFO: [ app_begin ] --END-- [ RunTime:0.015601s ]
SQL: DESCRIBE fm_navigation [ RunTime:0.015600s ]
SQL: SELECT * FROM `fm_navigation` WHERE ( nav_type=1 ) ORDER BY nav_rank ASC,nav_id ASC  [ RunTime:0.000000s ]
SQL: DESCRIBE fm_cart [ RunTime:0.015600s ]
SQL: SELECT * FROM `fm_cart` WHERE ( member_id='17' AND goods_id=32 AND goods_size='XL' AND userweight=85 AND userheight=1.3 )  [ RunTime:0.000000s ]
SQL: INSERT INTO `fm_cart` (`goods_id`,`userheight`,`userweight`,`goods_size`,`amount`,`member_id`) VALUES (32,1,85,'XL',1,17) [ RunTime:0.000000s ]

[ 2015-03-24T13:24:21+08:00 ] 192.168.51.228 /Home/Cart/addToCart
INFO: [ app_begin ] --START--
INFO: Run Behavior\ReadHtmlCacheBehavior [ RunTime:0.000000s ]
INFO: [ app_begin ] --END-- [ RunTime:0.000000s ]
SQL: DESCRIBE fm_navigation [ RunTime:0.000000s ]
SQL: SELECT * FROM `fm_navigation` WHERE ( nav_type=1 ) ORDER BY nav_rank ASC,nav_id ASC  [ RunTime:0.000000s ]
SQL: DESCRIBE fm_cart [ RunTime:0.000000s ]
SQL: SELECT * FROM `fm_cart` WHERE ( member_id='17' AND goods_id=32 AND goods_size='M' AND userweight=70 AND userheight=1.3 )  [ RunTime:0.015600s ]
SQL: INSERT INTO `fm_cart` (`goods_id`,`userheight`,`userweight`,`goods_size`,`amount`,`member_id`) VALUES (32,1,70,'M',1,17) [ RunTime:0.000000s ]

[ 2015-03-24T13:24:28+08:00 ] 192.168.51.228 /Home/Cart/ajaxUpdateGoods
INFO: [ app_begin ] --START--
INFO: Run Behavior\ReadHtmlCacheBehavior [ RunTime:0.015600s ]
INFO: [ app_begin ] --END-- [ RunTime:0.015600s ]
SQL: DESCRIBE fm_navigation [ RunTime:0.015600s ]
SQL: SELECT * FROM `fm_navigation` WHERE ( nav_type=1 ) ORDER BY nav_rank ASC,nav_id ASC  [ RunTime:0.000000s ]
SQL: DESCRIBE fm_cart [ RunTime:0.015600s ]
SQL: UPDATE `fm_cart` SET `amount`=2 WHERE ( member_id=17 AND goods_id=32 AND goods_size="XL" ) [ RunTime:0.000000s ]
NOTIC: [8] Undefined variable: isOk D:\wamp\www\web\FanMi\Home\Controller\CartController.class.php 第 137 行.

[ 2015-03-24T13:24:32+08:00 ] 192.168.51.228 /Home/Cart/ajaxDelGoods
INFO: [ app_begin ] --START--
INFO: Run Behavior\ReadHtmlCacheBehavior [ RunTime:0.000000s ]
INFO: [ app_begin ] --END-- [ RunTime:0.000000s ]
SQL: DESCRIBE fm_navigation [ RunTime:0.015600s ]
SQL: SELECT * FROM `fm_navigation` WHERE ( nav_type=1 ) ORDER BY nav_rank ASC,nav_id ASC  [ RunTime:0.000000s ]
SQL: DESCRIBE fm_cart [ RunTime:0.015600s ]
SQL: DELETE FROM `fm_cart` WHERE ( member_id=17 AND goods_id=32 AND goods_size="M" ) [ RunTime:0.000000s ]
NOTIC: [8] Undefined variable: isOk D:\wamp\www\web\FanMi\Home\Controller\CartController.class.php 第 113 行.

[ 2015-03-24T15:31:23+08:00 ] 192.168.51.228 /Home/Manager/modifyAddress
INFO: [ app_begin ] --START--
INFO: Run Behavior\ReadHtmlCacheBehavior [ RunTime:0.000000s ]
INFO: [ app_begin ] --END-- [ RunTime:0.015600s ]
SQL: DESCRIBE fm_navigation [ RunTime:0.015600s ]
SQL: SELECT * FROM `fm_navigation` WHERE ( nav_type=1 ) ORDER BY nav_rank ASC,nav_id ASC  [ RunTime:0.000000s ]

[ 2015-03-24T16:23:30+08:00 ] 192.168.51.228 /Home/Manager/addAddress
INFO: [ app_begin ] --START--
INFO: Run Behavior\ReadHtmlCacheBehavior [ RunTime:0.000000s ]
INFO: [ app_begin ] --END-- [ RunTime:0.000000s ]
SQL: DESCRIBE fm_navigation [ RunTime:0.000000s ]
SQL: SELECT * FROM `fm_navigation` WHERE ( nav_type=1 ) ORDER BY nav_rank ASC,nav_id ASC  [ RunTime:0.000000s ]
SQL: DESCRIBE fm_user [ RunTime:0.000000s ]
SQL: SELECT * FROM `fm_user` WHERE `user_id` = 17 LIMIT 1   [ RunTime:0.000000s ]
SQL: DESCRIBE fm_address [ RunTime:0.015600s ]
SQL: INSERT INTO `fm_address` (`shr_name`,`shr_province`,`shr_city`,`shr_area`,`shr_address`,`shr_phone`,`member_id`) VALUES ('李德全','内蒙古自治区','乌海市','乌达区','华师','',17) [ RunTime:0.000000s ]

[ 2015-03-24T16:24:30+08:00 ] 192.168.51.228 /Home/Manager/modifyAddress
INFO: [ app_begin ] --START--
INFO: Run Behavior\ReadHtmlCacheBehavior [ RunTime:0.000000s ]
INFO: [ app_begin ] --END-- [ RunTime:0.000000s ]
SQL: DESCRIBE fm_navigation [ RunTime:0.000000s ]
SQL: SELECT * FROM `fm_navigation` WHERE ( nav_type=1 ) ORDER BY nav_rank ASC,nav_id ASC  [ RunTime:0.000000s ]
SQL: DESCRIBE fm_user [ RunTime:0.000000s ]
SQL: SELECT * FROM `fm_user` WHERE `user_id` = 17 LIMIT 1   [ RunTime:0.000000s ]
SQL: DESCRIBE fm_address [ RunTime:0.015600s ]
SQL: UPDATE `fm_address` SET `shr_name`='李德全',`shr_province`='内蒙古自治区',`shr_city`='乌海市',`shr_area`='乌达区',`shr_address`=' 华师',`shr_phone`='  ' WHERE ( id=14 ) [ RunTime:0.000000s ]

[ 2015-03-24T16:24:38+08:00 ] 192.168.51.228 /Home/Manager/modifyAddress
INFO: [ app_begin ] --START--
INFO: Run Behavior\ReadHtmlCacheBehavior [ RunTime:0.000000s ]
INFO: [ app_begin ] --END-- [ RunTime:0.000000s ]
SQL: DESCRIBE fm_navigation [ RunTime:0.000000s ]
SQL: SELECT * FROM `fm_navigation` WHERE ( nav_type=1 ) ORDER BY nav_rank ASC,nav_id ASC  [ RunTime:0.000000s ]
SQL: DESCRIBE fm_user [ RunTime:0.015600s ]
SQL: SELECT * FROM `fm_user` WHERE `user_id` = 17 LIMIT 1   [ RunTime:0.000000s ]
SQL: DESCRIBE fm_address [ RunTime:0.015600s ]
SQL: UPDATE `fm_address` SET `shr_name`='李德全',`shr_province`='内蒙古自治区',`shr_city`='乌海市',`shr_area`='乌达区',`shr_address`='  华师',`shr_phone`='    13164100890' WHERE ( id=14 ) [ RunTime:0.000000s ]

[ 2015-03-24T16:25:56+08:00 ] 192.168.51.228 /Home/Manager/addAddress
INFO: [ app_begin ] --START--
INFO: Run Behavior\ReadHtmlCacheBehavior [ RunTime:0.000000s ]
INFO: [ app_begin ] --END-- [ RunTime:0.000000s ]
SQL: DESCRIBE fm_navigation [ RunTime:0.000000s ]
SQL: SELECT * FROM `fm_navigation` WHERE ( nav_type=1 ) ORDER BY nav_rank ASC,nav_id ASC  [ RunTime:0.000000s ]
SQL: DESCRIBE fm_user [ RunTime:0.015600s ]
SQL: SELECT * FROM `fm_user` WHERE `user_id` = 17 LIMIT 1   [ RunTime:0.000000s ]
SQL: DESCRIBE fm_address [ RunTime:0.015600s ]
SQL: INSERT INTO `fm_address` (`shr_name`,`shr_province`,`shr_city`,`shr_area`,`shr_address`,`shr_phone`,`member_id`) VALUES ('','0','','','','',17) [ RunTime:0.000000s ]

[ 2015-03-24T16:26:03+08:00 ] 192.168.51.228 /Home/Manager/deladdress
INFO: [ app_begin ] --START--
INFO: Run Behavior\ReadHtmlCacheBehavior [ RunTime:0.000000s ]
INFO: [ app_begin ] --END-- [ RunTime:0.000000s ]
SQL: DESCRIBE fm_navigation [ RunTime:0.000000s ]
SQL: SELECT * FROM `fm_navigation` WHERE ( nav_type=1 ) ORDER BY nav_rank ASC,nav_id ASC  [ RunTime:0.000000s ]
SQL: DESCRIBE fm_user [ RunTime:0.015600s ]
SQL: SELECT * FROM `fm_user` WHERE `user_id` = 17 LIMIT 1   [ RunTime:0.000000s ]
SQL: DESCRIBE fm_address [ RunTime:0.015600s ]
SQL: DELETE FROM `fm_address` WHERE `id` = 15 [ RunTime:0.000000s ]

[ 2015-03-24T16:28:53+08:00 ] 192.168.51.228 /Home/User/modifyinfo
INFO: [ app_begin ] --START--
INFO: Run Behavior\ReadHtmlCacheBehavior [ RunTime:0.000000s ]
INFO: [ app_begin ] --END-- [ RunTime:0.000000s ]
SQL: DESCRIBE fm_navigation [ RunTime:0.000000s ]
SQL: SELECT * FROM `fm_navigation` WHERE ( nav_type=1 ) ORDER BY nav_rank ASC,nav_id ASC  [ RunTime:0.000000s ]
SQL: DESCRIBE fm_user [ RunTime:0.015600s ]
SQL: UPDATE `fm_user` SET `user_nickname`='泛米user',`user_tel`='13164100890',`user_id`=17 WHERE ( user_id=17 ) [ RunTime:0.015600s ]

[ 2015-03-24T16:29:12+08:00 ] 192.168.51.228 /Home/User/modifyinfo
INFO: [ app_begin ] --START--
INFO: Run Behavior\ReadHtmlCacheBehavior [ RunTime:0.015600s ]
INFO: [ app_begin ] --END-- [ RunTime:0.015600s ]
SQL: DESCRIBE fm_navigation [ RunTime:0.015600s ]
SQL: SELECT * FROM `fm_navigation` WHERE ( nav_type=1 ) ORDER BY nav_rank ASC,nav_id ASC  [ RunTime:0.000000s ]
SQL: DESCRIBE fm_user [ RunTime:0.015600s ]
SQL: UPDATE `fm_user` SET `user_nickname`='泛米user',`user_tel`='131 6410 0891',`user_id`=17 WHERE ( user_id=17 ) [ RunTime:0.015600s ]

[ 2015-03-24T16:58:07+08:00 ] 192.168.51.228 /Home/Manager/modifyAddress
INFO: [ app_begin ] --START--
INFO: Run Behavior\ReadHtmlCacheBehavior [ RunTime:0.000000s ]
INFO: [ app_begin ] --END-- [ RunTime:0.000000s ]
SQL: DESCRIBE fm_navigation [ RunTime:0.000000s ]
SQL: SELECT * FROM `fm_navigation` WHERE ( nav_type=1 ) ORDER BY nav_rank ASC,nav_id ASC  [ RunTime:0.000000s ]
SQL: DESCRIBE fm_user [ RunTime:0.000000s ]
SQL: SELECT * FROM `fm_user` WHERE `user_id` = 17 LIMIT 1   [ RunTime:0.000000s ]
SQL: DESCRIBE fm_address [ RunTime:0.015600s ]
SQL: UPDATE `fm_address` SET `shr_name`='李德全',`shr_province`='内蒙古自治区',`shr_city`='乌海市',`shr_area`='乌达区',`shr_address`='华师大',`shr_phone`='     13164100890 ' WHERE ( id=14 ) [ RunTime:0.000000s ]

[ 2015-03-24T17:05:46+08:00 ] 192.168.51.228 /Home/Manager/modifyAddress
INFO: [ app_begin ] --START--
INFO: Run Behavior\ReadHtmlCacheBehavior [ RunTime:0.000000s ]
INFO: [ app_begin ] --END-- [ RunTime:0.015600s ]
SQL: DESCRIBE fm_navigation [ RunTime:0.000000s ]
SQL: SELECT * FROM `fm_navigation` WHERE ( nav_type=1 ) ORDER BY nav_rank ASC,nav_id ASC  [ RunTime:0.000000s ]
SQL: DESCRIBE fm_user [ RunTime:0.015600s ]
SQL: SELECT * FROM `fm_user` WHERE `user_id` = 17 LIMIT 1   [ RunTime:0.000000s ]
SQL: DESCRIBE fm_address [ RunTime:0.015600s ]
SQL: UPDATE `fm_address` SET `shr_name`='李德全',`shr_province`='湖北省',`shr_city`='武汉市',`shr_area`='武昌区',`shr_address`=' 华师大',`shr_phone`='      13164100890  ' WHERE ( id=14 ) [ RunTime:0.000000s ]

[ 2015-03-24T17:07:03+08:00 ] 192.168.51.228 /Home/Manager/addAddress
INFO: [ app_begin ] --START--
INFO: Run Behavior\ReadHtmlCacheBehavior [ RunTime:0.000000s ]
INFO: [ app_begin ] --END-- [ RunTime:0.000000s ]
SQL: DESCRIBE fm_navigation [ RunTime:0.000000s ]
SQL: SELECT * FROM `fm_navigation` WHERE ( nav_type=1 ) ORDER BY nav_rank ASC,nav_id ASC  [ RunTime:0.000000s ]
SQL: DESCRIBE fm_user [ RunTime:0.000000s ]
SQL: SELECT * FROM `fm_user` WHERE `user_id` = 17 LIMIT 1   [ RunTime:0.000000s ]
SQL: DESCRIBE fm_address [ RunTime:0.015600s ]
SQL: INSERT INTO `fm_address` (`shr_name`,`shr_province`,`shr_city`,`shr_area`,`shr_address`,`shr_phone`,`member_id`) VALUES ('DQS','吉林省','四平市','梨树县','华师大','13164100890',17) [ RunTime:0.000000s ]

[ 2015-03-24T17:23:43+08:00 ] 192.168.51.228 /Home/Manager/ajaxDefault
INFO: [ app_begin ] --START--
INFO: Run Behavior\ReadHtmlCacheBehavior [ RunTime:0.000000s ]
INFO: [ app_begin ] --END-- [ RunTime:0.000000s ]
SQL: DESCRIBE fm_navigation [ RunTime:0.000000s ]
SQL: SELECT * FROM `fm_navigation` WHERE ( nav_type=1 ) ORDER BY nav_rank ASC,nav_id ASC  [ RunTime:0.015600s ]
SQL: DESCRIBE fm_user [ RunTime:0.000000s ]
SQL: SELECT * FROM `fm_user` WHERE `user_id` = 17 LIMIT 1   [ RunTime:0.015600s ]
SQL: DESCRIBE fm_address [ RunTime:0.000000s ]
SQL: UPDATE `fm_address` SET `is_default`=0 WHERE ( is_default=1 ) [ RunTime:0.000000s ]
SQL: UPDATE `fm_address` SET `is_default`=1 WHERE ( id=14 ) [ RunTime:0.000000s ]

[ 2015-03-24T17:23:46+08:00 ] 192.168.51.228 /Home/Manager/ajaxDefault
INFO: [ app_begin ] --START--
INFO: Run Behavior\ReadHtmlCacheBehavior [ RunTime:0.000000s ]
INFO: [ app_begin ] --END-- [ RunTime:0.000000s ]
SQL: DESCRIBE fm_navigation [ RunTime:0.000000s ]
SQL: SELECT * FROM `fm_navigation` WHERE ( nav_type=1 ) ORDER BY nav_rank ASC,nav_id ASC  [ RunTime:0.000000s ]
SQL: DESCRIBE fm_user [ RunTime:0.015600s ]
SQL: SELECT * FROM `fm_user` WHERE `user_id` = 17 LIMIT 1   [ RunTime:0.000000s ]
SQL: DESCRIBE fm_address [ RunTime:0.015600s ]
SQL: UPDATE `fm_address` SET `is_default`=0 WHERE ( is_default=1 ) [ RunTime:0.000000s ]
SQL: UPDATE `fm_address` SET `is_default`=1 WHERE ( id=16 ) [ RunTime:0.000000s ]

[ 2015-03-24T17:24:12+08:00 ] 192.168.51.228 /Home/Manager/modifyAddress
INFO: [ app_begin ] --START--
INFO: Run Behavior\ReadHtmlCacheBehavior [ RunTime:0.000000s ]
INFO: [ app_begin ] --END-- [ RunTime:0.000000s ]
SQL: DESCRIBE fm_navigation [ RunTime:0.000000s ]
SQL: SELECT * FROM `fm_navigation` WHERE ( nav_type=1 ) ORDER BY nav_rank ASC,nav_id ASC  [ RunTime:0.000000s ]
SQL: DESCRIBE fm_user [ RunTime:0.000000s ]
SQL: SELECT * FROM `fm_user` WHERE `user_id` = 17 LIMIT 1   [ RunTime:0.000000s ]
SQL: DESCRIBE fm_address [ RunTime:0.015600s ]
SQL: UPDATE `fm_address` SET `is_default`=0 WHERE ( is_default=1 ) [ RunTime:0.000000s ]
SQL: UPDATE `fm_address` SET `shr_name`='李德全',`shr_province`='湖北省',`shr_city`='武汉市',`shr_area`='武昌区',`shr_address`=' 华师大',`shr_phone`='134 6410 0890   ',`is_default`=1 WHERE ( id=14 ) [ RunTime:0.000000s ]

[ 2015-03-24T17:29:50+08:00 ] 192.168.51.228 /Home/Manager/addAddress
INFO: [ app_begin ] --START--
INFO: Run Behavior\ReadHtmlCacheBehavior [ RunTime:0.015600s ]
INFO: [ app_begin ] --END-- [ RunTime:0.015600s ]
SQL: DESCRIBE fm_navigation [ RunTime:0.000000s ]
SQL: SELECT * FROM `fm_navigation` WHERE ( nav_type=1 ) ORDER BY nav_rank ASC,nav_id ASC  [ RunTime:0.000000s ]
SQL: DESCRIBE fm_user [ RunTime:0.015600s ]
SQL: SELECT * FROM `fm_user` WHERE `user_id` = 17 LIMIT 1   [ RunTime:0.000000s ]
SQL: DESCRIBE fm_address [ RunTime:0.015600s ]
SQL: UPDATE `fm_address` SET `is_default`=0 WHERE ( is_default=1 ) [ RunTime:0.000000s ]
SQL: INSERT INTO `fm_address` (`shr_name`,`shr_province`,`shr_city`,`shr_area`,`shr_address`,`shr_phone`,`member_id`,`is_default`) VALUES ('徐晓','湖北省','武汉市','汉阳区','华师大','136 0891 1234',17,1) [ RunTime:0.000000s ]

[ 2015-03-24T17:30:03+08:00 ] 192.168.51.228 /Home/Manager/ajaxDefault
INFO: [ app_begin ] --START--
INFO: Run Behavior\ReadHtmlCacheBehavior [ RunTime:0.000000s ]
INFO: [ app_begin ] --END-- [ RunTime:0.000000s ]
SQL: DESCRIBE fm_navigation [ RunTime:0.015600s ]
SQL: SELECT * FROM `fm_navigation` WHERE ( nav_type=1 ) ORDER BY nav_rank ASC,nav_id ASC  [ RunTime:0.000000s ]
SQL: DESCRIBE fm_user [ RunTime:0.000000s ]
SQL: SELECT * FROM `fm_user` WHERE `user_id` = 17 LIMIT 1   [ RunTime:0.000000s ]
SQL: DESCRIBE fm_address [ RunTime:0.000000s ]
SQL: UPDATE `fm_address` SET `is_default`=0 WHERE ( is_default=1 ) [ RunTime:0.000000s ]
SQL: UPDATE `fm_address` SET `is_default`=1 WHERE ( id=14 ) [ RunTime:0.000000s ]

[ 2015-03-24T17:30:11+08:00 ] 192.168.51.228 /Home/Manager/deladdress
INFO: [ app_begin ] --START--
INFO: Run Behavior\ReadHtmlCacheBehavior [ RunTime:0.000000s ]
INFO: [ app_begin ] --END-- [ RunTime:0.000000s ]
SQL: DESCRIBE fm_navigation [ RunTime:0.015600s ]
SQL: SELECT * FROM `fm_navigation` WHERE ( nav_type=1 ) ORDER BY nav_rank ASC,nav_id ASC  [ RunTime:0.000000s ]
SQL: DESCRIBE fm_user [ RunTime:0.000000s ]
SQL: SELECT * FROM `fm_user` WHERE `user_id` = 17 LIMIT 1   [ RunTime:0.000000s ]
SQL: DESCRIBE fm_address [ RunTime:0.000000s ]
SQL: DELETE FROM `fm_address` WHERE `id` = 17 [ RunTime:0.000000s ]

[ 2015-03-24T17:32:18+08:00 ] 192.168.51.228 /Home/Manager/ajaxDefault
INFO: [ app_begin ] --START--
INFO: Run Behavior\ReadHtmlCacheBehavior [ RunTime:0.015600s ]
INFO: [ app_begin ] --END-- [ RunTime:0.015600s ]
SQL: DESCRIBE fm_navigation [ RunTime:0.015600s ]
SQL: SELECT * FROM `fm_navigation` WHERE ( nav_type=1 ) ORDER BY nav_rank ASC,nav_id ASC  [ RunTime:0.000000s ]
SQL: DESCRIBE fm_user [ RunTime:0.015600s ]
SQL: SELECT * FROM `fm_user` WHERE `user_id` = 17 LIMIT 1   [ RunTime:0.000000s ]
SQL: DESCRIBE fm_address [ RunTime:0.000000s ]
SQL: UPDATE `fm_address` SET `is_default`=0 WHERE ( is_default=1 ) [ RunTime:0.000000s ]
SQL: UPDATE `fm_address` SET `is_default`=1 WHERE ( id=16 ) [ RunTime:0.000000s ]

