[ 2015-03-21T15:36:39+08:00 ] 192.168.51.228 /Home/Manager/regist
ERR: 模板不存在:./FanMi/Home/View/APPPublic/Tpl/success.tpl.html

[ 2015-03-21T15:36:58+08:00 ] 192.168.51.228 /Home/Manager/regist
ERR: 模板不存在:./FanMi/Home/View/APP/Public/Tpl/success.tpl.html

[ 2015-03-21T15:37:18+08:00 ] 192.168.51.228 /Home/Manager/regist
ERR: 模板不存在:./FanMi/Home/View//Public/Tpl/success.tpl.html

[ 2015-03-21T15:37:38+08:00 ] 192.168.51.228 /Home/Manager/regist
ERR: 模板不存在:./FanMi/Home/View//Public/Tpl/success.html

[ 2015-03-21T15:38:01+08:00 ] 192.168.51.228 /Home/Manager/regist
ERR: 模板不存在:./FanMi/Home/View//Public/Tpl/success.html

[ 2015-03-21T15:39:26+08:00 ] 192.168.51.228 /Home/Manager/regist
ERR: 模板不存在:./FanMi/Home/View/http///www.findme.wang//Public/Tpl/success.html

[ 2015-03-21T15:39:40+08:00 ] 192.168.51.228 /Home/Manager/regist
ERR: 模板不存在:./FanMi/Home/View/http///www.findme.wang/Public/Tpl/success.html

[ 2015-03-21T15:40:32+08:00 ] 192.168.51.228 /Home/Manager/regist
ERR: 模板不存在:./FanMi/Home/View/http///www.findme.wang/Public/Tpl/success.html

[ 2015-03-21T15:41:41+08:00 ] 192.168.51.228 /Home/Manager/__HOME__/Index/index
ERR: 非法操作:__HOME__

[ 2015-03-21T17:23:05+08:00 ] 192.168.51.228 /Home/Manager/checkUserName
INFO: [ app_begin ] --START--
INFO: Run Behavior\ReadHtmlCacheBehavior [ RunTime:0.000000s ]
INFO: [ app_begin ] --END-- [ RunTime:0.000000s ]
SQL: DESCRIBE fm_navigation [ RunTime:0.000000s ]
SQL: SELECT * FROM `fm_navigation` WHERE ( nav_type=1 ) ORDER BY nav_rank ASC,nav_id ASC  [ RunTime:0.015600s ]
SQL: DESCRIBE fm_user [ RunTime:0.000000s ]
SQL: SELECT * FROM `fm_user` WHERE ( user_name='gwea' )  [ RunTime:0.000000s ]

[ 2015-03-21T17:23:41+08:00 ] 192.168.51.228 /Home/Manager/checkUserName
INFO: [ app_begin ] --START--
INFO: Run Behavior\ReadHtmlCacheBehavior [ RunTime:0.000000s ]
INFO: [ app_begin ] --END-- [ RunTime:0.000000s ]
SQL: DESCRIBE fm_navigation [ RunTime:0.015600s ]
SQL: SELECT * FROM `fm_navigation` WHERE ( nav_type=1 ) ORDER BY nav_rank ASC,nav_id ASC  [ RunTime:0.000000s ]
SQL: DESCRIBE fm_user [ RunTime:0.000000s ]
SQL: SELECT * FROM `fm_user` WHERE ( user_name='agew' )  [ RunTime:0.000000s ]

[ 2015-03-21T17:24:20+08:00 ] 192.168.51.228 /Home/Manager/checkUserName
INFO: [ app_begin ] --START--
INFO: Run Behavior\ReadHtmlCacheBehavior [ RunTime:0.000000s ]
INFO: [ app_begin ] --END-- [ RunTime:0.000000s ]
SQL: DESCRIBE fm_navigation [ RunTime:0.000000s ]
SQL: SELECT * FROM `fm_navigation` WHERE ( nav_type=1 ) ORDER BY nav_rank ASC,nav_id ASC  [ RunTime:0.000000s ]
SQL: DESCRIBE fm_user [ RunTime:0.000000s ]
SQL: SELECT * FROM `fm_user` WHERE ( user_name='agew' )  [ RunTime:0.000000s ]

[ 2015-03-21T17:24:33+08:00 ] 192.168.51.228 /Home/Manager/checkUserName
INFO: [ app_begin ] --START--
INFO: Run Behavior\ReadHtmlCacheBehavior [ RunTime:0.015600s ]
INFO: [ app_begin ] --END-- [ RunTime:0.015600s ]
SQL: DESCRIBE fm_navigation [ RunTime:0.015600s ]
SQL: SELECT * FROM `fm_navigation` WHERE ( nav_type=1 ) ORDER BY nav_rank ASC,nav_id ASC  [ RunTime:0.000000s ]
SQL: DESCRIBE fm_user [ RunTime:0.015600s ]
SQL: SELECT * FROM `fm_user` WHERE ( user_name='gawe' )  [ RunTime:0.000000s ]

[ 2015-03-21T17:25:42+08:00 ] 192.168.51.228 /Home/Manager/checkUserName
INFO: [ app_begin ] --START--
INFO: Run Behavior\ReadHtmlCacheBehavior [ RunTime:0.000000s ]
INFO: [ app_begin ] --END-- [ RunTime:0.000000s ]
SQL: DESCRIBE fm_navigation [ RunTime:0.015600s ]
SQL: SELECT * FROM `fm_navigation` WHERE ( nav_type=1 ) ORDER BY nav_rank ASC,nav_id ASC  [ RunTime:0.000000s ]
SQL: DESCRIBE fm_user [ RunTime:0.015600s ]
SQL: SELECT COUNT(*) AS tp_count FROM `fm_user` WHERE ( user_name='gawe' ) LIMIT 1   [ RunTime:0.000000s ]

[ 2015-03-21T17:25:42+08:00 ] 192.168.51.228 /Home/Manager/checkUserName
INFO: [ app_begin ] --START--
INFO: Run Behavior\ReadHtmlCacheBehavior [ RunTime:0.000000s ]
INFO: [ app_begin ] --END-- [ RunTime:0.000000s ]
SQL: DESCRIBE fm_navigation [ RunTime:0.000000s ]
SQL: SELECT * FROM `fm_navigation` WHERE ( nav_type=1 ) ORDER BY nav_rank ASC,nav_id ASC  [ RunTime:0.000000s ]
SQL: DESCRIBE fm_user [ RunTime:0.015600s ]
SQL: SELECT COUNT(*) AS tp_count FROM `fm_user` WHERE ( user_name='gawe' ) LIMIT 1   [ RunTime:0.000000s ]

[ 2015-03-21T17:25:55+08:00 ] 192.168.51.228 /Home/Manager/checkUserName
INFO: [ app_begin ] --START--
INFO: Run Behavior\ReadHtmlCacheBehavior [ RunTime:0.000000s ]
INFO: [ app_begin ] --END-- [ RunTime:0.000000s ]
SQL: DESCRIBE fm_navigation [ RunTime:0.000000s ]
SQL: SELECT * FROM `fm_navigation` WHERE ( nav_type=1 ) ORDER BY nav_rank ASC,nav_id ASC  [ RunTime:0.000000s ]
SQL: DESCRIBE fm_user [ RunTime:0.000000s ]
SQL: SELECT COUNT(*) AS tp_count FROM `fm_user` WHERE ( user_name='gesr' ) LIMIT 1   [ RunTime:0.000000s ]

[ 2015-03-21T17:25:59+08:00 ] 192.168.51.228 /Home/Manager/checkUserName
INFO: [ app_begin ] --START--
INFO: Run Behavior\ReadHtmlCacheBehavior [ RunTime:0.000000s ]
INFO: [ app_begin ] --END-- [ RunTime:0.015600s ]
SQL: DESCRIBE fm_navigation [ RunTime:0.015600s ]
SQL: SELECT * FROM `fm_navigation` WHERE ( nav_type=1 ) ORDER BY nav_rank ASC,nav_id ASC  [ RunTime:0.000000s ]
SQL: DESCRIBE fm_user [ RunTime:0.015600s ]
SQL: SELECT COUNT(*) AS tp_count FROM `fm_user` WHERE ( user_name='gesr' ) LIMIT 1   [ RunTime:0.000000s ]

[ 2015-03-21T17:25:59+08:00 ] 192.168.51.228 /Home/Manager/checkUserName
INFO: [ app_begin ] --START--
INFO: Run Behavior\ReadHtmlCacheBehavior [ RunTime:0.000000s ]
INFO: [ app_begin ] --END-- [ RunTime:0.000000s ]
SQL: DESCRIBE fm_navigation [ RunTime:0.000000s ]
SQL: SELECT * FROM `fm_navigation` WHERE ( nav_type=1 ) ORDER BY nav_rank ASC,nav_id ASC  [ RunTime:0.000000s ]
SQL: DESCRIBE fm_user [ RunTime:0.015600s ]
SQL: SELECT COUNT(*) AS tp_count FROM `fm_user` WHERE ( user_name='gesr' ) LIMIT 1   [ RunTime:0.000000s ]

[ 2015-03-21T17:26:06+08:00 ] 192.168.51.228 /Home/Manager/checkUserName
INFO: [ app_begin ] --START--
INFO: Run Behavior\ReadHtmlCacheBehavior [ RunTime:0.000000s ]
INFO: [ app_begin ] --END-- [ RunTime:0.000000s ]
SQL: DESCRIBE fm_navigation [ RunTime:0.031200s ]
SQL: SELECT * FROM `fm_navigation` WHERE ( nav_type=1 ) ORDER BY nav_rank ASC,nav_id ASC  [ RunTime:0.000000s ]
SQL: DESCRIBE fm_user [ RunTime:0.031200s ]
SQL: SELECT COUNT(*) AS tp_count FROM `fm_user` WHERE ( user_name='agew' ) LIMIT 1   [ RunTime:0.000000s ]

[ 2015-03-21T17:26:06+08:00 ] 192.168.51.228 /Home/Manager/checkUserName
INFO: [ app_begin ] --START--
INFO: Run Behavior\ReadHtmlCacheBehavior [ RunTime:0.000000s ]
INFO: [ app_begin ] --END-- [ RunTime:0.000000s ]
SQL: DESCRIBE fm_navigation [ RunTime:0.000000s ]
SQL: SELECT * FROM `fm_navigation` WHERE ( nav_type=1 ) ORDER BY nav_rank ASC,nav_id ASC  [ RunTime:0.000000s ]
SQL: DESCRIBE fm_user [ RunTime:0.015600s ]
SQL: SELECT COUNT(*) AS tp_count FROM `fm_user` WHERE ( user_name='agew' ) LIMIT 1   [ RunTime:0.000000s ]

[ 2015-03-21T17:26:06+08:00 ] 192.168.51.228 /Home/Manager/checkUserName
INFO: [ app_begin ] --START--
INFO: Run Behavior\ReadHtmlCacheBehavior [ RunTime:0.000000s ]
INFO: [ app_begin ] --END-- [ RunTime:0.000000s ]
SQL: DESCRIBE fm_navigation [ RunTime:0.000000s ]
SQL: SELECT * FROM `fm_navigation` WHERE ( nav_type=1 ) ORDER BY nav_rank ASC,nav_id ASC  [ RunTime:0.015600s ]
SQL: DESCRIBE fm_user [ RunTime:0.000000s ]
SQL: SELECT COUNT(*) AS tp_count FROM `fm_user` WHERE ( user_name='agew' ) LIMIT 1   [ RunTime:0.000000s ]

[ 2015-03-21T17:30:25+08:00 ] 192.168.51.228 /Home/Manager/checkUserName
INFO: [ app_begin ] --START--
INFO: Run Behavior\ReadHtmlCacheBehavior [ RunTime:0.000000s ]
INFO: [ app_begin ] --END-- [ RunTime:0.000000s ]
SQL: DESCRIBE fm_navigation [ RunTime:0.000000s ]
SQL: SELECT * FROM `fm_navigation` WHERE ( nav_type=1 ) ORDER BY nav_rank ASC,nav_id ASC  [ RunTime:0.000000s ]
SQL: DESCRIBE fm_user [ RunTime:0.000000s ]
SQL: SELECT COUNT(*) AS tp_count FROM `fm_user` WHERE ( user_name='grse' ) LIMIT 1   [ RunTime:0.000000s ]

[ 2015-03-21T17:30:29+08:00 ] 192.168.51.228 /Home/Manager/checkUserName
INFO: [ app_begin ] --START--
INFO: Run Behavior\ReadHtmlCacheBehavior [ RunTime:0.000000s ]
INFO: [ app_begin ] --END-- [ RunTime:0.000000s ]
SQL: DESCRIBE fm_navigation [ RunTime:0.000000s ]
SQL: SELECT * FROM `fm_navigation` WHERE ( nav_type=1 ) ORDER BY nav_rank ASC,nav_id ASC  [ RunTime:0.000000s ]
SQL: DESCRIBE fm_user [ RunTime:0.000000s ]
SQL: SELECT COUNT(*) AS tp_count FROM `fm_user` WHERE ( user_name='gwegwea' ) LIMIT 1   [ RunTime:0.000000s ]

[ 2015-03-21T17:30:29+08:00 ] 192.168.51.228 /Home/Manager/checkUserName
INFO: [ app_begin ] --START--
INFO: Run Behavior\ReadHtmlCacheBehavior [ RunTime:0.000000s ]
INFO: [ app_begin ] --END-- [ RunTime:0.000000s ]
SQL: DESCRIBE fm_navigation [ RunTime:0.000000s ]
SQL: SELECT * FROM `fm_navigation` WHERE ( nav_type=1 ) ORDER BY nav_rank ASC,nav_id ASC  [ RunTime:0.000000s ]
SQL: DESCRIBE fm_user [ RunTime:0.000000s ]
SQL: SELECT COUNT(*) AS tp_count FROM `fm_user` WHERE ( user_name='gwegwea' ) LIMIT 1   [ RunTime:0.000000s ]

[ 2015-03-21T17:30:49+08:00 ] 192.168.51.228 /Home/Manager/checkUserName
INFO: [ app_begin ] --START--
INFO: Run Behavior\ReadHtmlCacheBehavior [ RunTime:0.000000s ]
INFO: [ app_begin ] --END-- [ RunTime:0.000000s ]
SQL: DESCRIBE fm_navigation [ RunTime:0.000000s ]
SQL: SELECT * FROM `fm_navigation` WHERE ( nav_type=1 ) ORDER BY nav_rank ASC,nav_id ASC  [ RunTime:0.000000s ]
SQL: DESCRIBE fm_user [ RunTime:0.000000s ]
SQL: SELECT COUNT(*) AS tp_count FROM `fm_user` WHERE ( user_name='agwe' ) LIMIT 1   [ RunTime:0.000000s ]

[ 2015-03-21T17:30:54+08:00 ] 192.168.51.228 /Home/Manager/checkUserName
INFO: [ app_begin ] --START--
INFO: Run Behavior\ReadHtmlCacheBehavior [ RunTime:0.015600s ]
INFO: [ app_begin ] --END-- [ RunTime:0.015600s ]
SQL: DESCRIBE fm_navigation [ RunTime:0.000000s ]
SQL: SELECT * FROM `fm_navigation` WHERE ( nav_type=1 ) ORDER BY nav_rank ASC,nav_id ASC  [ RunTime:0.000000s ]
SQL: DESCRIBE fm_user [ RunTime:0.000000s ]
SQL: SELECT COUNT(*) AS tp_count FROM `fm_user` WHERE ( user_name='agwe' ) LIMIT 1   [ RunTime:0.000000s ]

[ 2015-03-21T17:30:54+08:00 ] 192.168.51.228 /Home/Manager/checkUserName
INFO: [ app_begin ] --START--
INFO: Run Behavior\ReadHtmlCacheBehavior [ RunTime:0.015600s ]
INFO: [ app_begin ] --END-- [ RunTime:0.015600s ]
SQL: DESCRIBE fm_navigation [ RunTime:0.000000s ]
SQL: SELECT * FROM `fm_navigation` WHERE ( nav_type=1 ) ORDER BY nav_rank ASC,nav_id ASC  [ RunTime:0.015600s ]
SQL: DESCRIBE fm_user [ RunTime:0.000000s ]
SQL: SELECT COUNT(*) AS tp_count FROM `fm_user` WHERE ( user_name='agwe' ) LIMIT 1   [ RunTime:0.000000s ]

[ 2015-03-21T17:30:58+08:00 ] 192.168.51.228 /Home/Manager/checkUserName
INFO: [ app_begin ] --START--
INFO: Run Behavior\ReadHtmlCacheBehavior [ RunTime:0.000000s ]
INFO: [ app_begin ] --END-- [ RunTime:0.015600s ]
SQL: DESCRIBE fm_navigation [ RunTime:0.000000s ]
SQL: SELECT * FROM `fm_navigation` WHERE ( nav_type=1 ) ORDER BY nav_rank ASC,nav_id ASC  [ RunTime:0.000000s ]
SQL: DESCRIBE fm_user [ RunTime:0.000000s ]
SQL: SELECT COUNT(*) AS tp_count FROM `fm_user` WHERE ( user_name='agwe' ) LIMIT 1   [ RunTime:0.000000s ]

[ 2015-03-21T17:30:58+08:00 ] 192.168.51.228 /Home/Manager/checkUserName
INFO: [ app_begin ] --START--
INFO: Run Behavior\ReadHtmlCacheBehavior [ RunTime:0.000000s ]
INFO: [ app_begin ] --END-- [ RunTime:0.000000s ]
SQL: DESCRIBE fm_navigation [ RunTime:0.000000s ]
SQL: SELECT * FROM `fm_navigation` WHERE ( nav_type=1 ) ORDER BY nav_rank ASC,nav_id ASC  [ RunTime:0.000000s ]
SQL: DESCRIBE fm_user [ RunTime:0.000000s ]
SQL: SELECT COUNT(*) AS tp_count FROM `fm_user` WHERE ( user_name='agwe' ) LIMIT 1   [ RunTime:0.000000s ]

[ 2015-03-21T17:30:58+08:00 ] 192.168.51.228 /Home/Manager/checkUserName
INFO: [ app_begin ] --START--
INFO: Run Behavior\ReadHtmlCacheBehavior [ RunTime:0.000000s ]
INFO: [ app_begin ] --END-- [ RunTime:0.000000s ]
SQL: DESCRIBE fm_navigation [ RunTime:0.015600s ]
SQL: SELECT * FROM `fm_navigation` WHERE ( nav_type=1 ) ORDER BY nav_rank ASC,nav_id ASC  [ RunTime:0.000000s ]
SQL: DESCRIBE fm_user [ RunTime:0.000000s ]
SQL: SELECT COUNT(*) AS tp_count FROM `fm_user` WHERE ( user_name='agwe' ) LIMIT 1   [ RunTime:0.000000s ]

[ 2015-03-21T17:31:49+08:00 ] 192.168.51.228 /Home/Manager/checkUserName
INFO: [ app_begin ] --START--
INFO: Run Behavior\ReadHtmlCacheBehavior [ RunTime:0.000000s ]
INFO: [ app_begin ] --END-- [ RunTime:0.015600s ]
SQL: DESCRIBE fm_navigation [ RunTime:0.000000s ]
SQL: SELECT * FROM `fm_navigation` WHERE ( nav_type=1 ) ORDER BY nav_rank ASC,nav_id ASC  [ RunTime:0.000000s ]
SQL: DESCRIBE fm_user [ RunTime:0.015600s ]
SQL: SELECT COUNT(*) AS tp_count FROM `fm_user` WHERE ( user_name='agwe' ) LIMIT 1   [ RunTime:0.000000s ]

[ 2015-03-21T17:31:54+08:00 ] 192.168.51.228 /Home/Manager/checkUserName
INFO: [ app_begin ] --START--
INFO: Run Behavior\ReadHtmlCacheBehavior [ RunTime:0.000000s ]
INFO: [ app_begin ] --END-- [ RunTime:0.000000s ]
SQL: DESCRIBE fm_navigation [ RunTime:0.015600s ]
SQL: SELECT * FROM `fm_navigation` WHERE ( nav_type=1 ) ORDER BY nav_rank ASC,nav_id ASC  [ RunTime:0.000000s ]
SQL: DESCRIBE fm_user [ RunTime:0.015600s ]
SQL: SELECT COUNT(*) AS tp_count FROM `fm_user` WHERE ( user_name='lidequna' ) LIMIT 1   [ RunTime:0.000000s ]

[ 2015-03-21T17:31:54+08:00 ] 192.168.51.228 /Home/Manager/checkUserName
INFO: [ app_begin ] --START--
INFO: Run Behavior\ReadHtmlCacheBehavior [ RunTime:0.000000s ]
INFO: [ app_begin ] --END-- [ RunTime:0.000000s ]
SQL: DESCRIBE fm_navigation [ RunTime:0.000000s ]
SQL: SELECT * FROM `fm_navigation` WHERE ( nav_type=1 ) ORDER BY nav_rank ASC,nav_id ASC  [ RunTime:0.000000s ]
SQL: DESCRIBE fm_user [ RunTime:0.000000s ]
SQL: SELECT COUNT(*) AS tp_count FROM `fm_user` WHERE ( user_name='lidequna' ) LIMIT 1   [ RunTime:0.000000s ]

[ 2015-03-21T17:32:00+08:00 ] 192.168.51.228 /Home/Manager/checkUserName
INFO: [ app_begin ] --START--
INFO: Run Behavior\ReadHtmlCacheBehavior [ RunTime:0.000000s ]
INFO: [ app_begin ] --END-- [ RunTime:0.000000s ]
SQL: DESCRIBE fm_navigation [ RunTime:0.000000s ]
SQL: SELECT * FROM `fm_navigation` WHERE ( nav_type=1 ) ORDER BY nav_rank ASC,nav_id ASC  [ RunTime:0.015600s ]
SQL: DESCRIBE fm_user [ RunTime:0.000000s ]
SQL: SELECT COUNT(*) AS tp_count FROM `fm_user` WHERE ( user_name='lidequan' ) LIMIT 1   [ RunTime:0.000000s ]

[ 2015-03-21T17:32:00+08:00 ] 192.168.51.228 /Home/Manager/checkUserName
INFO: [ app_begin ] --START--
INFO: Run Behavior\ReadHtmlCacheBehavior [ RunTime:0.000000s ]
INFO: [ app_begin ] --END-- [ RunTime:0.015600s ]
SQL: DESCRIBE fm_navigation [ RunTime:0.015600s ]
SQL: SELECT * FROM `fm_navigation` WHERE ( nav_type=1 ) ORDER BY nav_rank ASC,nav_id ASC  [ RunTime:0.000000s ]
SQL: DESCRIBE fm_user [ RunTime:0.000000s ]
SQL: SELECT COUNT(*) AS tp_count FROM `fm_user` WHERE ( user_name='lidequan' ) LIMIT 1   [ RunTime:0.000000s ]

[ 2015-03-21T17:32:00+08:00 ] 192.168.51.228 /Home/Manager/checkUserName
INFO: [ app_begin ] --START--
INFO: Run Behavior\ReadHtmlCacheBehavior [ RunTime:0.015600s ]
INFO: [ app_begin ] --END-- [ RunTime:0.015600s ]
SQL: DESCRIBE fm_navigation [ RunTime:0.015600s ]
SQL: SELECT * FROM `fm_navigation` WHERE ( nav_type=1 ) ORDER BY nav_rank ASC,nav_id ASC  [ RunTime:0.000000s ]
SQL: DESCRIBE fm_user [ RunTime:0.015600s ]
SQL: SELECT COUNT(*) AS tp_count FROM `fm_user` WHERE ( user_name='lidequan' ) LIMIT 1   [ RunTime:0.000000s ]

[ 2015-03-21T17:32:00+08:00 ] 192.168.51.228 /Home/Manager/checkUserName
INFO: [ app_begin ] --START--
INFO: Run Behavior\ReadHtmlCacheBehavior [ RunTime:0.000000s ]
INFO: [ app_begin ] --END-- [ RunTime:0.000000s ]
SQL: DESCRIBE fm_navigation [ RunTime:0.015600s ]
SQL: SELECT * FROM `fm_navigation` WHERE ( nav_type=1 ) ORDER BY nav_rank ASC,nav_id ASC  [ RunTime:0.000000s ]
SQL: DESCRIBE fm_user [ RunTime:0.000000s ]
SQL: SELECT COUNT(*) AS tp_count FROM `fm_user` WHERE ( user_name='lidequan' ) LIMIT 1   [ RunTime:0.000000s ]

[ 2015-03-21T17:32:36+08:00 ] 192.168.51.228 /Home/Manager/checkUserName
INFO: [ app_begin ] --START--
INFO: Run Behavior\ReadHtmlCacheBehavior [ RunTime:0.000000s ]
INFO: [ app_begin ] --END-- [ RunTime:0.000000s ]
SQL: DESCRIBE fm_navigation [ RunTime:0.000000s ]
SQL: SELECT * FROM `fm_navigation` WHERE ( nav_type=1 ) ORDER BY nav_rank ASC,nav_id ASC  [ RunTime:0.000000s ]
SQL: DESCRIBE fm_user [ RunTime:0.000000s ]
SQL: SELECT COUNT(*) AS tp_count FROM `fm_user` WHERE ( user_name='lidequnagw' ) LIMIT 1   [ RunTime:0.000000s ]

[ 2015-03-21T17:32:36+08:00 ] 192.168.51.228 /Home/Manager/checkUserName
INFO: [ app_begin ] --START--
INFO: Run Behavior\ReadHtmlCacheBehavior [ RunTime:0.015600s ]
INFO: [ app_begin ] --END-- [ RunTime:0.015600s ]
SQL: DESCRIBE fm_navigation [ RunTime:0.000000s ]
SQL: SELECT * FROM `fm_navigation` WHERE ( nav_type=1 ) ORDER BY nav_rank ASC,nav_id ASC  [ RunTime:0.000000s ]
SQL: DESCRIBE fm_user [ RunTime:0.000000s ]
SQL: SELECT COUNT(*) AS tp_count FROM `fm_user` WHERE ( user_name='lidequnagw' ) LIMIT 1   [ RunTime:0.000000s ]

[ 2015-03-21T17:32:36+08:00 ] 192.168.51.228 /Home/Manager/checkUserName
INFO: [ app_begin ] --START--
INFO: Run Behavior\ReadHtmlCacheBehavior [ RunTime:0.015600s ]
INFO: [ app_begin ] --END-- [ RunTime:0.015600s ]
SQL: DESCRIBE fm_navigation [ RunTime:0.000000s ]
SQL: SELECT * FROM `fm_navigation` WHERE ( nav_type=1 ) ORDER BY nav_rank ASC,nav_id ASC  [ RunTime:0.015600s ]
SQL: DESCRIBE fm_user [ RunTime:0.000000s ]
SQL: SELECT COUNT(*) AS tp_count FROM `fm_user` WHERE ( user_name='lidequnagw' ) LIMIT 1   [ RunTime:0.000000s ]

[ 2015-03-21T17:32:36+08:00 ] 192.168.51.228 /Home/Manager/checkUserName
INFO: [ app_begin ] --START--
INFO: Run Behavior\ReadHtmlCacheBehavior [ RunTime:0.000000s ]
INFO: [ app_begin ] --END-- [ RunTime:0.000000s ]
SQL: DESCRIBE fm_navigation [ RunTime:0.015600s ]
SQL: SELECT * FROM `fm_navigation` WHERE ( nav_type=1 ) ORDER BY nav_rank ASC,nav_id ASC  [ RunTime:0.000000s ]
SQL: DESCRIBE fm_user [ RunTime:0.015600s ]
SQL: SELECT COUNT(*) AS tp_count FROM `fm_user` WHERE ( user_name='lidequnagw' ) LIMIT 1   [ RunTime:0.000000s ]

[ 2015-03-21T17:32:37+08:00 ] 192.168.51.228 /Home/Manager/checkUserName
INFO: [ app_begin ] --START--
INFO: Run Behavior\ReadHtmlCacheBehavior [ RunTime:0.000000s ]
INFO: [ app_begin ] --END-- [ RunTime:0.000000s ]
SQL: DESCRIBE fm_navigation [ RunTime:0.000000s ]
SQL: SELECT * FROM `fm_navigation` WHERE ( nav_type=1 ) ORDER BY nav_rank ASC,nav_id ASC  [ RunTime:0.000000s ]
SQL: DESCRIBE fm_user [ RunTime:0.000000s ]
SQL: SELECT COUNT(*) AS tp_count FROM `fm_user` WHERE ( user_name='lidequnagw' ) LIMIT 1   [ RunTime:0.000000s ]

[ 2015-03-21T17:32:45+08:00 ] 192.168.51.228 /Home/Manager/checkUserName
INFO: [ app_begin ] --START--
INFO: Run Behavior\ReadHtmlCacheBehavior [ RunTime:0.015600s ]
INFO: [ app_begin ] --END-- [ RunTime:0.015600s ]
SQL: DESCRIBE fm_navigation [ RunTime:0.000000s ]
SQL: SELECT * FROM `fm_navigation` WHERE ( nav_type=1 ) ORDER BY nav_rank ASC,nav_id ASC  [ RunTime:0.000000s ]
SQL: DESCRIBE fm_user [ RunTime:0.015600s ]
SQL: SELECT COUNT(*) AS tp_count FROM `fm_user` WHERE ( user_name='fwq' ) LIMIT 1   [ RunTime:0.000000s ]

[ 2015-03-21T17:32:45+08:00 ] 192.168.51.228 /Home/Manager/checkUserName
INFO: [ app_begin ] --START--
INFO: Run Behavior\ReadHtmlCacheBehavior [ RunTime:0.000000s ]
INFO: [ app_begin ] --END-- [ RunTime:0.000000s ]
SQL: DESCRIBE fm_navigation [ RunTime:0.000000s ]
SQL: SELECT * FROM `fm_navigation` WHERE ( nav_type=1 ) ORDER BY nav_rank ASC,nav_id ASC  [ RunTime:0.000000s ]
SQL: DESCRIBE fm_user [ RunTime:0.000000s ]
SQL: SELECT COUNT(*) AS tp_count FROM `fm_user` WHERE ( user_name='fwq' ) LIMIT 1   [ RunTime:0.000000s ]

[ 2015-03-21T17:32:45+08:00 ] 192.168.51.228 /Home/Manager/checkUserName
INFO: [ app_begin ] --START--
INFO: Run Behavior\ReadHtmlCacheBehavior [ RunTime:0.000000s ]
INFO: [ app_begin ] --END-- [ RunTime:0.000000s ]
SQL: DESCRIBE fm_navigation [ RunTime:0.000000s ]
SQL: SELECT * FROM `fm_navigation` WHERE ( nav_type=1 ) ORDER BY nav_rank ASC,nav_id ASC  [ RunTime:0.000000s ]
SQL: DESCRIBE fm_user [ RunTime:0.000000s ]
SQL: SELECT COUNT(*) AS tp_count FROM `fm_user` WHERE ( user_name='fwq' ) LIMIT 1   [ RunTime:0.000000s ]

[ 2015-03-21T17:32:45+08:00 ] 192.168.51.228 /Home/Manager/checkUserName
INFO: [ app_begin ] --START--
INFO: Run Behavior\ReadHtmlCacheBehavior [ RunTime:0.000000s ]
INFO: [ app_begin ] --END-- [ RunTime:0.000000s ]
SQL: DESCRIBE fm_navigation [ RunTime:0.015600s ]
SQL: SELECT * FROM `fm_navigation` WHERE ( nav_type=1 ) ORDER BY nav_rank ASC,nav_id ASC  [ RunTime:0.000000s ]
SQL: DESCRIBE fm_user [ RunTime:0.015600s ]
SQL: SELECT COUNT(*) AS tp_count FROM `fm_user` WHERE ( user_name='fwq' ) LIMIT 1   [ RunTime:0.000000s ]

[ 2015-03-21T17:32:45+08:00 ] 192.168.51.228 /Home/Manager/checkUserName
INFO: [ app_begin ] --START--
INFO: Run Behavior\ReadHtmlCacheBehavior [ RunTime:0.015600s ]
INFO: [ app_begin ] --END-- [ RunTime:0.015600s ]
SQL: DESCRIBE fm_navigation [ RunTime:0.000000s ]
SQL: SELECT * FROM `fm_navigation` WHERE ( nav_type=1 ) ORDER BY nav_rank ASC,nav_id ASC  [ RunTime:0.000000s ]
SQL: DESCRIBE fm_user [ RunTime:0.015600s ]
SQL: SELECT COUNT(*) AS tp_count FROM `fm_user` WHERE ( user_name='fwq' ) LIMIT 1   [ RunTime:0.000000s ]

[ 2015-03-21T17:32:45+08:00 ] 192.168.51.228 /Home/Manager/checkUserName
INFO: [ app_begin ] --START--
INFO: Run Behavior\ReadHtmlCacheBehavior [ RunTime:0.015600s ]
INFO: [ app_begin ] --END-- [ RunTime:0.015600s ]
SQL: DESCRIBE fm_navigation [ RunTime:0.015600s ]
SQL: SELECT * FROM `fm_navigation` WHERE ( nav_type=1 ) ORDER BY nav_rank ASC,nav_id ASC  [ RunTime:0.000000s ]
SQL: DESCRIBE fm_user [ RunTime:0.000000s ]
SQL: SELECT COUNT(*) AS tp_count FROM `fm_user` WHERE ( user_name='fwq' ) LIMIT 1   [ RunTime:0.015600s ]

[ 2015-03-21T17:32:58+08:00 ] 192.168.51.228 /Home/Manager/checkUserName
INFO: [ app_begin ] --START--
INFO: Run Behavior\ReadHtmlCacheBehavior [ RunTime:0.000000s ]
INFO: [ app_begin ] --END-- [ RunTime:0.000000s ]
SQL: DESCRIBE fm_navigation [ RunTime:0.000000s ]
SQL: SELECT * FROM `fm_navigation` WHERE ( nav_type=1 ) ORDER BY nav_rank ASC,nav_id ASC  [ RunTime:0.000000s ]
SQL: DESCRIBE fm_user [ RunTime:0.015600s ]
SQL: SELECT COUNT(*) AS tp_count FROM `fm_user` WHERE ( user_name='fwq' ) LIMIT 1   [ RunTime:0.000000s ]

[ 2015-03-21T17:32:58+08:00 ] 192.168.51.228 /Home/Manager/checkUserName
INFO: [ app_begin ] --START--
INFO: Run Behavior\ReadHtmlCacheBehavior [ RunTime:0.000000s ]
INFO: [ app_begin ] --END-- [ RunTime:0.000000s ]
SQL: DESCRIBE fm_navigation [ RunTime:0.000000s ]
SQL: SELECT * FROM `fm_navigation` WHERE ( nav_type=1 ) ORDER BY nav_rank ASC,nav_id ASC  [ RunTime:0.000000s ]
SQL: DESCRIBE fm_user [ RunTime:0.000000s ]
SQL: SELECT COUNT(*) AS tp_count FROM `fm_user` WHERE ( user_name='fwq' ) LIMIT 1   [ RunTime:0.000000s ]

[ 2015-03-21T17:33:02+08:00 ] 192.168.51.228 /Home/Manager/checkUserName
INFO: [ app_begin ] --START--
INFO: Run Behavior\ReadHtmlCacheBehavior [ RunTime:0.000000s ]
INFO: [ app_begin ] --END-- [ RunTime:0.000000s ]
SQL: DESCRIBE fm_navigation [ RunTime:0.000000s ]
SQL: SELECT * FROM `fm_navigation` WHERE ( nav_type=1 ) ORDER BY nav_rank ASC,nav_id ASC  [ RunTime:0.000000s ]
SQL: DESCRIBE fm_user [ RunTime:0.015600s ]
SQL: SELECT COUNT(*) AS tp_count FROM `fm_user` WHERE ( user_name='lidequan' ) LIMIT 1   [ RunTime:0.000000s ]

[ 2015-03-21T17:33:05+08:00 ] 192.168.51.228 /Home/Manager/checkUserName
INFO: [ app_begin ] --START--
INFO: Run Behavior\ReadHtmlCacheBehavior [ RunTime:0.000000s ]
INFO: [ app_begin ] --END-- [ RunTime:0.000000s ]
SQL: DESCRIBE fm_navigation [ RunTime:0.000000s ]
SQL: SELECT * FROM `fm_navigation` WHERE ( nav_type=1 ) ORDER BY nav_rank ASC,nav_id ASC  [ RunTime:0.000000s ]
SQL: DESCRIBE fm_user [ RunTime:0.000000s ]
SQL: SELECT COUNT(*) AS tp_count FROM `fm_user` WHERE ( user_name='lidequana' ) LIMIT 1   [ RunTime:0.000000s ]

[ 2015-03-21T17:33:05+08:00 ] 192.168.51.228 /Home/Manager/checkUserName
INFO: [ app_begin ] --START--
INFO: Run Behavior\ReadHtmlCacheBehavior [ RunTime:0.000000s ]
INFO: [ app_begin ] --END-- [ RunTime:0.000000s ]
SQL: DESCRIBE fm_navigation [ RunTime:0.000000s ]
SQL: SELECT * FROM `fm_navigation` WHERE ( nav_type=1 ) ORDER BY nav_rank ASC,nav_id ASC  [ RunTime:0.000000s ]
SQL: DESCRIBE fm_user [ RunTime:0.000000s ]
SQL: SELECT COUNT(*) AS tp_count FROM `fm_user` WHERE ( user_name='lidequana' ) LIMIT 1   [ RunTime:0.000000s ]

[ 2015-03-21T17:34:47+08:00 ] 192.168.51.228 /Home/Manager/checkUserName
INFO: [ app_begin ] --START--
INFO: Run Behavior\ReadHtmlCacheBehavior [ RunTime:0.000000s ]
INFO: [ app_begin ] --END-- [ RunTime:0.000000s ]
SQL: DESCRIBE fm_navigation [ RunTime:0.000000s ]
SQL: SELECT * FROM `fm_navigation` WHERE ( nav_type=1 ) ORDER BY nav_rank ASC,nav_id ASC  [ RunTime:0.000000s ]
SQL: DESCRIBE fm_user [ RunTime:0.015600s ]
SQL: SELECT COUNT(*) AS tp_count FROM `fm_user` WHERE ( user_name='de' ) LIMIT 1   [ RunTime:0.000000s ]

[ 2015-03-21T17:34:53+08:00 ] 192.168.51.228 /Home/Manager/checkUserName
INFO: [ app_begin ] --START--
INFO: Run Behavior\ReadHtmlCacheBehavior [ RunTime:0.000000s ]
INFO: [ app_begin ] --END-- [ RunTime:0.000000s ]
SQL: DESCRIBE fm_navigation [ RunTime:0.000000s ]
SQL: SELECT * FROM `fm_navigation` WHERE ( nav_type=1 ) ORDER BY nav_rank ASC,nav_id ASC  [ RunTime:0.000000s ]
SQL: DESCRIBE fm_user [ RunTime:0.000000s ]
SQL: SELECT COUNT(*) AS tp_count FROM `fm_user` WHERE ( user_name='lidequna' ) LIMIT 1   [ RunTime:0.000000s ]

[ 2015-03-21T17:34:53+08:00 ] 192.168.51.228 /Home/Manager/checkUserName
INFO: [ app_begin ] --START--
INFO: Run Behavior\ReadHtmlCacheBehavior [ RunTime:0.000000s ]
INFO: [ app_begin ] --END-- [ RunTime:0.000000s ]
SQL: DESCRIBE fm_navigation [ RunTime:0.000000s ]
SQL: SELECT * FROM `fm_navigation` WHERE ( nav_type=1 ) ORDER BY nav_rank ASC,nav_id ASC  [ RunTime:0.000000s ]
SQL: DESCRIBE fm_user [ RunTime:0.015600s ]
SQL: SELECT COUNT(*) AS tp_count FROM `fm_user` WHERE ( user_name='lidequna' ) LIMIT 1   [ RunTime:0.000000s ]

[ 2015-03-21T17:34:57+08:00 ] 192.168.51.228 /Home/Manager/checkUserName
INFO: [ app_begin ] --START--
INFO: Run Behavior\ReadHtmlCacheBehavior [ RunTime:0.000000s ]
INFO: [ app_begin ] --END-- [ RunTime:0.000000s ]
SQL: DESCRIBE fm_navigation [ RunTime:0.000000s ]
SQL: SELECT * FROM `fm_navigation` WHERE ( nav_type=1 ) ORDER BY nav_rank ASC,nav_id ASC  [ RunTime:0.000000s ]
SQL: DESCRIBE fm_user [ RunTime:0.015600s ]
SQL: SELECT COUNT(*) AS tp_count FROM `fm_user` WHERE ( user_name='lidequan' ) LIMIT 1   [ RunTime:0.000000s ]

[ 2015-03-21T17:34:58+08:00 ] 192.168.51.228 /Home/Manager/checkUserName
INFO: [ app_begin ] --START--
INFO: Run Behavior\ReadHtmlCacheBehavior [ RunTime:0.000000s ]
INFO: [ app_begin ] --END-- [ RunTime:0.000000s ]
SQL: DESCRIBE fm_navigation [ RunTime:0.000000s ]
SQL: SELECT * FROM `fm_navigation` WHERE ( nav_type=1 ) ORDER BY nav_rank ASC,nav_id ASC  [ RunTime:0.000000s ]
SQL: DESCRIBE fm_user [ RunTime:0.000000s ]
SQL: SELECT COUNT(*) AS tp_count FROM `fm_user` WHERE ( user_name='lidequan' ) LIMIT 1   [ RunTime:0.000000s ]

[ 2015-03-21T17:34:58+08:00 ] 192.168.51.228 /Home/Manager/checkUserName
INFO: [ app_begin ] --START--
INFO: Run Behavior\ReadHtmlCacheBehavior [ RunTime:0.000000s ]
INFO: [ app_begin ] --END-- [ RunTime:0.000000s ]
SQL: DESCRIBE fm_navigation [ RunTime:0.015601s ]
SQL: SELECT * FROM `fm_navigation` WHERE ( nav_type=1 ) ORDER BY nav_rank ASC,nav_id ASC  [ RunTime:0.000000s ]
SQL: DESCRIBE fm_user [ RunTime:0.000000s ]
SQL: SELECT COUNT(*) AS tp_count FROM `fm_user` WHERE ( user_name='lidequan' ) LIMIT 1   [ RunTime:0.000000s ]

[ 2015-03-21T17:35:02+08:00 ] 192.168.51.228 /Home/Manager/checkUserName
INFO: [ app_begin ] --START--
INFO: Run Behavior\ReadHtmlCacheBehavior [ RunTime:0.000000s ]
INFO: [ app_begin ] --END-- [ RunTime:0.000000s ]
SQL: DESCRIBE fm_navigation [ RunTime:0.000000s ]
SQL: SELECT * FROM `fm_navigation` WHERE ( nav_type=1 ) ORDER BY nav_rank ASC,nav_id ASC  [ RunTime:0.000000s ]
SQL: DESCRIBE fm_user [ RunTime:0.000000s ]
SQL: SELECT COUNT(*) AS tp_count FROM `fm_user` WHERE ( user_name='lidequan' ) LIMIT 1   [ RunTime:0.000000s ]

[ 2015-03-21T17:35:02+08:00 ] 192.168.51.228 /Home/Manager/checkUserName
INFO: [ app_begin ] --START--
INFO: Run Behavior\ReadHtmlCacheBehavior [ RunTime:0.000000s ]
INFO: [ app_begin ] --END-- [ RunTime:0.000000s ]
SQL: DESCRIBE fm_navigation [ RunTime:0.000000s ]
SQL: SELECT * FROM `fm_navigation` WHERE ( nav_type=1 ) ORDER BY nav_rank ASC,nav_id ASC  [ RunTime:0.000000s ]
SQL: DESCRIBE fm_user [ RunTime:0.015600s ]
SQL: SELECT COUNT(*) AS tp_count FROM `fm_user` WHERE ( user_name='lidequan' ) LIMIT 1   [ RunTime:0.000000s ]

[ 2015-03-21T17:35:02+08:00 ] 192.168.51.228 /Home/Manager/checkUserName
INFO: [ app_begin ] --START--
INFO: Run Behavior\ReadHtmlCacheBehavior [ RunTime:0.000000s ]
INFO: [ app_begin ] --END-- [ RunTime:0.000000s ]
SQL: DESCRIBE fm_navigation [ RunTime:0.000000s ]
SQL: SELECT * FROM `fm_navigation` WHERE ( nav_type=1 ) ORDER BY nav_rank ASC,nav_id ASC  [ RunTime:0.000000s ]
SQL: DESCRIBE fm_user [ RunTime:0.000000s ]
SQL: SELECT COUNT(*) AS tp_count FROM `fm_user` WHERE ( user_name='lidequan' ) LIMIT 1   [ RunTime:0.000000s ]

[ 2015-03-21T17:35:02+08:00 ] 192.168.51.228 /Home/Manager/checkUserName
INFO: [ app_begin ] --START--
INFO: Run Behavior\ReadHtmlCacheBehavior [ RunTime:0.000000s ]
INFO: [ app_begin ] --END-- [ RunTime:0.000000s ]
SQL: DESCRIBE fm_navigation [ RunTime:0.000000s ]
SQL: SELECT * FROM `fm_navigation` WHERE ( nav_type=1 ) ORDER BY nav_rank ASC,nav_id ASC  [ RunTime:0.000000s ]
SQL: DESCRIBE fm_user [ RunTime:0.015600s ]
SQL: SELECT COUNT(*) AS tp_count FROM `fm_user` WHERE ( user_name='lidequan' ) LIMIT 1   [ RunTime:0.000000s ]

[ 2015-03-21T17:35:15+08:00 ] 192.168.51.228 /Home/Manager/checkUserName
INFO: [ app_begin ] --START--
INFO: Run Behavior\ReadHtmlCacheBehavior [ RunTime:0.000000s ]
INFO: [ app_begin ] --END-- [ RunTime:0.000000s ]
SQL: DESCRIBE fm_navigation [ RunTime:0.000000s ]
SQL: SELECT * FROM `fm_navigation` WHERE ( nav_type=1 ) ORDER BY nav_rank ASC,nav_id ASC  [ RunTime:0.000000s ]
SQL: DESCRIBE fm_user [ RunTime:0.000000s ]
SQL: SELECT COUNT(*) AS tp_count FROM `fm_user` WHERE ( user_name='lidequan' ) LIMIT 1   [ RunTime:0.000000s ]

[ 2015-03-21T17:35:15+08:00 ] 192.168.51.228 /Home/Manager/checkUserName
INFO: [ app_begin ] --START--
INFO: Run Behavior\ReadHtmlCacheBehavior [ RunTime:0.000000s ]
INFO: [ app_begin ] --END-- [ RunTime:0.000000s ]
SQL: DESCRIBE fm_navigation [ RunTime:0.000000s ]
SQL: SELECT * FROM `fm_navigation` WHERE ( nav_type=1 ) ORDER BY nav_rank ASC,nav_id ASC  [ RunTime:0.000000s ]
SQL: DESCRIBE fm_user [ RunTime:0.000000s ]
SQL: SELECT COUNT(*) AS tp_count FROM `fm_user` WHERE ( user_name='lidequan' ) LIMIT 1   [ RunTime:0.000000s ]

[ 2015-03-21T17:35:19+08:00 ] 192.168.51.228 /Home/Manager/checkUserName
INFO: [ app_begin ] --START--
INFO: Run Behavior\ReadHtmlCacheBehavior [ RunTime:0.000000s ]
INFO: [ app_begin ] --END-- [ RunTime:0.000000s ]
SQL: DESCRIBE fm_navigation [ RunTime:0.000000s ]
SQL: SELECT * FROM `fm_navigation` WHERE ( nav_type=1 ) ORDER BY nav_rank ASC,nav_id ASC  [ RunTime:0.000000s ]
SQL: DESCRIBE fm_user [ RunTime:0.015600s ]
SQL: SELECT COUNT(*) AS tp_count FROM `fm_user` WHERE ( user_name='lidequan' ) LIMIT 1   [ RunTime:0.000000s ]

[ 2015-03-21T17:35:25+08:00 ] 192.168.51.228 /Home/Manager/checkUserName
INFO: [ app_begin ] --START--
INFO: Run Behavior\ReadHtmlCacheBehavior [ RunTime:0.000000s ]
INFO: [ app_begin ] --END-- [ RunTime:0.000000s ]
SQL: DESCRIBE fm_navigation [ RunTime:0.015600s ]
SQL: SELECT * FROM `fm_navigation` WHERE ( nav_type=1 ) ORDER BY nav_rank ASC,nav_id ASC  [ RunTime:0.000000s ]
SQL: DESCRIBE fm_user [ RunTime:0.015600s ]
SQL: SELECT COUNT(*) AS tp_count FROM `fm_user` WHERE ( user_name='agwe' ) LIMIT 1   [ RunTime:0.000000s ]

[ 2015-03-21T17:35:25+08:00 ] 192.168.51.228 /Home/Manager/checkUserName
INFO: [ app_begin ] --START--
INFO: Run Behavior\ReadHtmlCacheBehavior [ RunTime:0.000000s ]
INFO: [ app_begin ] --END-- [ RunTime:0.000000s ]
SQL: DESCRIBE fm_navigation [ RunTime:0.000000s ]
SQL: SELECT * FROM `fm_navigation` WHERE ( nav_type=1 ) ORDER BY nav_rank ASC,nav_id ASC  [ RunTime:0.000000s ]
SQL: DESCRIBE fm_user [ RunTime:0.000000s ]
SQL: SELECT COUNT(*) AS tp_count FROM `fm_user` WHERE ( user_name='agwe' ) LIMIT 1   [ RunTime:0.000000s ]

[ 2015-03-21T17:35:29+08:00 ] 192.168.51.228 /Home/Manager/checkUserName
INFO: [ app_begin ] --START--
INFO: Run Behavior\ReadHtmlCacheBehavior [ RunTime:0.000000s ]
INFO: [ app_begin ] --END-- [ RunTime:0.000000s ]
SQL: DESCRIBE fm_navigation [ RunTime:0.000000s ]
SQL: SELECT * FROM `fm_navigation` WHERE ( nav_type=1 ) ORDER BY nav_rank ASC,nav_id ASC  [ RunTime:0.000000s ]
SQL: DESCRIBE fm_user [ RunTime:0.000000s ]
SQL: SELECT COUNT(*) AS tp_count FROM `fm_user` WHERE ( user_name='lidequan' ) LIMIT 1   [ RunTime:0.000000s ]

[ 2015-03-21T17:35:29+08:00 ] 192.168.51.228 /Home/Manager/checkUserName
INFO: [ app_begin ] --START--
INFO: Run Behavior\ReadHtmlCacheBehavior [ RunTime:0.000000s ]
INFO: [ app_begin ] --END-- [ RunTime:0.000000s ]
SQL: DESCRIBE fm_navigation [ RunTime:0.000000s ]
SQL: SELECT * FROM `fm_navigation` WHERE ( nav_type=1 ) ORDER BY nav_rank ASC,nav_id ASC  [ RunTime:0.015600s ]
SQL: DESCRIBE fm_user [ RunTime:0.000000s ]
SQL: SELECT COUNT(*) AS tp_count FROM `fm_user` WHERE ( user_name='lidequan' ) LIMIT 1   [ RunTime:0.000000s ]

[ 2015-03-21T17:35:30+08:00 ] 192.168.51.228 /Home/Manager/checkUserName
INFO: [ app_begin ] --START--
INFO: Run Behavior\ReadHtmlCacheBehavior [ RunTime:0.000000s ]
INFO: [ app_begin ] --END-- [ RunTime:0.000000s ]
SQL: DESCRIBE fm_navigation [ RunTime:0.000000s ]
SQL: SELECT * FROM `fm_navigation` WHERE ( nav_type=1 ) ORDER BY nav_rank ASC,nav_id ASC  [ RunTime:0.000000s ]
SQL: DESCRIBE fm_user [ RunTime:0.015600s ]
SQL: SELECT COUNT(*) AS tp_count FROM `fm_user` WHERE ( user_name='lidequan' ) LIMIT 1   [ RunTime:0.000000s ]

[ 2015-03-21T17:36:14+08:00 ] 192.168.51.228 /Home/Manager/checkUserName
INFO: [ app_begin ] --START--
INFO: Run Behavior\ReadHtmlCacheBehavior [ RunTime:0.000000s ]
INFO: [ app_begin ] --END-- [ RunTime:0.000000s ]
SQL: DESCRIBE fm_navigation [ RunTime:0.015601s ]
SQL: SELECT * FROM `fm_navigation` WHERE ( nav_type=1 ) ORDER BY nav_rank ASC,nav_id ASC  [ RunTime:0.000000s ]
SQL: DESCRIBE fm_user [ RunTime:0.015600s ]
SQL: SELECT COUNT(*) AS tp_count FROM `fm_user` WHERE ( user_name='lidequan' ) LIMIT 1   [ RunTime:0.000000s ]

[ 2015-03-21T17:36:17+08:00 ] 192.168.51.228 /Home/Manager/checkUserName
INFO: [ app_begin ] --START--
INFO: Run Behavior\ReadHtmlCacheBehavior [ RunTime:0.000000s ]
INFO: [ app_begin ] --END-- [ RunTime:0.015600s ]
SQL: DESCRIBE fm_navigation [ RunTime:0.015600s ]
SQL: SELECT * FROM `fm_navigation` WHERE ( nav_type=1 ) ORDER BY nav_rank ASC,nav_id ASC  [ RunTime:0.000000s ]
SQL: DESCRIBE fm_user [ RunTime:0.000000s ]
SQL: SELECT COUNT(*) AS tp_count FROM `fm_user` WHERE ( user_name='lidequana' ) LIMIT 1   [ RunTime:0.000000s ]

[ 2015-03-21T17:36:17+08:00 ] 192.168.51.228 /Home/Manager/checkUserName
INFO: [ app_begin ] --START--
INFO: Run Behavior\ReadHtmlCacheBehavior [ RunTime:0.000000s ]
INFO: [ app_begin ] --END-- [ RunTime:0.000000s ]
SQL: DESCRIBE fm_navigation [ RunTime:0.000000s ]
SQL: SELECT * FROM `fm_navigation` WHERE ( nav_type=1 ) ORDER BY nav_rank ASC,nav_id ASC  [ RunTime:0.000000s ]
SQL: DESCRIBE fm_user [ RunTime:0.015600s ]
SQL: SELECT COUNT(*) AS tp_count FROM `fm_user` WHERE ( user_name='lidequana' ) LIMIT 1   [ RunTime:0.000000s ]

[ 2015-03-21T17:36:19+08:00 ] 192.168.51.228 /Home/Manager/checkUserName
INFO: [ app_begin ] --START--
INFO: Run Behavior\ReadHtmlCacheBehavior [ RunTime:0.000000s ]
INFO: [ app_begin ] --END-- [ RunTime:0.000000s ]
SQL: DESCRIBE fm_navigation [ RunTime:0.000000s ]
SQL: SELECT * FROM `fm_navigation` WHERE ( nav_type=1 ) ORDER BY nav_rank ASC,nav_id ASC  [ RunTime:0.000000s ]
SQL: DESCRIBE fm_user [ RunTime:0.000000s ]
SQL: SELECT COUNT(*) AS tp_count FROM `fm_user` WHERE ( user_name='lidequan' ) LIMIT 1   [ RunTime:0.000000s ]

[ 2015-03-21T17:36:19+08:00 ] 192.168.51.228 /Home/Manager/checkUserName
INFO: [ app_begin ] --START--
INFO: Run Behavior\ReadHtmlCacheBehavior [ RunTime:0.000000s ]
INFO: [ app_begin ] --END-- [ RunTime:0.000000s ]
SQL: DESCRIBE fm_navigation [ RunTime:0.000000s ]
SQL: SELECT * FROM `fm_navigation` WHERE ( nav_type=1 ) ORDER BY nav_rank ASC,nav_id ASC  [ RunTime:0.000000s ]
SQL: DESCRIBE fm_user [ RunTime:0.015600s ]
SQL: SELECT COUNT(*) AS tp_count FROM `fm_user` WHERE ( user_name='lidequan' ) LIMIT 1   [ RunTime:0.000000s ]

[ 2015-03-21T17:36:19+08:00 ] 192.168.51.228 /Home/Manager/checkUserName
INFO: [ app_begin ] --START--
INFO: Run Behavior\ReadHtmlCacheBehavior [ RunTime:0.015600s ]
INFO: [ app_begin ] --END-- [ RunTime:0.015600s ]
SQL: DESCRIBE fm_navigation [ RunTime:0.000000s ]
SQL: SELECT * FROM `fm_navigation` WHERE ( nav_type=1 ) ORDER BY nav_rank ASC,nav_id ASC  [ RunTime:0.000000s ]
SQL: DESCRIBE fm_user [ RunTime:0.000000s ]
SQL: SELECT COUNT(*) AS tp_count FROM `fm_user` WHERE ( user_name='lidequan' ) LIMIT 1   [ RunTime:0.000000s ]

[ 2015-03-21T17:50:16+08:00 ] 192.168.51.228 /Home/Manager/IsExit
INFO: [ app_begin ] --START--
INFO: Run Behavior\ReadHtmlCacheBehavior [ RunTime:0.000000s ]
INFO: [ app_begin ] --END-- [ RunTime:0.000000s ]
SQL: DESCRIBE fm_navigation [ RunTime:0.000000s ]
SQL: SELECT * FROM `fm_navigation` WHERE ( nav_type=1 ) ORDER BY nav_rank ASC,nav_id ASC  [ RunTime:0.000000s ]
SQL: DESCRIBE fm_user [ RunTime:0.000000s ]
SQL: SELECT COUNT(*) AS tp_count FROM `fm_user` WHERE ( user_name='lideq' ) LIMIT 1   [ RunTime:0.000000s ]

[ 2015-03-21T17:50:22+08:00 ] 192.168.51.228 /Home/Manager/IsExit
INFO: [ app_begin ] --START--
INFO: Run Behavior\ReadHtmlCacheBehavior [ RunTime:0.000000s ]
INFO: [ app_begin ] --END-- [ RunTime:0.000000s ]
SQL: DESCRIBE fm_navigation [ RunTime:0.015600s ]
SQL: SELECT * FROM `fm_navigation` WHERE ( nav_type=1 ) ORDER BY nav_rank ASC,nav_id ASC  [ RunTime:0.000000s ]
SQL: DESCRIBE fm_user [ RunTime:0.015600s ]
SQL: SELECT COUNT(*) AS tp_count FROM `fm_user` WHERE ( user_name='lidequan' ) LIMIT 1   [ RunTime:0.000000s ]

[ 2015-03-21T17:50:22+08:00 ] 192.168.51.228 /Home/Manager/IsExit
INFO: [ app_begin ] --START--
INFO: Run Behavior\ReadHtmlCacheBehavior [ RunTime:0.000000s ]
INFO: [ app_begin ] --END-- [ RunTime:0.000000s ]
SQL: DESCRIBE fm_navigation [ RunTime:0.000000s ]
SQL: SELECT * FROM `fm_navigation` WHERE ( nav_type=1 ) ORDER BY nav_rank ASC,nav_id ASC  [ RunTime:0.000000s ]
SQL: DESCRIBE fm_user [ RunTime:0.000000s ]
SQL: SELECT COUNT(*) AS tp_count FROM `fm_user` WHERE ( user_name='lidequan' ) LIMIT 1   [ RunTime:0.000000s ]

[ 2015-03-21T17:50:29+08:00 ] 192.168.51.228 /Home/Manager/IsExit
INFO: [ app_begin ] --START--
INFO: Run Behavior\ReadHtmlCacheBehavior [ RunTime:0.000000s ]
INFO: [ app_begin ] --END-- [ RunTime:0.000000s ]
SQL: DESCRIBE fm_navigation [ RunTime:0.000000s ]
SQL: SELECT * FROM `fm_navigation` WHERE ( nav_type=1 ) ORDER BY nav_rank ASC,nav_id ASC  [ RunTime:0.000000s ]
SQL: DESCRIBE fm_user [ RunTime:0.000000s ]
SQL: SELECT COUNT(*) AS tp_count FROM `fm_user` WHERE ( user_name='lidequan' ) LIMIT 1   [ RunTime:0.000000s ]

[ 2015-03-21T17:50:29+08:00 ] 192.168.51.228 /Home/Manager/IsExit
INFO: [ app_begin ] --START--
INFO: Run Behavior\ReadHtmlCacheBehavior [ RunTime:0.015601s ]
INFO: [ app_begin ] --END-- [ RunTime:0.015601s ]
SQL: DESCRIBE fm_navigation [ RunTime:0.000000s ]
SQL: SELECT * FROM `fm_navigation` WHERE ( nav_type=1 ) ORDER BY nav_rank ASC,nav_id ASC  [ RunTime:0.000000s ]
SQL: DESCRIBE fm_user [ RunTime:0.015600s ]
SQL: SELECT COUNT(*) AS tp_count FROM `fm_user` WHERE ( user_name='lidequan' ) LIMIT 1   [ RunTime:0.000000s ]

[ 2015-03-21T17:50:29+08:00 ] 192.168.51.228 /Home/Manager/IsExit
INFO: [ app_begin ] --START--
INFO: Run Behavior\ReadHtmlCacheBehavior [ RunTime:0.000000s ]
INFO: [ app_begin ] --END-- [ RunTime:0.015601s ]
SQL: DESCRIBE fm_navigation [ RunTime:0.000000s ]
SQL: SELECT * FROM `fm_navigation` WHERE ( nav_type=1 ) ORDER BY nav_rank ASC,nav_id ASC  [ RunTime:0.000000s ]
SQL: DESCRIBE fm_user [ RunTime:0.000000s ]
SQL: SELECT COUNT(*) AS tp_count FROM `fm_user` WHERE ( user_name='lidequan' ) LIMIT 1   [ RunTime:0.000000s ]

[ 2015-03-21T17:50:41+08:00 ] 192.168.51.228 /Home/Manager/IsExit
INFO: [ app_begin ] --START--
INFO: Run Behavior\ReadHtmlCacheBehavior [ RunTime:0.000000s ]
INFO: [ app_begin ] --END-- [ RunTime:0.000000s ]
SQL: DESCRIBE fm_navigation [ RunTime:0.015600s ]
SQL: SELECT * FROM `fm_navigation` WHERE ( nav_type=1 ) ORDER BY nav_rank ASC,nav_id ASC  [ RunTime:0.000000s ]
SQL: DESCRIBE fm_user [ RunTime:0.015600s ]
SQL: SELECT COUNT(*) AS tp_count FROM `fm_user` WHERE ( user_email='heshida_2010@126.com' ) LIMIT 1   [ RunTime:0.000000s ]

[ 2015-03-21T17:50:46+08:00 ] 192.168.51.228 /Home/Manager/IsExit
INFO: [ app_begin ] --START--
INFO: Run Behavior\ReadHtmlCacheBehavior [ RunTime:0.000000s ]
INFO: [ app_begin ] --END-- [ RunTime:0.000000s ]
SQL: DESCRIBE fm_navigation [ RunTime:0.000000s ]
SQL: SELECT * FROM `fm_navigation` WHERE ( nav_type=1 ) ORDER BY nav_rank ASC,nav_id ASC  [ RunTime:0.000000s ]
SQL: DESCRIBE fm_user [ RunTime:0.000000s ]
SQL: SELECT COUNT(*) AS tp_count FROM `fm_user` WHERE ( user_email='heshida_2010@126.cn' ) LIMIT 1   [ RunTime:0.000000s ]

[ 2015-03-21T17:50:46+08:00 ] 192.168.51.228 /Home/Manager/IsExit
INFO: [ app_begin ] --START--
INFO: Run Behavior\ReadHtmlCacheBehavior [ RunTime:0.000000s ]
INFO: [ app_begin ] --END-- [ RunTime:0.000000s ]
SQL: DESCRIBE fm_navigation [ RunTime:0.000000s ]
SQL: SELECT * FROM `fm_navigation` WHERE ( nav_type=1 ) ORDER BY nav_rank ASC,nav_id ASC  [ RunTime:0.000000s ]
SQL: DESCRIBE fm_user [ RunTime:0.000000s ]
SQL: SELECT COUNT(*) AS tp_count FROM `fm_user` WHERE ( user_email='heshida_2010@126.cn' ) LIMIT 1   [ RunTime:0.000000s ]

[ 2015-03-21T17:50:51+08:00 ] 192.168.51.228 /Home/Manager/IsExit
INFO: [ app_begin ] --START--
INFO: Run Behavior\ReadHtmlCacheBehavior [ RunTime:0.000000s ]
INFO: [ app_begin ] --END-- [ RunTime:0.000000s ]
SQL: DESCRIBE fm_navigation [ RunTime:0.000000s ]
SQL: SELECT * FROM `fm_navigation` WHERE ( nav_type=1 ) ORDER BY nav_rank ASC,nav_id ASC  [ RunTime:0.000000s ]
SQL: DESCRIBE fm_user [ RunTime:0.015600s ]
SQL: SELECT COUNT(*) AS tp_count FROM `fm_user` WHERE ( user_name='lidequana' ) LIMIT 1   [ RunTime:0.000000s ]

[ 2015-03-21T17:50:51+08:00 ] 192.168.51.228 /Home/Manager/IsExit
INFO: [ app_begin ] --START--
INFO: Run Behavior\ReadHtmlCacheBehavior [ RunTime:0.000000s ]
INFO: [ app_begin ] --END-- [ RunTime:0.000000s ]
SQL: DESCRIBE fm_navigation [ RunTime:0.000000s ]
SQL: SELECT * FROM `fm_navigation` WHERE ( nav_type=1 ) ORDER BY nav_rank ASC,nav_id ASC  [ RunTime:0.000000s ]
SQL: DESCRIBE fm_user [ RunTime:0.000000s ]
SQL: SELECT COUNT(*) AS tp_count FROM `fm_user` WHERE ( user_name='lidequana' ) LIMIT 1   [ RunTime:0.000000s ]

[ 2015-03-21T17:50:51+08:00 ] 192.168.51.228 /Home/Manager/IsExit
INFO: [ app_begin ] --START--
INFO: Run Behavior\ReadHtmlCacheBehavior [ RunTime:0.015600s ]
INFO: [ app_begin ] --END-- [ RunTime:0.015600s ]
SQL: DESCRIBE fm_navigation [ RunTime:0.015600s ]
SQL: SELECT * FROM `fm_navigation` WHERE ( nav_type=1 ) ORDER BY nav_rank ASC,nav_id ASC  [ RunTime:0.000000s ]
SQL: DESCRIBE fm_user [ RunTime:0.000000s ]
SQL: SELECT COUNT(*) AS tp_count FROM `fm_user` WHERE ( user_name='lidequana' ) LIMIT 1   [ RunTime:0.000000s ]

[ 2015-03-21T17:50:51+08:00 ] 192.168.51.228 /Home/Manager/IsExit
INFO: [ app_begin ] --START--
INFO: Run Behavior\ReadHtmlCacheBehavior [ RunTime:0.000000s ]
INFO: [ app_begin ] --END-- [ RunTime:0.000000s ]
SQL: DESCRIBE fm_navigation [ RunTime:0.015600s ]
SQL: SELECT * FROM `fm_navigation` WHERE ( nav_type=1 ) ORDER BY nav_rank ASC,nav_id ASC  [ RunTime:0.000000s ]
SQL: DESCRIBE fm_user [ RunTime:0.015600s ]
SQL: SELECT COUNT(*) AS tp_count FROM `fm_user` WHERE ( user_name='lidequana' ) LIMIT 1   [ RunTime:0.000000s ]

[ 2015-03-21T17:53:19+08:00 ] 192.168.51.228 /Home/Manager/IsExit
INFO: [ app_begin ] --START--
INFO: Run Behavior\ReadHtmlCacheBehavior [ RunTime:0.000000s ]
INFO: [ app_begin ] --END-- [ RunTime:0.000000s ]
SQL: DESCRIBE fm_navigation [ RunTime:0.000000s ]
SQL: SELECT * FROM `fm_navigation` WHERE ( nav_type=1 ) ORDER BY nav_rank ASC,nav_id ASC  [ RunTime:0.000000s ]
SQL: DESCRIBE fm_user [ RunTime:0.000000s ]
SQL: SELECT COUNT(*) AS tp_count FROM `fm_user` WHERE ( user_name='' ) LIMIT 1   [ RunTime:0.000000s ]

[ 2015-03-21T17:53:23+08:00 ] 192.168.51.228 /Home/Manager/IsExit
INFO: [ app_begin ] --START--
INFO: Run Behavior\ReadHtmlCacheBehavior [ RunTime:0.000000s ]
INFO: [ app_begin ] --END-- [ RunTime:0.015600s ]
SQL: DESCRIBE fm_navigation [ RunTime:0.062400s ]
SQL: SELECT * FROM `fm_navigation` WHERE ( nav_type=1 ) ORDER BY nav_rank ASC,nav_id ASC  [ RunTime:0.000000s ]
SQL: DESCRIBE fm_user [ RunTime:0.015600s ]
SQL: SELECT COUNT(*) AS tp_count FROM `fm_user` WHERE ( user_name='' ) LIMIT 1   [ RunTime:0.000000s ]

[ 2015-03-21T17:53:27+08:00 ] 192.168.51.228 /Home/Manager/IsExit
INFO: [ app_begin ] --START--
INFO: Run Behavior\ReadHtmlCacheBehavior [ RunTime:0.000000s ]
INFO: [ app_begin ] --END-- [ RunTime:0.000000s ]
SQL: DESCRIBE fm_navigation [ RunTime:0.000000s ]
SQL: SELECT * FROM `fm_navigation` WHERE ( nav_type=1 ) ORDER BY nav_rank ASC,nav_id ASC  [ RunTime:0.000000s ]
SQL: DESCRIBE fm_user [ RunTime:0.015600s ]
SQL: SELECT COUNT(*) AS tp_count FROM `fm_user` WHERE ( user_email='' ) LIMIT 1   [ RunTime:0.000000s ]

[ 2015-03-21T17:59:20+08:00 ] 192.168.51.228 /Home/Manager/IsExit
INFO: [ app_begin ] --START--
INFO: Run Behavior\ReadHtmlCacheBehavior [ RunTime:0.000000s ]
INFO: [ app_begin ] --END-- [ RunTime:0.000000s ]
SQL: DESCRIBE fm_navigation [ RunTime:0.015600s ]
SQL: SELECT * FROM `fm_navigation` WHERE ( nav_type=1 ) ORDER BY nav_rank ASC,nav_id ASC  [ RunTime:0.000000s ]
SQL: DESCRIBE fm_user [ RunTime:0.015600s ]
SQL: SELECT COUNT(*) AS tp_count FROM `fm_user` WHERE ( user_name='niogwe' ) LIMIT 1   [ RunTime:0.000000s ]

[ 2015-03-21T17:59:30+08:00 ] 192.168.51.228 /Home/Manager/IsExit
INFO: [ app_begin ] --START--
INFO: Run Behavior\ReadHtmlCacheBehavior [ RunTime:0.000000s ]
INFO: [ app_begin ] --END-- [ RunTime:0.000000s ]
SQL: DESCRIBE fm_navigation [ RunTime:0.015600s ]
SQL: SELECT * FROM `fm_navigation` WHERE ( nav_type=1 ) ORDER BY nav_rank ASC,nav_id ASC  [ RunTime:0.000000s ]
SQL: DESCRIBE fm_user [ RunTime:0.015600s ]
SQL: SELECT COUNT(*) AS tp_count FROM `fm_user` WHERE ( user_email='jgiowea@' ) LIMIT 1   [ RunTime:0.000000s ]

[ 2015-03-21T17:59:38+08:00 ] 192.168.51.228 /Home/Manager/IsExit
INFO: [ app_begin ] --START--
INFO: Run Behavior\ReadHtmlCacheBehavior [ RunTime:0.000000s ]
INFO: [ app_begin ] --END-- [ RunTime:0.000000s ]
SQL: DESCRIBE fm_navigation [ RunTime:0.000000s ]
SQL: SELECT * FROM `fm_navigation` WHERE ( nav_type=1 ) ORDER BY nav_rank ASC,nav_id ASC  [ RunTime:0.000000s ]
SQL: DESCRIBE fm_user [ RunTime:0.000000s ]
SQL: SELECT COUNT(*) AS tp_count FROM `fm_user` WHERE ( user_email='jgiowea@126.com' ) LIMIT 1   [ RunTime:0.000000s ]

[ 2015-03-21T17:59:38+08:00 ] 192.168.51.228 /Home/Manager/IsExit
INFO: [ app_begin ] --START--
INFO: Run Behavior\ReadHtmlCacheBehavior [ RunTime:0.000000s ]
INFO: [ app_begin ] --END-- [ RunTime:0.000000s ]
SQL: DESCRIBE fm_navigation [ RunTime:0.000000s ]
SQL: SELECT * FROM `fm_navigation` WHERE ( nav_type=1 ) ORDER BY nav_rank ASC,nav_id ASC  [ RunTime:0.000000s ]
SQL: DESCRIBE fm_user [ RunTime:0.015600s ]
SQL: SELECT COUNT(*) AS tp_count FROM `fm_user` WHERE ( user_email='jgiowea@126.com' ) LIMIT 1   [ RunTime:0.000000s ]

[ 2015-03-21T17:59:49+08:00 ] 192.168.51.228 /Home/Manager/IsExit
INFO: [ app_begin ] --START--
INFO: Run Behavior\ReadHtmlCacheBehavior [ RunTime:0.000000s ]
INFO: [ app_begin ] --END-- [ RunTime:0.000000s ]
SQL: DESCRIBE fm_navigation [ RunTime:0.000000s ]
SQL: SELECT * FROM `fm_navigation` WHERE ( nav_type=1 ) ORDER BY nav_rank ASC,nav_id ASC  [ RunTime:0.000000s ]
SQL: DESCRIBE fm_user [ RunTime:0.000000s ]
SQL: SELECT COUNT(*) AS tp_count FROM `fm_user` WHERE ( user_name='lidequan' ) LIMIT 1   [ RunTime:0.000000s ]

[ 2015-03-21T17:59:49+08:00 ] 192.168.51.228 /Home/Manager/IsExit
INFO: [ app_begin ] --START--
INFO: Run Behavior\ReadHtmlCacheBehavior [ RunTime:0.000000s ]
INFO: [ app_begin ] --END-- [ RunTime:0.000000s ]
SQL: DESCRIBE fm_navigation [ RunTime:0.000000s ]
SQL: SELECT * FROM `fm_navigation` WHERE ( nav_type=1 ) ORDER BY nav_rank ASC,nav_id ASC  [ RunTime:0.000000s ]
SQL: DESCRIBE fm_user [ RunTime:0.015600s ]
SQL: SELECT COUNT(*) AS tp_count FROM `fm_user` WHERE ( user_name='lidequan' ) LIMIT 1   [ RunTime:0.000000s ]

[ 2015-03-21T18:00:14+08:00 ] 192.168.51.228 /Home/Manager/IsExit
INFO: [ app_begin ] --START--
INFO: Run Behavior\ReadHtmlCacheBehavior [ RunTime:0.000000s ]
INFO: [ app_begin ] --END-- [ RunTime:0.000000s ]
SQL: DESCRIBE fm_navigation [ RunTime:0.000000s ]
SQL: SELECT * FROM `fm_navigation` WHERE ( nav_type=1 ) ORDER BY nav_rank ASC,nav_id ASC  [ RunTime:0.000000s ]
SQL: DESCRIBE fm_user [ RunTime:0.000000s ]
SQL: SELECT COUNT(*) AS tp_count FROM `fm_user` WHERE ( user_name='lidequana' ) LIMIT 1   [ RunTime:0.000000s ]

[ 2015-03-21T18:00:14+08:00 ] 192.168.51.228 /Home/Manager/IsExit
INFO: [ app_begin ] --START--
INFO: Run Behavior\ReadHtmlCacheBehavior [ RunTime:0.000000s ]
INFO: [ app_begin ] --END-- [ RunTime:0.000000s ]
SQL: DESCRIBE fm_navigation [ RunTime:0.000000s ]
SQL: SELECT * FROM `fm_navigation` WHERE ( nav_type=1 ) ORDER BY nav_rank ASC,nav_id ASC  [ RunTime:0.000000s ]
SQL: DESCRIBE fm_user [ RunTime:0.000000s ]
SQL: SELECT COUNT(*) AS tp_count FROM `fm_user` WHERE ( user_name='lidequana' ) LIMIT 1   [ RunTime:0.015600s ]

[ 2015-03-21T18:00:14+08:00 ] 192.168.51.228 /Home/Manager/IsExit
INFO: [ app_begin ] --START--
INFO: Run Behavior\ReadHtmlCacheBehavior [ RunTime:0.000000s ]
INFO: [ app_begin ] --END-- [ RunTime:0.000000s ]
SQL: DESCRIBE fm_navigation [ RunTime:0.000000s ]
SQL: SELECT * FROM `fm_navigation` WHERE ( nav_type=1 ) ORDER BY nav_rank ASC,nav_id ASC  [ RunTime:0.000000s ]
SQL: DESCRIBE fm_user [ RunTime:0.000000s ]
SQL: SELECT COUNT(*) AS tp_count FROM `fm_user` WHERE ( user_name='lidequana' ) LIMIT 1   [ RunTime:0.000000s ]

[ 2015-03-21T18:02:18+08:00 ] 192.168.51.228 /Home/Manager/IsExit
INFO: [ app_begin ] --START--
INFO: Run Behavior\ReadHtmlCacheBehavior [ RunTime:0.000000s ]
INFO: [ app_begin ] --END-- [ RunTime:0.000000s ]
SQL: DESCRIBE fm_navigation [ RunTime:0.000000s ]
SQL: SELECT * FROM `fm_navigation` WHERE ( nav_type=1 ) ORDER BY nav_rank ASC,nav_id ASC  [ RunTime:0.000000s ]
SQL: DESCRIBE fm_user [ RunTime:0.000000s ]
SQL: SELECT COUNT(*) AS tp_count FROM `fm_user` WHERE ( user_name='xiaopan' ) LIMIT 1   [ RunTime:0.000000s ]

[ 2015-03-21T18:02:42+08:00 ] 192.168.51.228 /Home/Manager/IsExit
INFO: [ app_begin ] --START--
INFO: Run Behavior\ReadHtmlCacheBehavior [ RunTime:0.000000s ]
INFO: [ app_begin ] --END-- [ RunTime:0.000000s ]
SQL: DESCRIBE fm_navigation [ RunTime:0.000000s ]
SQL: SELECT * FROM `fm_navigation` WHERE ( nav_type=1 ) ORDER BY nav_rank ASC,nav_id ASC  [ RunTime:0.000000s ]
SQL: DESCRIBE fm_user [ RunTime:0.000000s ]
SQL: SELECT COUNT(*) AS tp_count FROM `fm_user` WHERE ( user_email='heshidaago@126.com' ) LIMIT 1   [ RunTime:0.000000s ]

[ 2015-03-21T18:03:20+08:00 ] 192.168.51.228 /Home/Manager/IsExit
INFO: [ app_begin ] --START--
INFO: Run Behavior\ReadHtmlCacheBehavior [ RunTime:0.000000s ]
INFO: [ app_begin ] --END-- [ RunTime:0.000000s ]
SQL: DESCRIBE fm_navigation [ RunTime:0.000000s ]
SQL: SELECT * FROM `fm_navigation` WHERE ( nav_type=1 ) ORDER BY nav_rank ASC,nav_id ASC  [ RunTime:0.000000s ]
SQL: DESCRIBE fm_user [ RunTime:0.000000s ]
SQL: SELECT COUNT(*) AS tp_count FROM `fm_user` WHERE ( user_name='xiaopan' ) LIMIT 1   [ RunTime:0.000000s ]

[ 2015-03-21T18:03:30+08:00 ] 192.168.51.228 /Home/Manager/IsExit
INFO: [ app_begin ] --START--
INFO: Run Behavior\ReadHtmlCacheBehavior [ RunTime:0.000000s ]
INFO: [ app_begin ] --END-- [ RunTime:0.015600s ]
SQL: DESCRIBE fm_navigation [ RunTime:0.000000s ]
SQL: SELECT * FROM `fm_navigation` WHERE ( nav_type=1 ) ORDER BY nav_rank ASC,nav_id ASC  [ RunTime:0.000000s ]
SQL: DESCRIBE fm_user [ RunTime:0.000000s ]
SQL: SELECT COUNT(*) AS tp_count FROM `fm_user` WHERE ( user_email='gniowae@126.com' ) LIMIT 1   [ RunTime:0.000000s ]

[ 2015-03-21T18:04:24+08:00 ] 192.168.51.228 /Home/Manager/IsExit
INFO: [ app_begin ] --START--
INFO: Run Behavior\ReadHtmlCacheBehavior [ RunTime:0.000000s ]
INFO: [ app_begin ] --END-- [ RunTime:0.000000s ]
SQL: DESCRIBE fm_navigation [ RunTime:0.015600s ]
SQL: SELECT * FROM `fm_navigation` WHERE ( nav_type=1 ) ORDER BY nav_rank ASC,nav_id ASC  [ RunTime:0.000000s ]
SQL: DESCRIBE fm_user [ RunTime:0.000000s ]
SQL: SELECT COUNT(*) AS tp_count FROM `fm_user` WHERE ( user_name='' ) LIMIT 1   [ RunTime:0.000000s ]

[ 2015-03-21T18:04:30+08:00 ] 192.168.51.228 /Home/Manager/IsExit
INFO: [ app_begin ] --START--
INFO: Run Behavior\ReadHtmlCacheBehavior [ RunTime:0.000000s ]
INFO: [ app_begin ] --END-- [ RunTime:0.000000s ]
SQL: DESCRIBE fm_navigation [ RunTime:0.015600s ]
SQL: SELECT * FROM `fm_navigation` WHERE ( nav_type=1 ) ORDER BY nav_rank ASC,nav_id ASC  [ RunTime:0.000000s ]
SQL: DESCRIBE fm_user [ RunTime:0.015600s ]
SQL: SELECT COUNT(*) AS tp_count FROM `fm_user` WHERE ( user_name='heshida' ) LIMIT 1   [ RunTime:0.000000s ]

[ 2015-03-21T18:04:38+08:00 ] 192.168.51.228 /Home/Manager/IsExit
INFO: [ app_begin ] --START--
INFO: Run Behavior\ReadHtmlCacheBehavior [ RunTime:0.000000s ]
INFO: [ app_begin ] --END-- [ RunTime:0.000000s ]
SQL: DESCRIBE fm_navigation [ RunTime:0.000000s ]
SQL: SELECT * FROM `fm_navigation` WHERE ( nav_type=1 ) ORDER BY nav_rank ASC,nav_id ASC  [ RunTime:0.000000s ]
SQL: DESCRIBE fm_user [ RunTime:0.000000s ]
SQL: SELECT COUNT(*) AS tp_count FROM `fm_user` WHERE ( user_email='hgioawe@126.com' ) LIMIT 1   [ RunTime:0.000000s ]

[ 2015-03-21T18:05:50+08:00 ] 192.168.51.228 /Home/Manager/IsExit
INFO: [ app_begin ] --START--
INFO: Run Behavior\ReadHtmlCacheBehavior [ RunTime:0.000000s ]
INFO: [ app_begin ] --END-- [ RunTime:0.000000s ]
SQL: DESCRIBE fm_navigation [ RunTime:0.000000s ]
SQL: SELECT * FROM `fm_navigation` WHERE ( nav_type=1 ) ORDER BY nav_rank ASC,nav_id ASC  [ RunTime:0.000000s ]
SQL: DESCRIBE fm_user [ RunTime:0.000000s ]
SQL: SELECT COUNT(*) AS tp_count FROM `fm_user` WHERE ( user_name='huashi' ) LIMIT 1   [ RunTime:0.000000s ]
INFO: [ app_end ] --START--
INFO: Run Behavior\ShowPageTraceBehavior [ RunTime:0.015600s ]
INFO: [ app_end ] --END-- [ RunTime:0.015600s ]

[ 2015-03-21T18:05:59+08:00 ] 192.168.51.228 /Home/Manager/IsExit
INFO: [ app_begin ] --START--
INFO: Run Behavior\ReadHtmlCacheBehavior [ RunTime:0.000000s ]
INFO: [ app_begin ] --END-- [ RunTime:0.000000s ]
SQL: DESCRIBE fm_navigation [ RunTime:0.015600s ]
SQL: SELECT * FROM `fm_navigation` WHERE ( nav_type=1 ) ORDER BY nav_rank ASC,nav_id ASC  [ RunTime:0.000000s ]
SQL: DESCRIBE fm_user [ RunTime:0.015600s ]
SQL: SELECT COUNT(*) AS tp_count FROM `fm_user` WHERE ( user_email='hagoieh@126.com' ) LIMIT 1   [ RunTime:0.000000s ]
INFO: [ app_end ] --START--
INFO: Run Behavior\ShowPageTraceBehavior [ RunTime:0.000000s ]
INFO: [ app_end ] --END-- [ RunTime:0.000000s ]

[ 2015-03-21T18:06:08+08:00 ] 192.168.51.228 /Home/Manager/IsExit
INFO: [ app_begin ] --START--
INFO: Run Behavior\ReadHtmlCacheBehavior [ RunTime:0.000000s ]
INFO: [ app_begin ] --END-- [ RunTime:0.000000s ]
SQL: DESCRIBE fm_navigation [ RunTime:0.000000s ]
SQL: SELECT * FROM `fm_navigation` WHERE ( nav_type=1 ) ORDER BY nav_rank ASC,nav_id ASC  [ RunTime:0.000000s ]
SQL: DESCRIBE fm_user [ RunTime:0.000000s ]
SQL: SELECT COUNT(*) AS tp_count FROM `fm_user` WHERE ( user_name='huashi' ) LIMIT 1   [ RunTime:0.000000s ]
INFO: [ app_end ] --START--
INFO: Run Behavior\ShowPageTraceBehavior [ RunTime:0.000000s ]
INFO: [ app_end ] --END-- [ RunTime:0.000000s ]

[ 2015-03-21T18:06:08+08:00 ] 192.168.51.228 /Home/Manager/IsExit
INFO: [ app_begin ] --START--
INFO: Run Behavior\ReadHtmlCacheBehavior [ RunTime:0.000000s ]
INFO: [ app_begin ] --END-- [ RunTime:0.000000s ]
SQL: DESCRIBE fm_navigation [ RunTime:0.000000s ]
SQL: SELECT * FROM `fm_navigation` WHERE ( nav_type=1 ) ORDER BY nav_rank ASC,nav_id ASC  [ RunTime:0.000000s ]
SQL: DESCRIBE fm_user [ RunTime:0.015600s ]
SQL: SELECT COUNT(*) AS tp_count FROM `fm_user` WHERE ( user_name='huashi' ) LIMIT 1   [ RunTime:0.000000s ]
INFO: [ app_end ] --START--
INFO: Run Behavior\ShowPageTraceBehavior [ RunTime:0.000000s ]
INFO: [ app_end ] --END-- [ RunTime:0.000000s ]

[ 2015-03-21T18:06:19+08:00 ] 192.168.51.228 /Home/Manager/IsExit
INFO: [ app_begin ] --START--
INFO: Run Behavior\ReadHtmlCacheBehavior [ RunTime:0.000000s ]
INFO: [ app_begin ] --END-- [ RunTime:0.000000s ]
SQL: DESCRIBE fm_navigation [ RunTime:0.000000s ]
SQL: SELECT * FROM `fm_navigation` WHERE ( nav_type=1 ) ORDER BY nav_rank ASC,nav_id ASC  [ RunTime:0.000000s ]
SQL: DESCRIBE fm_user [ RunTime:0.000000s ]
SQL: SELECT COUNT(*) AS tp_count FROM `fm_user` WHERE ( user_name='heshida' ) LIMIT 1   [ RunTime:0.000000s ]
INFO: [ app_end ] --START--
INFO: Run Behavior\ShowPageTraceBehavior [ RunTime:0.000000s ]
INFO: [ app_end ] --END-- [ RunTime:0.000000s ]

[ 2015-03-21T18:06:26+08:00 ] 192.168.51.228 /Home/Manager/IsExit
INFO: [ app_begin ] --START--
INFO: Run Behavior\ReadHtmlCacheBehavior [ RunTime:0.000000s ]
INFO: [ app_begin ] --END-- [ RunTime:0.000000s ]
SQL: DESCRIBE fm_navigation [ RunTime:0.000000s ]
SQL: SELECT * FROM `fm_navigation` WHERE ( nav_type=1 ) ORDER BY nav_rank ASC,nav_id ASC  [ RunTime:0.000000s ]
SQL: DESCRIBE fm_user [ RunTime:0.000000s ]
SQL: SELECT COUNT(*) AS tp_count FROM `fm_user` WHERE ( user_email='ihogaweijho' ) LIMIT 1   [ RunTime:0.000000s ]
INFO: [ app_end ] --START--
INFO: Run Behavior\ShowPageTraceBehavior [ RunTime:0.000000s ]
INFO: [ app_end ] --END-- [ RunTime:0.000000s ]

[ 2015-03-21T18:07:44+08:00 ] 192.168.51.228 /Home/Manager/IsExit
INFO: [ app_begin ] --START--
INFO: Run Behavior\ReadHtmlCacheBehavior [ RunTime:0.000000s ]
INFO: [ app_begin ] --END-- [ RunTime:0.000000s ]
SQL: DESCRIBE fm_navigation [ RunTime:0.015600s ]
SQL: SELECT * FROM `fm_navigation` WHERE ( nav_type=1 ) ORDER BY nav_rank ASC,nav_id ASC  [ RunTime:0.000000s ]
SQL: DESCRIBE fm_user [ RunTime:0.015600s ]
SQL: SELECT COUNT(*) AS tp_count FROM `fm_user` WHERE ( user_name='heshiga' ) LIMIT 1   [ RunTime:0.000000s ]

[ 2015-03-21T18:07:56+08:00 ] 192.168.51.228 /Home/Manager/IsExit
INFO: [ app_begin ] --START--
INFO: Run Behavior\ReadHtmlCacheBehavior [ RunTime:0.000000s ]
INFO: [ app_begin ] --END-- [ RunTime:0.000000s ]
SQL: DESCRIBE fm_navigation [ RunTime:0.000000s ]
SQL: SELECT * FROM `fm_navigation` WHERE ( nav_type=1 ) ORDER BY nav_rank ASC,nav_id ASC  [ RunTime:0.000000s ]
SQL: DESCRIBE fm_user [ RunTime:0.015600s ]
SQL: SELECT COUNT(*) AS tp_count FROM `fm_user` WHERE ( user_email='higowae@126.com' ) LIMIT 1   [ RunTime:0.000000s ]

[ 2015-03-21T18:09:56+08:00 ] 192.168.51.228 /Home/Manager/IsExit
INFO: [ app_begin ] --START--
INFO: Run Behavior\ReadHtmlCacheBehavior [ RunTime:0.000000s ]
INFO: [ app_begin ] --END-- [ RunTime:0.000000s ]
SQL: DESCRIBE fm_navigation [ RunTime:0.000000s ]
SQL: SELECT * FROM `fm_navigation` WHERE ( nav_type=1 ) ORDER BY nav_rank ASC,nav_id ASC  [ RunTime:0.000000s ]
SQL: DESCRIBE fm_user [ RunTime:0.015600s ]
SQL: SELECT COUNT(*) AS tp_count FROM `fm_user` WHERE ( user_name='' ) LIMIT 1   [ RunTime:0.000000s ]

[ 2015-03-21T18:10:12+08:00 ] 192.168.51.228 /Home/Manager/IsExit
INFO: [ app_begin ] --START--
INFO: Run Behavior\ReadHtmlCacheBehavior [ RunTime:0.000000s ]
INFO: [ app_begin ] --END-- [ RunTime:0.000000s ]
SQL: DESCRIBE fm_navigation [ RunTime:0.000000s ]
SQL: SELECT * FROM `fm_navigation` WHERE ( nav_type=1 ) ORDER BY nav_rank ASC,nav_id ASC  [ RunTime:0.000000s ]
SQL: DESCRIBE fm_user [ RunTime:0.000000s ]
SQL: SELECT COUNT(*) AS tp_count FROM `fm_user` WHERE ( user_name='' ) LIMIT 1   [ RunTime:0.000000s ]

[ 2015-03-21T18:10:12+08:00 ] 192.168.51.228 /Home/Manager/IsExit
INFO: [ app_begin ] --START--
INFO: Run Behavior\ReadHtmlCacheBehavior [ RunTime:0.000000s ]
INFO: [ app_begin ] --END-- [ RunTime:0.000000s ]
SQL: DESCRIBE fm_navigation [ RunTime:0.000000s ]
SQL: SELECT * FROM `fm_navigation` WHERE ( nav_type=1 ) ORDER BY nav_rank ASC,nav_id ASC  [ RunTime:0.000000s ]
SQL: DESCRIBE fm_user [ RunTime:0.000000s ]
SQL: SELECT COUNT(*) AS tp_count FROM `fm_user` WHERE ( user_name='' ) LIMIT 1   [ RunTime:0.000000s ]

[ 2015-03-21T18:10:14+08:00 ] 192.168.51.228 /Home/Manager/IsExit
INFO: [ app_begin ] --START--
INFO: Run Behavior\ReadHtmlCacheBehavior [ RunTime:0.000000s ]
INFO: [ app_begin ] --END-- [ RunTime:0.000000s ]
SQL: DESCRIBE fm_navigation [ RunTime:0.000000s ]
SQL: SELECT * FROM `fm_navigation` WHERE ( nav_type=1 ) ORDER BY nav_rank ASC,nav_id ASC  [ RunTime:0.000000s ]
SQL: DESCRIBE fm_user [ RunTime:0.015601s ]
SQL: SELECT COUNT(*) AS tp_count FROM `fm_user` WHERE ( user_name='' ) LIMIT 1   [ RunTime:0.000000s ]

[ 2015-03-21T18:10:14+08:00 ] 192.168.51.228 /Home/Manager/IsExit
INFO: [ app_begin ] --START--
INFO: Run Behavior\ReadHtmlCacheBehavior [ RunTime:0.000000s ]
INFO: [ app_begin ] --END-- [ RunTime:0.000000s ]
SQL: DESCRIBE fm_navigation [ RunTime:0.000000s ]
SQL: SELECT * FROM `fm_navigation` WHERE ( nav_type=1 ) ORDER BY nav_rank ASC,nav_id ASC  [ RunTime:0.000000s ]
SQL: DESCRIBE fm_user [ RunTime:0.015600s ]
SQL: SELECT COUNT(*) AS tp_count FROM `fm_user` WHERE ( user_name='' ) LIMIT 1   [ RunTime:0.000000s ]

[ 2015-03-21T18:10:14+08:00 ] 192.168.51.228 /Home/Manager/IsExit
INFO: [ app_begin ] --START--
INFO: Run Behavior\ReadHtmlCacheBehavior [ RunTime:0.000000s ]
INFO: [ app_begin ] --END-- [ RunTime:0.000000s ]
SQL: DESCRIBE fm_navigation [ RunTime:0.000000s ]
SQL: SELECT * FROM `fm_navigation` WHERE ( nav_type=1 ) ORDER BY nav_rank ASC,nav_id ASC  [ RunTime:0.000000s ]
SQL: DESCRIBE fm_user [ RunTime:0.000000s ]
SQL: SELECT COUNT(*) AS tp_count FROM `fm_user` WHERE ( user_name='' ) LIMIT 1   [ RunTime:0.000000s ]

[ 2015-03-21T20:51:52+08:00 ] 192.168.51.228 /Home/Manager/IsExit
INFO: [ app_begin ] --START--
INFO: Run Behavior\ReadHtmlCacheBehavior [ RunTime:0.015600s ]
INFO: [ app_begin ] --END-- [ RunTime:0.015600s ]
SQL: DESCRIBE fm_navigation [ RunTime:0.015600s ]
SQL: SELECT * FROM `fm_navigation` WHERE ( nav_type=1 ) ORDER BY nav_rank ASC,nav_id ASC  [ RunTime:0.000000s ]
SQL: DESCRIBE fm_user [ RunTime:0.015600s ]
SQL: SELECT COUNT(*) AS tp_count FROM `fm_user` WHERE ( user_name='xiaopan' ) LIMIT 1   [ RunTime:0.000000s ]

[ 2015-03-21T20:52:04+08:00 ] 192.168.51.228 /Home/Manager/IsExit
INFO: [ app_begin ] --START--
INFO: Run Behavior\ReadHtmlCacheBehavior [ RunTime:0.000000s ]
INFO: [ app_begin ] --END-- [ RunTime:0.000000s ]
SQL: DESCRIBE fm_navigation [ RunTime:0.000000s ]
SQL: SELECT * FROM `fm_navigation` WHERE ( nav_type=1 ) ORDER BY nav_rank ASC,nav_id ASC  [ RunTime:0.000000s ]
SQL: DESCRIBE fm_user [ RunTime:0.000000s ]
SQL: SELECT COUNT(*) AS tp_count FROM `fm_user` WHERE ( user_email='123456@qq.com' ) LIMIT 1   [ RunTime:0.000000s ]

[ 2015-03-21T20:52:28+08:00 ] 192.168.51.228 /Home/Manager/IsExit
INFO: [ app_begin ] --START--
INFO: Run Behavior\ReadHtmlCacheBehavior [ RunTime:0.000000s ]
INFO: [ app_begin ] --END-- [ RunTime:0.000000s ]
SQL: DESCRIBE fm_navigation [ RunTime:0.000000s ]
SQL: SELECT * FROM `fm_navigation` WHERE ( nav_type=1 ) ORDER BY nav_rank ASC,nav_id ASC  [ RunTime:0.000000s ]
SQL: DESCRIBE fm_user [ RunTime:0.000000s ]
SQL: SELECT COUNT(*) AS tp_count FROM `fm_user` WHERE ( user_name='nihao' ) LIMIT 1   [ RunTime:0.000000s ]

[ 2015-03-21T20:52:37+08:00 ] 192.168.51.228 /Home/Manager/IsExit
INFO: [ app_begin ] --START--
INFO: Run Behavior\ReadHtmlCacheBehavior [ RunTime:0.000000s ]
INFO: [ app_begin ] --END-- [ RunTime:0.000000s ]
SQL: DESCRIBE fm_navigation [ RunTime:0.000000s ]
SQL: SELECT * FROM `fm_navigation` WHERE ( nav_type=1 ) ORDER BY nav_rank ASC,nav_id ASC  [ RunTime:0.000000s ]
SQL: DESCRIBE fm_user [ RunTime:0.015600s ]
SQL: SELECT COUNT(*) AS tp_count FROM `fm_user` WHERE ( user_email='gwajeio@qq.com' ) LIMIT 1   [ RunTime:0.000000s ]

[ 2015-03-21T20:53:10+08:00 ] 192.168.51.228 /Home/Manager/IsExit
INFO: [ app_begin ] --START--
INFO: Run Behavior\ReadHtmlCacheBehavior [ RunTime:0.000000s ]
INFO: [ app_begin ] --END-- [ RunTime:0.000000s ]
SQL: DESCRIBE fm_navigation [ RunTime:0.000000s ]
SQL: SELECT * FROM `fm_navigation` WHERE ( nav_type=1 ) ORDER BY nav_rank ASC,nav_id ASC  [ RunTime:0.000000s ]
SQL: DESCRIBE fm_user [ RunTime:0.000000s ]
SQL: SELECT COUNT(*) AS tp_count FROM `fm_user` WHERE ( user_name='aaa' ) LIMIT 1   [ RunTime:0.000000s ]

[ 2015-03-21T20:53:22+08:00 ] 192.168.51.228 /Home/Manager/IsExit
INFO: [ app_begin ] --START--
INFO: Run Behavior\ReadHtmlCacheBehavior [ RunTime:0.000000s ]
INFO: [ app_begin ] --END-- [ RunTime:0.000000s ]
SQL: DESCRIBE fm_navigation [ RunTime:0.000000s ]
SQL: SELECT * FROM `fm_navigation` WHERE ( nav_type=1 ) ORDER BY nav_rank ASC,nav_id ASC  [ RunTime:0.000000s ]
SQL: DESCRIBE fm_user [ RunTime:0.000000s ]
SQL: SELECT COUNT(*) AS tp_count FROM `fm_user` WHERE ( user_email='gaawe@qq.com' ) LIMIT 1   [ RunTime:0.000000s ]

[ 2015-03-21T20:53:56+08:00 ] 192.168.51.228 /Home/Manager/IsExit
INFO: [ app_begin ] --START--
INFO: Run Behavior\ReadHtmlCacheBehavior [ RunTime:0.000000s ]
INFO: [ app_begin ] --END-- [ RunTime:0.015600s ]
SQL: DESCRIBE fm_navigation [ RunTime:0.015600s ]
SQL: SELECT * FROM `fm_navigation` WHERE ( nav_type=1 ) ORDER BY nav_rank ASC,nav_id ASC  [ RunTime:0.000000s ]
SQL: DESCRIBE fm_user [ RunTime:0.015600s ]
SQL: SELECT COUNT(*) AS tp_count FROM `fm_user` WHERE ( user_name='gawe' ) LIMIT 1   [ RunTime:0.000000s ]

[ 2015-03-21T20:54:09+08:00 ] 192.168.51.228 /Home/Manager/IsExit
INFO: [ app_begin ] --START--
INFO: Run Behavior\ReadHtmlCacheBehavior [ RunTime:0.000000s ]
INFO: [ app_begin ] --END-- [ RunTime:0.000000s ]
SQL: DESCRIBE fm_navigation [ RunTime:0.000000s ]
SQL: SELECT * FROM `fm_navigation` WHERE ( nav_type=1 ) ORDER BY nav_rank ASC,nav_id ASC  [ RunTime:0.000000s ]
SQL: DESCRIBE fm_user [ RunTime:0.015600s ]
SQL: SELECT COUNT(*) AS tp_count FROM `fm_user` WHERE ( user_name='aaaaa' ) LIMIT 1   [ RunTime:0.000000s ]

[ 2015-03-21T20:54:09+08:00 ] 192.168.51.228 /Home/Manager/IsExit
INFO: [ app_begin ] --START--
INFO: Run Behavior\ReadHtmlCacheBehavior [ RunTime:0.000000s ]
INFO: [ app_begin ] --END-- [ RunTime:0.000000s ]
SQL: DESCRIBE fm_navigation [ RunTime:0.000000s ]
SQL: SELECT * FROM `fm_navigation` WHERE ( nav_type=1 ) ORDER BY nav_rank ASC,nav_id ASC  [ RunTime:0.015600s ]
SQL: DESCRIBE fm_user [ RunTime:0.000000s ]
SQL: SELECT COUNT(*) AS tp_count FROM `fm_user` WHERE ( user_name='aaaaa' ) LIMIT 1   [ RunTime:0.000000s ]

[ 2015-03-21T20:54:20+08:00 ] 192.168.51.228 /Home/Manager/IsExit
INFO: [ app_begin ] --START--
INFO: Run Behavior\ReadHtmlCacheBehavior [ RunTime:0.015600s ]
INFO: [ app_begin ] --END-- [ RunTime:0.015600s ]
SQL: DESCRIBE fm_navigation [ RunTime:0.015600s ]
SQL: SELECT * FROM `fm_navigation` WHERE ( nav_type=1 ) ORDER BY nav_rank ASC,nav_id ASC  [ RunTime:0.000000s ]
SQL: DESCRIBE fm_user [ RunTime:0.015600s ]
SQL: SELECT COUNT(*) AS tp_count FROM `fm_user` WHERE ( user_email='gweoji@qq.com' ) LIMIT 1   [ RunTime:0.000000s ]

[ 2015-03-21T20:55:35+08:00 ] 192.168.51.228 /Home/Manager/IsExit
INFO: [ app_begin ] --START--
INFO: Run Behavior\ReadHtmlCacheBehavior [ RunTime:0.000000s ]
INFO: [ app_begin ] --END-- [ RunTime:0.000000s ]
SQL: DESCRIBE fm_navigation [ RunTime:0.000000s ]
SQL: SELECT * FROM `fm_navigation` WHERE ( nav_type=1 ) ORDER BY nav_rank ASC,nav_id ASC  [ RunTime:0.000000s ]
SQL: DESCRIBE fm_user [ RunTime:0.000000s ]
SQL: SELECT COUNT(*) AS tp_count FROM `fm_user` WHERE ( user_name='aaaa' ) LIMIT 1   [ RunTime:0.000000s ]

[ 2015-03-21T20:55:51+08:00 ] 192.168.51.228 /Home/Manager/IsExit
INFO: [ app_begin ] --START--
INFO: Run Behavior\ReadHtmlCacheBehavior [ RunTime:0.000000s ]
INFO: [ app_begin ] --END-- [ RunTime:0.000000s ]
SQL: DESCRIBE fm_navigation [ RunTime:0.000000s ]
SQL: SELECT * FROM `fm_navigation` WHERE ( nav_type=1 ) ORDER BY nav_rank ASC,nav_id ASC  [ RunTime:0.000000s ]
SQL: DESCRIBE fm_user [ RunTime:0.000000s ]
SQL: SELECT COUNT(*) AS tp_count FROM `fm_user` WHERE ( user_email='gjwaeio@qq.com' ) LIMIT 1   [ RunTime:0.000000s ]

[ 2015-03-21T20:56:12+08:00 ] 192.168.51.228 /Home/Manager/IsExit
INFO: [ app_begin ] --START--
INFO: Run Behavior\ReadHtmlCacheBehavior [ RunTime:0.000000s ]
INFO: [ app_begin ] --END-- [ RunTime:0.000000s ]
SQL: DESCRIBE fm_navigation [ RunTime:0.000000s ]
SQL: SELECT * FROM `fm_navigation` WHERE ( nav_type=1 ) ORDER BY nav_rank ASC,nav_id ASC  [ RunTime:0.000000s ]
SQL: DESCRIBE fm_user [ RunTime:0.000000s ]
SQL: SELECT COUNT(*) AS tp_count FROM `fm_user` WHERE ( user_name='agweagw' ) LIMIT 1   [ RunTime:0.000000s ]

[ 2015-03-21T20:56:21+08:00 ] 192.168.51.228 /Home/Manager/IsExit
INFO: [ app_begin ] --START--
INFO: Run Behavior\ReadHtmlCacheBehavior [ RunTime:0.000000s ]
INFO: [ app_begin ] --END-- [ RunTime:0.000000s ]
SQL: DESCRIBE fm_navigation [ RunTime:0.015600s ]
SQL: SELECT * FROM `fm_navigation` WHERE ( nav_type=1 ) ORDER BY nav_rank ASC,nav_id ASC  [ RunTime:0.000000s ]
SQL: DESCRIBE fm_user [ RunTime:0.015600s ]
SQL: SELECT COUNT(*) AS tp_count FROM `fm_user` WHERE ( user_email='gawe@qq.com' ) LIMIT 1   [ RunTime:0.000000s ]

