[ 2015-04-28T10:14:48+08:00 ] 59.174.105.224 /Home/User/IsExit
INFO: [ app_begin ] --START--
INFO: Run Behavior\ReadHtmlCacheBehavior [ RunTime:0.000000s ]
INFO: [ app_begin ] --END-- [ RunTime:0.000000s ]
SQL: DESCRIBE fm_navigation [ RunTime:0.015600s ]
SQL: SELECT * FROM `fm_navigation` WHERE ( nav_type=1 ) ORDER BY nav_rank ASC,nav_id ASC  [ RunTime:0.000000s ]
SQL: DESCRIBE fm_user [ RunTime:0.000000s ]
SQL: SELECT COUNT(*) AS tp_count FROM `fm_user` WHERE ( user_name='' ) LIMIT 1   [ RunTime:0.000000s ]

[ 2015-04-28T10:14:50+08:00 ] 59.174.105.224 /Home/User/IsExit
INFO: [ app_begin ] --START--
INFO: Run Behavior\ReadHtmlCacheBehavior [ RunTime:0.015600s ]
INFO: [ app_begin ] --END-- [ RunTime:0.015600s ]
SQL: DESCRIBE fm_navigation [ RunTime:0.000000s ]
SQL: SELECT * FROM `fm_navigation` WHERE ( nav_type=1 ) ORDER BY nav_rank ASC,nav_id ASC  [ RunTime:0.000000s ]
SQL: DESCRIBE fm_user [ RunTime:0.000000s ]
SQL: SELECT COUNT(*) AS tp_count FROM `fm_user` WHERE ( user_email='' ) LIMIT 1   [ RunTime:0.000000s ]

[ 2015-04-28T10:14:50+08:00 ] 59.174.105.224 /Home/User/IsExit
INFO: [ app_begin ] --START--
INFO: Run Behavior\ReadHtmlCacheBehavior [ RunTime:0.000000s ]
INFO: [ app_begin ] --END-- [ RunTime:0.000000s ]
SQL: DESCRIBE fm_navigation [ RunTime:0.000000s ]
SQL: SELECT * FROM `fm_navigation` WHERE ( nav_type=1 ) ORDER BY nav_rank ASC,nav_id ASC  [ RunTime:0.000000s ]
SQL: DESCRIBE fm_user [ RunTime:0.000000s ]
SQL: SELECT COUNT(*) AS tp_count FROM `fm_user` WHERE ( user_name='' ) LIMIT 1   [ RunTime:0.000000s ]

[ 2015-04-28T10:14:50+08:00 ] 59.174.105.224 /Home/User/IsExit
INFO: [ app_begin ] --START--
INFO: Run Behavior\ReadHtmlCacheBehavior [ RunTime:0.000000s ]
INFO: [ app_begin ] --END-- [ RunTime:0.000000s ]
SQL: DESCRIBE fm_navigation [ RunTime:0.000000s ]
SQL: SELECT * FROM `fm_navigation` WHERE ( nav_type=1 ) ORDER BY nav_rank ASC,nav_id ASC  [ RunTime:0.000000s ]
SQL: DESCRIBE fm_user [ RunTime:0.015600s ]
SQL: SELECT COUNT(*) AS tp_count FROM `fm_user` WHERE ( user_name='' ) LIMIT 1   [ RunTime:0.000000s ]

[ 2015-04-28T10:14:56+08:00 ] 59.174.105.224 /Home/User/IsExit
INFO: [ app_begin ] --START--
INFO: Run Behavior\ReadHtmlCacheBehavior [ RunTime:0.000000s ]
INFO: [ app_begin ] --END-- [ RunTime:0.000000s ]
SQL: DESCRIBE fm_navigation [ RunTime:0.000000s ]
SQL: SELECT * FROM `fm_navigation` WHERE ( nav_type=1 ) ORDER BY nav_rank ASC,nav_id ASC  [ RunTime:0.000000s ]
SQL: DESCRIBE fm_user [ RunTime:0.000000s ]
SQL: SELECT COUNT(*) AS tp_count FROM `fm_user` WHERE ( user_name='' ) LIMIT 1   [ RunTime:0.000000s ]

[ 2015-04-28T10:14:56+08:00 ] 59.174.105.224 /Home/User/IsExit
INFO: [ app_begin ] --START--
INFO: Run Behavior\ReadHtmlCacheBehavior [ RunTime:0.000000s ]
INFO: [ app_begin ] --END-- [ RunTime:0.000000s ]
SQL: DESCRIBE fm_navigation [ RunTime:0.000000s ]
SQL: SELECT * FROM `fm_navigation` WHERE ( nav_type=1 ) ORDER BY nav_rank ASC,nav_id ASC  [ RunTime:0.000000s ]
SQL: DESCRIBE fm_user [ RunTime:0.015600s ]
SQL: SELECT COUNT(*) AS tp_count FROM `fm_user` WHERE ( user_name='' ) LIMIT 1   [ RunTime:0.000000s ]

[ 2015-04-28T10:14:56+08:00 ] 59.174.105.224 /Home/User/IsExit
INFO: [ app_begin ] --START--
INFO: Run Behavior\ReadHtmlCacheBehavior [ RunTime:0.000000s ]
INFO: [ app_begin ] --END-- [ RunTime:0.000000s ]
SQL: DESCRIBE fm_navigation [ RunTime:0.000000s ]
SQL: SELECT * FROM `fm_navigation` WHERE ( nav_type=1 ) ORDER BY nav_rank ASC,nav_id ASC  [ RunTime:0.000000s ]
SQL: DESCRIBE fm_user [ RunTime:0.015600s ]
SQL: SELECT COUNT(*) AS tp_count FROM `fm_user` WHERE ( user_name='' ) LIMIT 1   [ RunTime:0.000000s ]

[ 2015-04-28T10:14:59+08:00 ] 59.174.105.224 /Home/User/IsExit
INFO: [ app_begin ] --START--
INFO: Run Behavior\ReadHtmlCacheBehavior [ RunTime:0.000000s ]
INFO: [ app_begin ] --END-- [ RunTime:0.000000s ]
SQL: DESCRIBE fm_navigation [ RunTime:0.000000s ]
SQL: SELECT * FROM `fm_navigation` WHERE ( nav_type=1 ) ORDER BY nav_rank ASC,nav_id ASC  [ RunTime:0.000000s ]
SQL: DESCRIBE fm_user [ RunTime:0.015600s ]
SQL: SELECT COUNT(*) AS tp_count FROM `fm_user` WHERE ( user_email='' ) LIMIT 1   [ RunTime:0.000000s ]

[ 2015-04-28T10:14:59+08:00 ] 59.174.105.224 /Home/User/IsExit
INFO: [ app_begin ] --START--
INFO: Run Behavior\ReadHtmlCacheBehavior [ RunTime:0.000000s ]
INFO: [ app_begin ] --END-- [ RunTime:0.015600s ]
SQL: DESCRIBE fm_navigation [ RunTime:0.000000s ]
SQL: SELECT * FROM `fm_navigation` WHERE ( nav_type=1 ) ORDER BY nav_rank ASC,nav_id ASC  [ RunTime:0.000000s ]
SQL: DESCRIBE fm_user [ RunTime:0.000000s ]
SQL: SELECT COUNT(*) AS tp_count FROM `fm_user` WHERE ( user_email='' ) LIMIT 1   [ RunTime:0.000000s ]

[ 2015-04-28T10:15:02+08:00 ] 59.174.105.224 /Home/User/IsExit
INFO: [ app_begin ] --START--
INFO: Run Behavior\ReadHtmlCacheBehavior [ RunTime:0.000000s ]
INFO: [ app_begin ] --END-- [ RunTime:0.000000s ]
SQL: DESCRIBE fm_navigation [ RunTime:0.015600s ]
SQL: SELECT * FROM `fm_navigation` WHERE ( nav_type=1 ) ORDER BY nav_rank ASC,nav_id ASC  [ RunTime:0.000000s ]
SQL: DESCRIBE fm_user [ RunTime:0.015600s ]
SQL: SELECT COUNT(*) AS tp_count FROM `fm_user` WHERE ( user_email='' ) LIMIT 1   [ RunTime:0.000000s ]

[ 2015-04-28T10:15:02+08:00 ] 59.174.105.224 /Home/User/IsExit
INFO: [ app_begin ] --START--
INFO: Run Behavior\ReadHtmlCacheBehavior [ RunTime:0.000000s ]
INFO: [ app_begin ] --END-- [ RunTime:0.000000s ]
SQL: DESCRIBE fm_navigation [ RunTime:0.000000s ]
SQL: SELECT * FROM `fm_navigation` WHERE ( nav_type=1 ) ORDER BY nav_rank ASC,nav_id ASC  [ RunTime:0.000000s ]
SQL: DESCRIBE fm_user [ RunTime:0.015600s ]
SQL: SELECT COUNT(*) AS tp_count FROM `fm_user` WHERE ( user_email='' ) LIMIT 1   [ RunTime:0.000000s ]

[ 2015-04-28T10:15:02+08:00 ] 59.174.105.224 /Home/User/IsExit
INFO: [ app_begin ] --START--
INFO: Run Behavior\ReadHtmlCacheBehavior [ RunTime:0.000000s ]
INFO: [ app_begin ] --END-- [ RunTime:0.015600s ]
SQL: DESCRIBE fm_navigation [ RunTime:0.015600s ]
SQL: SELECT * FROM `fm_navigation` WHERE ( nav_type=1 ) ORDER BY nav_rank ASC,nav_id ASC  [ RunTime:0.000000s ]
SQL: DESCRIBE fm_user [ RunTime:0.000000s ]
SQL: SELECT COUNT(*) AS tp_count FROM `fm_user` WHERE ( user_email='' ) LIMIT 1   [ RunTime:0.015600s ]

[ 2015-04-28T19:16:36+08:00 ] 10.144.21.18 /Home/User/seekpw.html
ERR: 模板不存在:./FanMi/Home/View/User/seekpw.html

[ 2015-04-28T19:23:19+08:00 ] 10.144.21.18 /Home/User/seekpw.html
ERR: 模板不存在:./FanMi/Home/View/User/seekpw.html

[ 2015-04-28T19:23:20+08:00 ] 10.144.21.18 /Home/User/seekpw.html
ERR: 模板不存在:./FanMi/Home/View/User/seekpw.html

