[ 2015-07-20T10:09:54+08:00 ] 171.113.240.81 /Home/User/IsExit
INFO: [ app_begin ] --START--
INFO: Run Behavior\ReadHtmlCacheBehavior [ RunTime:0.000000s ]
INFO: [ app_begin ] --END-- [ RunTime:0.000000s ]
SQL: DESCRIBE fm_navigation [ RunTime:0.000000s ]
SQL: SELECT * FROM `fm_navigation` WHERE ( nav_type=1 ) ORDER BY nav_rank ASC,nav_id ASC  [ RunTime:0.000000s ]
SQL: DESCRIBE fm_cart [ RunTime:0.015600s ]
SQL: DESCRIBE fm_goods [ RunTime:0.000000s ]
SQL: DESCRIBE fm_goods_category [ RunTime:0.015600s ]
INFO: [ view_parse ] --START--
INFO: [ template_filter ] --START--
INFO: Run Behavior\ContentReplaceBehavior [ RunTime:0.000000s ]
INFO: [ template_filter ] --END-- [ RunTime:0.000000s ]
INFO: Run Behavior\ParseTemplateBehavior [ RunTime:0.015600s ]
INFO: [ view_parse ] --END-- [ RunTime:0.015600s ]
INFO: [ view_filter ] --START--
INFO: Run Behavior\WriteHtmlCacheBehavior [ RunTime:0.000000s ]
INFO: [ view_filter ] --END-- [ RunTime:0.000000s ]
SQL: DESCRIBE fm_helpcenter [ RunTime:0.000000s ]
SQL: SELECT `id`,`name`,`cname` FROM `fm_helpcenter` WHERE ( parentid=0 )  [ RunTime:0.000000s ]
SQL: SELECT `id`,`name`,`cname` FROM `fm_helpcenter` WHERE ( parentid=1 )  [ RunTime:0.000000s ]
SQL: SELECT `id`,`name`,`cname` FROM `fm_helpcenter` WHERE ( parentid=6 )  [ RunTime:0.000000s ]
SQL: SELECT `id`,`name`,`cname` FROM `fm_helpcenter` WHERE ( parentid=10 )  [ RunTime:0.000000s ]
SQL: SELECT `id`,`name`,`cname` FROM `fm_helpcenter` WHERE ( parentid=14 )  [ RunTime:0.000000s ]
SQL: SELECT `id`,`name`,`cname` FROM `fm_helpcenter` WHERE ( parentid=18 )  [ RunTime:0.015600s ]
SQL: DESCRIBE fm_user [ RunTime:0.031200s ]
SQL: SELECT COUNT(*) AS tp_count FROM `fm_user` WHERE ( user_name='' ) LIMIT 1   [ RunTime:0.000000s ]

