[ 2015-03-23T11:28:02+08:00 ] 192.168.51.228 /Home/Manager/setDefault/id/17/addressid/2
ERR: 模板不存在:./FanMi/Home/View/Manager/setDefault.html

[ 2015-03-23T11:51:10+08:00 ] 192.168.51.228 /Home/Manager/address/id/17.html
INFO: [ app_begin ] --START--
INFO: Run Behavior\ReadHtmlCacheBehavior [ RunTime:0.000000s ]
INFO: [ app_begin ] --END-- [ RunTime:0.000000s ]
SQL: DESCRIBE fm_navigation [ RunTime:0.000000s ]
SQL: SELECT * FROM `fm_navigation` WHERE ( nav_type=1 ) ORDER BY nav_rank ASC,nav_id ASC  [ RunTime:0.000000s ]
SQL: DESCRIBE fm_user [ RunTime:0.000000s ]
SQL: SELECT * FROM `fm_user` WHERE `user_id` = 17 LIMIT 1   [ RunTime:0.000000s ]
SQL: DESCRIBE fm_address [ RunTime:0.015600s ]
SQL: SELECT * FROM `fm_address` WHERE ( member_id=17 )  [ RunTime:0.000000s ]
INFO: [ view_parse ] --START--
INFO: [ template_filter ] --START--
INFO: Run Behavior\ContentReplaceBehavior [ RunTime:0.000000s ]
INFO: [ template_filter ] --END-- [ RunTime:0.000000s ]
INFO: Run Behavior\ParseTemplateBehavior [ RunTime:0.062400s ]
INFO: [ view_parse ] --END-- [ RunTime:0.062400s ]
INFO: [ view_filter ] --START--
INFO: Run Behavior\WriteHtmlCacheBehavior [ RunTime:0.000000s ]
INFO: [ view_filter ] --END-- [ RunTime:0.000000s ]
INFO: [ app_end ] --START--
INFO: Run Behavior\ShowPageTraceBehavior [ RunTime:0.015600s ]
INFO: [ app_end ] --END-- [ RunTime:0.015600s ]

[ 2015-03-23T11:52:02+08:00 ] 192.168.51.228 /Home/Manager/address/id/17.html
INFO: [ app_begin ] --START--
INFO: Run Behavior\ReadHtmlCacheBehavior [ RunTime:0.000000s ]
INFO: [ app_begin ] --END-- [ RunTime:0.000000s ]
SQL: DESCRIBE fm_navigation [ RunTime:0.015600s ]
SQL: SELECT * FROM `fm_navigation` WHERE ( nav_type=1 ) ORDER BY nav_rank ASC,nav_id ASC  [ RunTime:0.000000s ]
SQL: DESCRIBE fm_user [ RunTime:0.000000s ]
SQL: SELECT * FROM `fm_user` WHERE `user_id` = 17 LIMIT 1   [ RunTime:0.000000s ]
SQL: DESCRIBE fm_address [ RunTime:0.000000s ]
SQL: SELECT * FROM `fm_address` WHERE ( member_id=17 )  [ RunTime:0.000000s ]
INFO: [ view_parse ] --START--
INFO: [ template_filter ] --START--
INFO: Run Behavior\ContentReplaceBehavior [ RunTime:0.000000s ]
INFO: [ template_filter ] --END-- [ RunTime:0.000000s ]
INFO: Run Behavior\ParseTemplateBehavior [ RunTime:0.078000s ]
INFO: [ view_parse ] --END-- [ RunTime:0.078000s ]
INFO: [ view_filter ] --START--
INFO: Run Behavior\WriteHtmlCacheBehavior [ RunTime:0.000000s ]
INFO: [ view_filter ] --END-- [ RunTime:0.000000s ]
INFO: [ app_end ] --START--
INFO: Run Behavior\ShowPageTraceBehavior [ RunTime:0.000000s ]
INFO: [ app_end ] --END-- [ RunTime:0.000000s ]

[ 2015-03-23T11:53:02+08:00 ] 192.168.51.228 /Home/Manager/deladdress
INFO: [ app_begin ] --START--
INFO: Run Behavior\ReadHtmlCacheBehavior [ RunTime:0.000000s ]
INFO: [ app_begin ] --END-- [ RunTime:0.000000s ]
SQL: DESCRIBE fm_navigation [ RunTime:0.000000s ]
SQL: SELECT * FROM `fm_navigation` WHERE ( nav_type=1 ) ORDER BY nav_rank ASC,nav_id ASC  [ RunTime:0.000000s ]
SQL: DESCRIBE fm_user [ RunTime:0.000000s ]
SQL: SELECT * FROM `fm_user` WHERE `user_id` = 17 LIMIT 1   [ RunTime:0.000000s ]
SQL: DESCRIBE fm_address [ RunTime:0.015600s ]
SQL: DELETE FROM `fm_address` WHERE `id` = 2 [ RunTime:0.000000s ]

[ 2015-03-23T15:29:11+08:00 ] 192.168.51.228 /Home/Manager/addAddress
INFO: [ app_begin ] --START--
INFO: Run Behavior\ReadHtmlCacheBehavior [ RunTime:0.000000s ]
INFO: [ app_begin ] --END-- [ RunTime:0.000000s ]
SQL: DESCRIBE fm_navigation [ RunTime:0.000000s ]
SQL: SELECT * FROM `fm_navigation` WHERE ( nav_type=1 ) ORDER BY nav_rank ASC,nav_id ASC  [ RunTime:0.000000s ]

[ 2015-03-23T15:30:31+08:00 ] 192.168.51.228 /Home/Manager/addAddress
INFO: [ app_begin ] --START--
INFO: Run Behavior\ReadHtmlCacheBehavior [ RunTime:0.000000s ]
INFO: [ app_begin ] --END-- [ RunTime:0.000000s ]
SQL: DESCRIBE fm_navigation [ RunTime:0.000000s ]
SQL: SELECT * FROM `fm_navigation` WHERE ( nav_type=1 ) ORDER BY nav_rank ASC,nav_id ASC  [ RunTime:0.000000s ]

[ 2015-03-23T15:31:01+08:00 ] 192.168.51.228 /Home/Manager/addAddress
INFO: [ app_begin ] --START--
INFO: Run Behavior\ReadHtmlCacheBehavior [ RunTime:0.000000s ]
INFO: [ app_begin ] --END-- [ RunTime:0.000000s ]
SQL: DESCRIBE fm_navigation [ RunTime:0.000000s ]
SQL: SELECT * FROM `fm_navigation` WHERE ( nav_type=1 ) ORDER BY nav_rank ASC,nav_id ASC  [ RunTime:0.000000s ]

[ 2015-03-23T15:32:05+08:00 ] 192.168.51.228 /Home/Manager/addAddress
INFO: [ app_begin ] --START--
INFO: Run Behavior\ReadHtmlCacheBehavior [ RunTime:0.000000s ]
INFO: [ app_begin ] --END-- [ RunTime:0.000000s ]
SQL: DESCRIBE fm_navigation [ RunTime:0.015600s ]
SQL: SELECT * FROM `fm_navigation` WHERE ( nav_type=1 ) ORDER BY nav_rank ASC,nav_id ASC  [ RunTime:0.000000s ]

[ 2015-03-23T15:32:31+08:00 ] 192.168.51.228 /Home/Manager/addAddress
INFO: [ app_begin ] --START--
INFO: Run Behavior\ReadHtmlCacheBehavior [ RunTime:0.000000s ]
INFO: [ app_begin ] --END-- [ RunTime:0.000000s ]
SQL: DESCRIBE fm_navigation [ RunTime:0.015600s ]
SQL: SELECT * FROM `fm_navigation` WHERE ( nav_type=1 ) ORDER BY nav_rank ASC,nav_id ASC  [ RunTime:0.000000s ]

[ 2015-03-23T15:34:14+08:00 ] 192.168.51.228 /Home/Manager/addAddress
INFO: [ app_begin ] --START--
INFO: Run Behavior\ReadHtmlCacheBehavior [ RunTime:0.000000s ]
INFO: [ app_begin ] --END-- [ RunTime:0.015600s ]
SQL: DESCRIBE fm_navigation [ RunTime:0.000000s ]
SQL: SELECT * FROM `fm_navigation` WHERE ( nav_type=1 ) ORDER BY nav_rank ASC,nav_id ASC  [ RunTime:0.000000s ]

[ 2015-03-23T15:35:52+08:00 ] 192.168.51.228 /Home/Manager/addAddress
INFO: [ app_begin ] --START--
INFO: Run Behavior\ReadHtmlCacheBehavior [ RunTime:0.000000s ]
INFO: [ app_begin ] --END-- [ RunTime:0.000000s ]
SQL: DESCRIBE fm_navigation [ RunTime:0.000000s ]
SQL: SELECT * FROM `fm_navigation` WHERE ( nav_type=1 ) ORDER BY nav_rank ASC,nav_id ASC  [ RunTime:0.000000s ]

[ 2015-03-23T15:35:55+08:00 ] 192.168.51.228 /Home/Manager/addAddress
INFO: [ app_begin ] --START--
INFO: Run Behavior\ReadHtmlCacheBehavior [ RunTime:0.000000s ]
INFO: [ app_begin ] --END-- [ RunTime:0.000000s ]
SQL: DESCRIBE fm_navigation [ RunTime:0.000000s ]
SQL: SELECT * FROM `fm_navigation` WHERE ( nav_type=1 ) ORDER BY nav_rank ASC,nav_id ASC  [ RunTime:0.015600s ]

[ 2015-03-23T15:40:38+08:00 ] 192.168.51.228 /Home/Manager/addAddress
INFO: [ app_begin ] --START--
INFO: Run Behavior\ReadHtmlCacheBehavior [ RunTime:0.015600s ]
INFO: [ app_begin ] --END-- [ RunTime:0.015600s ]
SQL: DESCRIBE fm_navigation [ RunTime:0.015600s ]
SQL: SELECT * FROM `fm_navigation` WHERE ( nav_type=1 ) ORDER BY nav_rank ASC,nav_id ASC  [ RunTime:0.000000s ]

[ 2015-03-23T15:44:02+08:00 ] 192.168.51.228 /Home/Manager/addAddress
INFO: [ app_begin ] --START--
INFO: Run Behavior\ReadHtmlCacheBehavior [ RunTime:0.000000s ]
INFO: [ app_begin ] --END-- [ RunTime:0.000000s ]
SQL: DESCRIBE fm_navigation [ RunTime:0.015601s ]
SQL: SELECT * FROM `fm_navigation` WHERE ( nav_type=1 ) ORDER BY nav_rank ASC,nav_id ASC  [ RunTime:0.000000s ]

[ 2015-03-23T15:44:33+08:00 ] 192.168.51.228 /Home/Manager/addAddress
INFO: [ app_begin ] --START--
INFO: Run Behavior\ReadHtmlCacheBehavior [ RunTime:0.015600s ]
INFO: [ app_begin ] --END-- [ RunTime:0.015600s ]
SQL: DESCRIBE fm_navigation [ RunTime:0.015600s ]
SQL: SELECT * FROM `fm_navigation` WHERE ( nav_type=1 ) ORDER BY nav_rank ASC,nav_id ASC  [ RunTime:0.000000s ]

[ 2015-03-23T15:45:04+08:00 ] 192.168.51.228 /Home/Manager/addAddress
INFO: [ app_begin ] --START--
INFO: Run Behavior\ReadHtmlCacheBehavior [ RunTime:0.000000s ]
INFO: [ app_begin ] --END-- [ RunTime:0.000000s ]
SQL: DESCRIBE fm_navigation [ RunTime:0.000000s ]
SQL: SELECT * FROM `fm_navigation` WHERE ( nav_type=1 ) ORDER BY nav_rank ASC,nav_id ASC  [ RunTime:0.000000s ]

[ 2015-03-23T15:46:43+08:00 ] 192.168.51.228 /Home/Manager/addAddress
INFO: [ app_begin ] --START--
INFO: Run Behavior\ReadHtmlCacheBehavior [ RunTime:0.015600s ]
INFO: [ app_begin ] --END-- [ RunTime:0.015600s ]
SQL: DESCRIBE fm_navigation [ RunTime:0.015600s ]
SQL: SELECT * FROM `fm_navigation` WHERE ( nav_type=1 ) ORDER BY nav_rank ASC,nav_id ASC  [ RunTime:0.000000s ]
SQL: DESCRIBE fm_user [ RunTime:0.015600s ]
SQL: SELECT * FROM `fm_user` WHERE `user_id` = 17 LIMIT 1   [ RunTime:0.000000s ]

[ 2015-03-23T15:47:50+08:00 ] 192.168.51.228 /Home/Manager/addAddress
INFO: [ app_begin ] --START--
INFO: Run Behavior\ReadHtmlCacheBehavior [ RunTime:0.000000s ]
INFO: [ app_begin ] --END-- [ RunTime:0.000000s ]
SQL: DESCRIBE fm_navigation [ RunTime:0.015600s ]
SQL: SELECT * FROM `fm_navigation` WHERE ( nav_type=1 ) ORDER BY nav_rank ASC,nav_id ASC  [ RunTime:0.000000s ]
SQL: DESCRIBE fm_user [ RunTime:0.015600s ]
SQL: SELECT * FROM `fm_user` WHERE `user_id` = 17 LIMIT 1   [ RunTime:0.000000s ]
SQL: DESCRIBE fm_address [ RunTime:0.000000s ]
SQL: INSERT INTO `fm_address` (`shr_name`,`shr_province`,`shr_city`,`shr_area`,`shr_address`,`shr_phone`) VALUES ('李德全','湖北省','武汉市','武昌区','华师','13164100890') [ RunTime:0.000000s ]

[ 2015-03-23T15:49:07+08:00 ] 192.168.51.228 /Home/Manager/deladdress
INFO: [ app_begin ] --START--
INFO: Run Behavior\ReadHtmlCacheBehavior [ RunTime:0.000000s ]
INFO: [ app_begin ] --END-- [ RunTime:0.000000s ]
SQL: DESCRIBE fm_navigation [ RunTime:0.000000s ]
SQL: SELECT * FROM `fm_navigation` WHERE ( nav_type=1 ) ORDER BY nav_rank ASC,nav_id ASC  [ RunTime:0.000000s ]
SQL: DESCRIBE fm_user [ RunTime:0.000000s ]
SQL: SELECT * FROM `fm_user` WHERE `user_id` = 17 LIMIT 1   [ RunTime:0.000000s ]
SQL: DESCRIBE fm_address [ RunTime:0.015600s ]
SQL: DELETE FROM `fm_address` WHERE `id` = 1 [ RunTime:0.000000s ]

[ 2015-03-23T15:50:06+08:00 ] 192.168.51.228 /Home/Manager/addAddress
INFO: [ app_begin ] --START--
INFO: Run Behavior\ReadHtmlCacheBehavior [ RunTime:0.000000s ]
INFO: [ app_begin ] --END-- [ RunTime:0.000000s ]
SQL: DESCRIBE fm_navigation [ RunTime:0.000000s ]
SQL: SELECT * FROM `fm_navigation` WHERE ( nav_type=1 ) ORDER BY nav_rank ASC,nav_id ASC  [ RunTime:0.000000s ]
SQL: DESCRIBE fm_user [ RunTime:0.000000s ]
SQL: SELECT * FROM `fm_user` WHERE `user_id` = 17 LIMIT 1   [ RunTime:0.000000s ]
SQL: DESCRIBE fm_address [ RunTime:0.000000s ]
SQL: INSERT INTO `fm_address` (`shr_name`,`shr_province`,`shr_city`,`shr_area`,`shr_address`,`shr_phone`,`member_id`) VALUES ('DQS','浙江省','杭州市','建德市','华师','13164010890',17) [ RunTime:0.000000s ]

[ 2015-03-23T15:50:10+08:00 ] 192.168.51.228 /Home/Manager/addAddress
INFO: [ app_begin ] --START--
INFO: Run Behavior\ReadHtmlCacheBehavior [ RunTime:0.000000s ]
INFO: [ app_begin ] --END-- [ RunTime:0.000000s ]
SQL: DESCRIBE fm_navigation [ RunTime:0.000000s ]
SQL: SELECT * FROM `fm_navigation` WHERE ( nav_type=1 ) ORDER BY nav_rank ASC,nav_id ASC  [ RunTime:0.000000s ]
SQL: DESCRIBE fm_user [ RunTime:0.015600s ]
SQL: SELECT * FROM `fm_user` WHERE `user_id` = 17 LIMIT 1   [ RunTime:0.000000s ]
SQL: DESCRIBE fm_address [ RunTime:0.015600s ]
SQL: INSERT INTO `fm_address` (`shr_name`,`shr_province`,`shr_city`,`shr_area`,`shr_address`,`shr_phone`,`member_id`) VALUES ('DQS','浙江省','杭州市','建德市','华师','13164010890',17) [ RunTime:0.000000s ]

[ 2015-03-23T15:50:18+08:00 ] 192.168.51.228 /Home/Manager/deladdress
INFO: [ app_begin ] --START--
INFO: Run Behavior\ReadHtmlCacheBehavior [ RunTime:0.000000s ]
INFO: [ app_begin ] --END-- [ RunTime:0.000000s ]
SQL: DESCRIBE fm_navigation [ RunTime:0.000000s ]
SQL: SELECT * FROM `fm_navigation` WHERE ( nav_type=1 ) ORDER BY nav_rank ASC,nav_id ASC  [ RunTime:0.000000s ]
SQL: DESCRIBE fm_user [ RunTime:0.015600s ]
SQL: SELECT * FROM `fm_user` WHERE `user_id` = 17 LIMIT 1   [ RunTime:0.000000s ]
SQL: DESCRIBE fm_address [ RunTime:0.015600s ]
SQL: DELETE FROM `fm_address` WHERE `id` = 7 [ RunTime:0.000000s ]

[ 2015-03-23T16:01:07+08:00 ] 192.168.51.228 /Home/Manager/addAddress
INFO: [ app_begin ] --START--
INFO: Run Behavior\ReadHtmlCacheBehavior [ RunTime:0.000000s ]
INFO: [ app_begin ] --END-- [ RunTime:0.000000s ]
SQL: DESCRIBE fm_navigation [ RunTime:0.015600s ]
SQL: SELECT * FROM `fm_navigation` WHERE ( nav_type=1 ) ORDER BY nav_rank ASC,nav_id ASC  [ RunTime:0.000000s ]
SQL: DESCRIBE fm_user [ RunTime:0.000000s ]
SQL: SELECT * FROM `fm_user` WHERE `user_id` = 17 LIMIT 1   [ RunTime:0.000000s ]
SQL: DESCRIBE fm_address [ RunTime:0.000000s ]
SQL: INSERT INTO `fm_address` (`shr_name`,`shr_province`,`shr_city`,`shr_area`,`shr_address`,`shr_phone`,`member_id`) VALUES ('PPS','福建省','厦门市','思明区',' 河南新乡',' 13164100890 ',17) [ RunTime:0.000000s ]

[ 2015-03-23T16:01:14+08:00 ] 192.168.51.228 /Home/Manager/addAddress
INFO: [ app_begin ] --START--
INFO: Run Behavior\ReadHtmlCacheBehavior [ RunTime:0.000000s ]
INFO: [ app_begin ] --END-- [ RunTime:0.000000s ]
SQL: DESCRIBE fm_navigation [ RunTime:0.000000s ]
SQL: SELECT * FROM `fm_navigation` WHERE ( nav_type=1 ) ORDER BY nav_rank ASC,nav_id ASC  [ RunTime:0.000000s ]
SQL: DESCRIBE fm_user [ RunTime:0.000000s ]
SQL: SELECT * FROM `fm_user` WHERE `user_id` = 17 LIMIT 1   [ RunTime:0.000000s ]
SQL: DESCRIBE fm_address [ RunTime:0.015600s ]
SQL: INSERT INTO `fm_address` (`shr_name`,`shr_province`,`shr_city`,`shr_area`,`shr_address`,`shr_phone`,`member_id`) VALUES ('PPS','福建省','厦门市','思明区',' 河南新乡',' 13164100890 ',17) [ RunTime:0.000000s ]

[ 2015-03-23T16:01:15+08:00 ] 192.168.51.228 /Home/Manager/addAddress
INFO: [ app_begin ] --START--
INFO: Run Behavior\ReadHtmlCacheBehavior [ RunTime:0.000000s ]
INFO: [ app_begin ] --END-- [ RunTime:0.000000s ]
SQL: DESCRIBE fm_navigation [ RunTime:0.000000s ]
SQL: SELECT * FROM `fm_navigation` WHERE ( nav_type=1 ) ORDER BY nav_rank ASC,nav_id ASC  [ RunTime:0.000000s ]
SQL: DESCRIBE fm_user [ RunTime:0.000000s ]
SQL: SELECT * FROM `fm_user` WHERE `user_id` = 17 LIMIT 1   [ RunTime:0.000000s ]
SQL: DESCRIBE fm_address [ RunTime:0.015600s ]
SQL: INSERT INTO `fm_address` (`shr_name`,`shr_province`,`shr_city`,`shr_area`,`shr_address`,`shr_phone`,`member_id`) VALUES ('PPS','福建省','厦门市','思明区',' 河南新乡',' 13164100890 ',17) [ RunTime:0.000000s ]

[ 2015-03-23T16:02:29+08:00 ] 192.168.51.228 /Home/Manager/addAddress
INFO: [ app_begin ] --START--
INFO: Run Behavior\ReadHtmlCacheBehavior [ RunTime:0.000000s ]
INFO: [ app_begin ] --END-- [ RunTime:0.000000s ]
SQL: DESCRIBE fm_navigation [ RunTime:0.000000s ]
SQL: SELECT * FROM `fm_navigation` WHERE ( nav_type=1 ) ORDER BY nav_rank ASC,nav_id ASC  [ RunTime:0.000000s ]
SQL: DESCRIBE fm_user [ RunTime:0.000000s ]
SQL: SELECT * FROM `fm_user` WHERE `user_id` = 17 LIMIT 1   [ RunTime:0.000000s ]
SQL: DESCRIBE fm_address [ RunTime:0.015600s ]
SQL: INSERT INTO `fm_address` (`shr_name`,`shr_province`,`shr_city`,`shr_area`,`shr_address`,`shr_phone`,`member_id`) VALUES ('PPS','福建省','厦门市','思明区',' 河南新乡',' 13164100890 ',17) [ RunTime:0.000000s ]

[ 2015-03-23T16:05:36+08:00 ] 192.168.51.228 /Home/Manager/modifyAddress
INFO: [ app_begin ] --START--
INFO: Run Behavior\ReadHtmlCacheBehavior [ RunTime:0.000000s ]
INFO: [ app_begin ] --END-- [ RunTime:0.000000s ]
SQL: DESCRIBE fm_navigation [ RunTime:0.000000s ]
SQL: SELECT * FROM `fm_navigation` WHERE ( nav_type=1 ) ORDER BY nav_rank ASC,nav_id ASC  [ RunTime:0.000000s ]
SQL: DESCRIBE fm_user [ RunTime:0.000000s ]
SQL: SELECT * FROM `fm_user` WHERE `user_id` = 17 LIMIT 1   [ RunTime:0.000000s ]
SQL: DESCRIBE fm_address [ RunTime:0.000000s ]
SQL: UPDATE `fm_address` SET `shr_name`='DQS',`shr_province`='浙江省',`shr_city`='温州市',`shr_area`='龙湾区',`shr_address`='  河南新乡',`shr_phone`=' 13164010890 ' WHERE ( id=8 ) [ RunTime:0.000000s ]

[ 2015-03-23T16:10:47+08:00 ] 192.168.51.228 /Home/Manager/modifyAddress
INFO: [ app_begin ] --START--
INFO: Run Behavior\ReadHtmlCacheBehavior [ RunTime:0.000000s ]
INFO: [ app_begin ] --END-- [ RunTime:0.000000s ]
SQL: DESCRIBE fm_navigation [ RunTime:0.000000s ]
SQL: SELECT * FROM `fm_navigation` WHERE ( nav_type=1 ) ORDER BY nav_rank ASC,nav_id ASC  [ RunTime:0.000000s ]
SQL: DESCRIBE fm_user [ RunTime:0.000000s ]
SQL: SELECT * FROM `fm_user` WHERE `user_id` = 17 LIMIT 1   [ RunTime:0.000000s ]
SQL: DESCRIBE fm_address [ RunTime:0.015600s ]
SQL: UPDATE `fm_address` SET `shr_name`='PPS',`shr_province`='福建省',`shr_city`='厦门市',`shr_area`='思明区',`shr_address`='华师',`shr_phone`='  13164100890  ' WHERE ( id=9 ) [ RunTime:0.000000s ]

[ 2015-03-23T16:11:43+08:00 ] 192.168.51.228 /Home/Manager/deladdress
INFO: [ app_begin ] --START--
INFO: Run Behavior\ReadHtmlCacheBehavior [ RunTime:0.000000s ]
INFO: [ app_begin ] --END-- [ RunTime:0.000000s ]
SQL: DESCRIBE fm_navigation [ RunTime:0.000000s ]
SQL: SELECT * FROM `fm_navigation` WHERE ( nav_type=1 ) ORDER BY nav_rank ASC,nav_id ASC  [ RunTime:0.000000s ]
SQL: DESCRIBE fm_user [ RunTime:0.000000s ]
SQL: SELECT * FROM `fm_user` WHERE `user_id` = 17 LIMIT 1   [ RunTime:0.000000s ]
SQL: DESCRIBE fm_address [ RunTime:0.000000s ]
SQL: DELETE FROM `fm_address` WHERE `id` = 9 [ RunTime:0.000000s ]

[ 2015-03-23T16:11:44+08:00 ] 192.168.51.228 /Home/Manager/deladdress
INFO: [ app_begin ] --START--
INFO: Run Behavior\ReadHtmlCacheBehavior [ RunTime:0.000000s ]
INFO: [ app_begin ] --END-- [ RunTime:0.000000s ]
SQL: DESCRIBE fm_navigation [ RunTime:0.000000s ]
SQL: SELECT * FROM `fm_navigation` WHERE ( nav_type=1 ) ORDER BY nav_rank ASC,nav_id ASC  [ RunTime:0.000000s ]
SQL: DESCRIBE fm_user [ RunTime:0.000000s ]
SQL: SELECT * FROM `fm_user` WHERE `user_id` = 17 LIMIT 1   [ RunTime:0.000000s ]
SQL: DESCRIBE fm_address [ RunTime:0.015600s ]
SQL: DELETE FROM `fm_address` WHERE `id` = 8 [ RunTime:0.000000s ]

[ 2015-03-23T16:11:45+08:00 ] 192.168.51.228 /Home/Manager/deladdress
INFO: [ app_begin ] --START--
INFO: Run Behavior\ReadHtmlCacheBehavior [ RunTime:0.015600s ]
INFO: [ app_begin ] --END-- [ RunTime:0.015600s ]
SQL: DESCRIBE fm_navigation [ RunTime:0.015600s ]
SQL: SELECT * FROM `fm_navigation` WHERE ( nav_type=1 ) ORDER BY nav_rank ASC,nav_id ASC  [ RunTime:0.000000s ]
SQL: DESCRIBE fm_user [ RunTime:0.015600s ]
SQL: SELECT * FROM `fm_user` WHERE `user_id` = 17 LIMIT 1   [ RunTime:0.000000s ]
SQL: DESCRIBE fm_address [ RunTime:0.000000s ]
SQL: DELETE FROM `fm_address` WHERE `id` = 6 [ RunTime:0.015600s ]

[ 2015-03-23T16:11:46+08:00 ] 192.168.51.228 /Home/Manager/deladdress
INFO: [ app_begin ] --START--
INFO: Run Behavior\ReadHtmlCacheBehavior [ RunTime:0.000000s ]
INFO: [ app_begin ] --END-- [ RunTime:0.000000s ]
SQL: DESCRIBE fm_navigation [ RunTime:0.015600s ]
SQL: SELECT * FROM `fm_navigation` WHERE ( nav_type=1 ) ORDER BY nav_rank ASC,nav_id ASC  [ RunTime:0.000000s ]
SQL: DESCRIBE fm_user [ RunTime:0.000000s ]
SQL: SELECT * FROM `fm_user` WHERE `user_id` = 17 LIMIT 1   [ RunTime:0.000000s ]
SQL: DESCRIBE fm_address [ RunTime:0.000000s ]
SQL: DELETE FROM `fm_address` WHERE `id` = 3 [ RunTime:0.000000s ]

[ 2015-03-23T17:01:10+08:00 ] 192.168.51.228 /Home/Manager/addAddress
INFO: [ app_begin ] --START--
INFO: Run Behavior\ReadHtmlCacheBehavior [ RunTime:0.000000s ]
INFO: [ app_begin ] --END-- [ RunTime:0.015600s ]
SQL: DESCRIBE fm_navigation [ RunTime:0.015600s ]
SQL: SELECT * FROM `fm_navigation` WHERE ( nav_type=1 ) ORDER BY nav_rank ASC,nav_id ASC  [ RunTime:0.000000s ]
SQL: DESCRIBE fm_user [ RunTime:0.000000s ]
SQL: SELECT * FROM `fm_user` WHERE `user_id` = 17 LIMIT 1   [ RunTime:0.000000s ]
SQL: DESCRIBE fm_address [ RunTime:0.000000s ]
SQL: INSERT INTO `fm_address` (`shr_name`,`shr_province`,`shr_city`,`shr_area`,`shr_address`,`shr_phone`,`member_id`) VALUES ('李德全','湖北省','武汉市','武昌区','华师','13164100890',17) [ RunTime:0.000000s ]

[ 2015-03-23T17:01:28+08:00 ] 192.168.51.228 /Home/Manager/modifyAddress
INFO: [ app_begin ] --START--
INFO: Run Behavior\ReadHtmlCacheBehavior [ RunTime:0.000000s ]
INFO: [ app_begin ] --END-- [ RunTime:0.000000s ]
SQL: DESCRIBE fm_navigation [ RunTime:0.000000s ]
SQL: SELECT * FROM `fm_navigation` WHERE ( nav_type=1 ) ORDER BY nav_rank ASC,nav_id ASC  [ RunTime:0.000000s ]
SQL: DESCRIBE fm_user [ RunTime:0.000000s ]
SQL: SELECT * FROM `fm_user` WHERE `user_id` = 17 LIMIT 1   [ RunTime:0.000000s ]
SQL: DESCRIBE fm_address [ RunTime:0.000000s ]
SQL: UPDATE `fm_address` SET `shr_name`='李德全',`shr_province`='湖北省',`shr_city`='武汉市',`shr_area`='江汉区',`shr_address`=' 华师',`shr_phone`=' 13164100890 ' WHERE ( id=13 ) [ RunTime:0.000000s ]

[ 2015-03-23T17:17:56+08:00 ] 192.168.51.228 /Home/Manager/modifyAddress
INFO: [ app_begin ] --START--
INFO: Run Behavior\ReadHtmlCacheBehavior [ RunTime:0.015600s ]
INFO: [ app_begin ] --END-- [ RunTime:0.015600s ]
SQL: DESCRIBE fm_navigation [ RunTime:0.015600s ]
SQL: SELECT * FROM `fm_navigation` WHERE ( nav_type=1 ) ORDER BY nav_rank ASC,nav_id ASC  [ RunTime:0.000000s ]

[ 2015-03-23T17:17:58+08:00 ] 192.168.51.228 /Home/Manager/modifyAddress
INFO: [ app_begin ] --START--
INFO: Run Behavior\ReadHtmlCacheBehavior [ RunTime:0.000000s ]
INFO: [ app_begin ] --END-- [ RunTime:0.000000s ]
SQL: DESCRIBE fm_navigation [ RunTime:0.015600s ]
SQL: SELECT * FROM `fm_navigation` WHERE ( nav_type=1 ) ORDER BY nav_rank ASC,nav_id ASC  [ RunTime:0.000000s ]

[ 2015-03-23T17:20:05+08:00 ] 192.168.51.228 /Home/Manager/modifyAddress
INFO: [ app_begin ] --START--
INFO: Run Behavior\ReadHtmlCacheBehavior [ RunTime:0.000000s ]
INFO: [ app_begin ] --END-- [ RunTime:0.000000s ]
SQL: DESCRIBE fm_navigation [ RunTime:0.015600s ]
SQL: SELECT * FROM `fm_navigation` WHERE ( nav_type=1 ) ORDER BY nav_rank ASC,nav_id ASC  [ RunTime:0.000000s ]

[ 2015-03-23T19:17:05+08:00 ] 192.168.51.228 /Home/Manager/modifyinfo
INFO: [ app_begin ] --START--
INFO: Run Behavior\ReadHtmlCacheBehavior [ RunTime:0.000000s ]
INFO: [ app_begin ] --END-- [ RunTime:0.000000s ]
SQL: DESCRIBE fm_navigation [ RunTime:0.000000s ]
SQL: SELECT * FROM `fm_navigation` WHERE ( nav_type=1 ) ORDER BY nav_rank ASC,nav_id ASC  [ RunTime:0.000000s ]

[ 2015-03-23T19:18:07+08:00 ] 192.168.51.228 /Home/Manager/modifyinfo
INFO: [ app_begin ] --START--
INFO: Run Behavior\ReadHtmlCacheBehavior [ RunTime:0.000000s ]
INFO: [ app_begin ] --END-- [ RunTime:0.000000s ]
SQL: DESCRIBE fm_navigation [ RunTime:0.000000s ]
SQL: SELECT * FROM `fm_navigation` WHERE ( nav_type=1 ) ORDER BY nav_rank ASC,nav_id ASC  [ RunTime:0.000000s ]

[ 2015-03-23T19:20:13+08:00 ] 192.168.51.228 /Home/Manager/modifyinfo
INFO: [ app_begin ] --START--
INFO: Run Behavior\ReadHtmlCacheBehavior [ RunTime:0.000000s ]
INFO: [ app_begin ] --END-- [ RunTime:0.000000s ]
SQL: DESCRIBE fm_navigation [ RunTime:0.000000s ]
SQL: SELECT * FROM `fm_navigation` WHERE ( nav_type=1 ) ORDER BY nav_rank ASC,nav_id ASC  [ RunTime:0.000000s ]

[ 2015-03-23T19:20:51+08:00 ] 192.168.51.228 /Home/Manager/modifyinfo
INFO: [ app_begin ] --START--
INFO: Run Behavior\ReadHtmlCacheBehavior [ RunTime:0.000000s ]
INFO: [ app_begin ] --END-- [ RunTime:0.000000s ]
SQL: DESCRIBE fm_navigation [ RunTime:0.000000s ]
SQL: SELECT * FROM `fm_navigation` WHERE ( nav_type=1 ) ORDER BY nav_rank ASC,nav_id ASC  [ RunTime:0.000000s ]

[ 2015-03-23T19:21:27+08:00 ] 192.168.51.228 /Home/User/modifyinfo
INFO: [ app_begin ] --START--
INFO: Run Behavior\ReadHtmlCacheBehavior [ RunTime:0.015600s ]
INFO: [ app_begin ] --END-- [ RunTime:0.015600s ]
SQL: DESCRIBE fm_navigation [ RunTime:0.000000s ]
SQL: SELECT * FROM `fm_navigation` WHERE ( nav_type=1 ) ORDER BY nav_rank ASC,nav_id ASC  [ RunTime:0.000000s ]
SQL: DESCRIBE fm_user [ RunTime:0.000000s ]
SQL: UPDATE `fm_user` SET `user_nickname`='泛米user',`user_tel`='13164100890',`user_id`=17 WHERE ( user_id=17 ) [ RunTime:0.015600s ]

