[ 2015-03-18T10:19:08+08:00 ] 192.168.51.228 /Home/Cart/addToCart
INFO: [ app_begin ] --START--
INFO: Run Behavior\ReadHtmlCacheBehavior [ RunTime:0.000000s ]
INFO: [ app_begin ] --END-- [ RunTime:0.000000s ]
SQL: DESCRIBE fm_navigation [ RunTime:0.015600s ]
SQL: SELECT * FROM `fm_navigation` WHERE ( nav_type=1 ) ORDER BY nav_rank ASC,nav_id ASC  [ RunTime:0.000000s ]

[ 2015-03-18T10:19:29+08:00 ] 192.168.51.228 /Home/Cart/addToCart
INFO: [ app_begin ] --START--
INFO: Run Behavior\ReadHtmlCacheBehavior [ RunTime:0.000000s ]
INFO: [ app_begin ] --END-- [ RunTime:0.000000s ]
SQL: DESCRIBE fm_navigation [ RunTime:0.015600s ]
SQL: SELECT * FROM `fm_navigation` WHERE ( nav_type=1 ) ORDER BY nav_rank ASC,nav_id ASC  [ RunTime:0.000000s ]

[ 2015-03-18T10:19:50+08:00 ] 192.168.51.228 /Home/Cart/addToCart
INFO: [ app_begin ] --START--
INFO: Run Behavior\ReadHtmlCacheBehavior [ RunTime:0.000000s ]
INFO: [ app_begin ] --END-- [ RunTime:0.000000s ]
SQL: DESCRIBE fm_navigation [ RunTime:0.000000s ]
SQL: SELECT * FROM `fm_navigation` WHERE ( nav_type=1 ) ORDER BY nav_rank ASC,nav_id ASC  [ RunTime:0.000000s ]

[ 2015-03-18T10:38:12+08:00 ] 192.168.51.228 /Home/Cart/addToCart
INFO: [ app_begin ] --START--
INFO: Run Behavior\ReadHtmlCacheBehavior [ RunTime:0.000000s ]
INFO: [ app_begin ] --END-- [ RunTime:0.000000s ]
SQL: DESCRIBE fm_navigation [ RunTime:0.000000s ]
SQL: SELECT * FROM `fm_navigation` WHERE ( nav_type=1 ) ORDER BY nav_rank ASC,nav_id ASC  [ RunTime:0.000000s ]

[ 2015-03-18T10:40:26+08:00 ] 192.168.51.228 /Home/Cart/addToCart
INFO: [ app_begin ] --START--
INFO: Run Behavior\ReadHtmlCacheBehavior [ RunTime:0.000000s ]
INFO: [ app_begin ] --END-- [ RunTime:0.000000s ]
SQL: DESCRIBE fm_navigation [ RunTime:0.000000s ]
SQL: SELECT * FROM `fm_navigation` WHERE ( nav_type=1 ) ORDER BY nav_rank ASC,nav_id ASC  [ RunTime:0.000000s ]

[ 2015-03-18T10:41:12+08:00 ] 192.168.51.228 /Home/Cart/addToCart
INFO: [ app_begin ] --START--
INFO: Run Behavior\ReadHtmlCacheBehavior [ RunTime:0.000000s ]
INFO: [ app_begin ] --END-- [ RunTime:0.000000s ]
SQL: DESCRIBE fm_navigation [ RunTime:0.000000s ]
SQL: SELECT * FROM `fm_navigation` WHERE ( nav_type=1 ) ORDER BY nav_rank ASC,nav_id ASC  [ RunTime:0.000000s ]

[ 2015-03-18T10:41:23+08:00 ] 192.168.51.228 /Home/Cart/addToCart
INFO: [ app_begin ] --START--
INFO: Run Behavior\ReadHtmlCacheBehavior [ RunTime:0.000000s ]
INFO: [ app_begin ] --END-- [ RunTime:0.000000s ]
SQL: DESCRIBE fm_navigation [ RunTime:0.000000s ]
SQL: SELECT * FROM `fm_navigation` WHERE ( nav_type=1 ) ORDER BY nav_rank ASC,nav_id ASC  [ RunTime:0.000000s ]

[ 2015-03-18T10:41:49+08:00 ] 192.168.51.228 /Home/Cart/addToCart
INFO: [ app_begin ] --START--
INFO: Run Behavior\ReadHtmlCacheBehavior [ RunTime:0.000000s ]
INFO: [ app_begin ] --END-- [ RunTime:0.000000s ]
SQL: DESCRIBE fm_navigation [ RunTime:0.000000s ]
SQL: SELECT * FROM `fm_navigation` WHERE ( nav_type=1 ) ORDER BY nav_rank ASC,nav_id ASC  [ RunTime:0.000000s ]

[ 2015-03-18T10:42:15+08:00 ] 192.168.51.228 /Home/Cart/addToCart
INFO: [ app_begin ] --START--
INFO: Run Behavior\ReadHtmlCacheBehavior [ RunTime:0.000000s ]
INFO: [ app_begin ] --END-- [ RunTime:0.000000s ]
SQL: DESCRIBE fm_navigation [ RunTime:0.000000s ]
SQL: SELECT * FROM `fm_navigation` WHERE ( nav_type=1 ) ORDER BY nav_rank ASC,nav_id ASC  [ RunTime:0.000000s ]

[ 2015-03-18T10:44:10+08:00 ] 192.168.51.228 /Home/Cart/addToCart
INFO: [ app_begin ] --START--
INFO: Run Behavior\ReadHtmlCacheBehavior [ RunTime:0.000000s ]
INFO: [ app_begin ] --END-- [ RunTime:0.000000s ]
SQL: DESCRIBE fm_navigation [ RunTime:0.000000s ]
SQL: SELECT * FROM `fm_navigation` WHERE ( nav_type=1 ) ORDER BY nav_rank ASC,nav_id ASC  [ RunTime:0.000000s ]

[ 2015-03-18T10:45:48+08:00 ] 192.168.51.228 /Home/Cart/addToCart
INFO: [ app_begin ] --START--
INFO: Run Behavior\ReadHtmlCacheBehavior [ RunTime:0.000000s ]
INFO: [ app_begin ] --END-- [ RunTime:0.000000s ]
SQL: DESCRIBE fm_navigation [ RunTime:0.000000s ]
SQL: SELECT * FROM `fm_navigation` WHERE ( nav_type=1 ) ORDER BY nav_rank ASC,nav_id ASC  [ RunTime:0.000000s ]

[ 2015-03-18T10:47:40+08:00 ] 192.168.51.228 /Home/Cart/addToCart
INFO: [ app_begin ] --START--
INFO: Run Behavior\ReadHtmlCacheBehavior [ RunTime:0.000000s ]
INFO: [ app_begin ] --END-- [ RunTime:0.000000s ]
SQL: DESCRIBE fm_navigation [ RunTime:0.015600s ]
SQL: SELECT * FROM `fm_navigation` WHERE ( nav_type=1 ) ORDER BY nav_rank ASC,nav_id ASC  [ RunTime:0.000000s ]

[ 2015-03-18T10:48:16+08:00 ] 192.168.51.228 /Home/Cart/addToCart
INFO: [ app_begin ] --START--
INFO: Run Behavior\ReadHtmlCacheBehavior [ RunTime:0.000000s ]
INFO: [ app_begin ] --END-- [ RunTime:0.000000s ]
SQL: DESCRIBE fm_navigation [ RunTime:0.000000s ]
SQL: SELECT * FROM `fm_navigation` WHERE ( nav_type=1 ) ORDER BY nav_rank ASC,nav_id ASC  [ RunTime:0.000000s ]

[ 2015-03-18T10:48:49+08:00 ] 192.168.51.228 /Home/Cart/addToCart
INFO: [ app_begin ] --START--
INFO: Run Behavior\ReadHtmlCacheBehavior [ RunTime:0.015600s ]
INFO: [ app_begin ] --END-- [ RunTime:0.015600s ]
SQL: DESCRIBE fm_navigation [ RunTime:0.015600s ]
SQL: SELECT * FROM `fm_navigation` WHERE ( nav_type=1 ) ORDER BY nav_rank ASC,nav_id ASC  [ RunTime:0.000000s ]

[ 2015-03-18T10:49:08+08:00 ] 192.168.51.228 /Home/Cart/addToCart
INFO: [ app_begin ] --START--
INFO: Run Behavior\ReadHtmlCacheBehavior [ RunTime:0.000000s ]
INFO: [ app_begin ] --END-- [ RunTime:0.000000s ]
SQL: DESCRIBE fm_navigation [ RunTime:0.000000s ]
SQL: SELECT * FROM `fm_navigation` WHERE ( nav_type=1 ) ORDER BY nav_rank ASC,nav_id ASC  [ RunTime:0.000000s ]

[ 2015-03-18T10:49:27+08:00 ] 192.168.51.228 /Home/Cart/addToCart
INFO: [ app_begin ] --START--
INFO: Run Behavior\ReadHtmlCacheBehavior [ RunTime:0.015600s ]
INFO: [ app_begin ] --END-- [ RunTime:0.015600s ]
SQL: DESCRIBE fm_navigation [ RunTime:0.015600s ]
SQL: SELECT * FROM `fm_navigation` WHERE ( nav_type=1 ) ORDER BY nav_rank ASC,nav_id ASC  [ RunTime:0.000000s ]

[ 2015-03-18T10:49:42+08:00 ] 192.168.51.228 /Home/Cart/addToCart
INFO: [ app_begin ] --START--
INFO: Run Behavior\ReadHtmlCacheBehavior [ RunTime:0.000000s ]
INFO: [ app_begin ] --END-- [ RunTime:0.000000s ]
SQL: DESCRIBE fm_navigation [ RunTime:0.000000s ]
SQL: SELECT * FROM `fm_navigation` WHERE ( nav_type=1 ) ORDER BY nav_rank ASC,nav_id ASC  [ RunTime:0.000000s ]

[ 2015-03-18T10:50:08+08:00 ] 192.168.51.228 /Home/Cart/addToCart
INFO: [ app_begin ] --START--
INFO: Run Behavior\ReadHtmlCacheBehavior [ RunTime:0.000000s ]
INFO: [ app_begin ] --END-- [ RunTime:0.000000s ]
SQL: DESCRIBE fm_navigation [ RunTime:0.000000s ]
SQL: SELECT * FROM `fm_navigation` WHERE ( nav_type=1 ) ORDER BY nav_rank ASC,nav_id ASC  [ RunTime:0.000000s ]

[ 2015-03-18T10:50:26+08:00 ] 192.168.51.228 /Home/Cart/addToCart
INFO: [ app_begin ] --START--
INFO: Run Behavior\ReadHtmlCacheBehavior [ RunTime:0.000000s ]
INFO: [ app_begin ] --END-- [ RunTime:0.000000s ]
SQL: DESCRIBE fm_navigation [ RunTime:0.000000s ]
SQL: SELECT * FROM `fm_navigation` WHERE ( nav_type=1 ) ORDER BY nav_rank ASC,nav_id ASC  [ RunTime:0.000000s ]

[ 2015-03-18T10:50:49+08:00 ] 192.168.51.228 /Home/Cart/addToCart
INFO: [ app_begin ] --START--
INFO: Run Behavior\ReadHtmlCacheBehavior [ RunTime:0.000000s ]
INFO: [ app_begin ] --END-- [ RunTime:0.000000s ]
SQL: DESCRIBE fm_navigation [ RunTime:0.015600s ]
SQL: SELECT * FROM `fm_navigation` WHERE ( nav_type=1 ) ORDER BY nav_rank ASC,nav_id ASC  [ RunTime:0.000000s ]

[ 2015-03-18T10:50:58+08:00 ] 192.168.51.228 /Home/Cart/addToCart
INFO: [ app_begin ] --START--
INFO: Run Behavior\ReadHtmlCacheBehavior [ RunTime:0.000000s ]
INFO: [ app_begin ] --END-- [ RunTime:0.000000s ]
SQL: DESCRIBE fm_navigation [ RunTime:0.000000s ]
SQL: SELECT * FROM `fm_navigation` WHERE ( nav_type=1 ) ORDER BY nav_rank ASC,nav_id ASC  [ RunTime:0.000000s ]

[ 2015-03-18T10:51:06+08:00 ] 192.168.51.228 /Home/Cart/addToCart
INFO: [ app_begin ] --START--
INFO: Run Behavior\ReadHtmlCacheBehavior [ RunTime:0.000000s ]
INFO: [ app_begin ] --END-- [ RunTime:0.000000s ]
SQL: DESCRIBE fm_navigation [ RunTime:0.000000s ]
SQL: SELECT * FROM `fm_navigation` WHERE ( nav_type=1 ) ORDER BY nav_rank ASC,nav_id ASC  [ RunTime:0.015600s ]

[ 2015-03-18T10:51:22+08:00 ] 192.168.51.228 /Home/Cart/addToCart
INFO: [ app_begin ] --START--
INFO: Run Behavior\ReadHtmlCacheBehavior [ RunTime:0.000000s ]
INFO: [ app_begin ] --END-- [ RunTime:0.000000s ]
SQL: DESCRIBE fm_navigation [ RunTime:0.000000s ]
SQL: SELECT * FROM `fm_navigation` WHERE ( nav_type=1 ) ORDER BY nav_rank ASC,nav_id ASC  [ RunTime:0.000000s ]

[ 2015-03-18T10:51:43+08:00 ] 192.168.51.228 /Home/Cart/addToCart
INFO: [ app_begin ] --START--
INFO: Run Behavior\ReadHtmlCacheBehavior [ RunTime:0.000000s ]
INFO: [ app_begin ] --END-- [ RunTime:0.000000s ]
SQL: DESCRIBE fm_navigation [ RunTime:0.015600s ]
SQL: SELECT * FROM `fm_navigation` WHERE ( nav_type=1 ) ORDER BY nav_rank ASC,nav_id ASC  [ RunTime:0.000000s ]

[ 2015-03-18T22:08:27+08:00 ] 192.168.51.228 /Home/Cart/addToCart
INFO: [ app_begin ] --START--
INFO: Run Behavior\ReadHtmlCacheBehavior [ RunTime:0.000000s ]
INFO: [ app_begin ] --END-- [ RunTime:0.000000s ]
SQL: DESCRIBE fm_navigation [ RunTime:0.000000s ]
SQL: SELECT * FROM `fm_navigation` WHERE ( nav_type=1 ) ORDER BY nav_rank ASC,nav_id ASC  [ RunTime:0.000000s ]

